\BOOKMARK [1][-]{section.1}{\376\377\000I\000n\000t\000r\000o\000d\000u\000c\000c\000i\000\363\000n}{}% 1
\BOOKMARK [1][-]{section.2}{\376\377\000O\000b\000j\000e\000t\000i\000v\000o}{}% 2
\BOOKMARK [1][-]{section.3}{\376\377\000E\000l\000e\000m\000e\000n\000t\000o\000s}{}% 3
\BOOKMARK [2][-]{subsection.3.1}{\376\377\000M\000o\000t\000o\000r}{section.3}% 4
\BOOKMARK [3][-]{subsubsection.3.1.1}{\376\377\000E\000s\000p\000e\000c\000i\000f\000i\000c\000a\000c\000i\000o\000n\000e\000s}{subsection.3.1}% 5
\BOOKMARK [2][-]{subsection.3.2}{\376\377\000V\000a\000r\000i\000a\000d\000o\000r\000\040\000d\000e\000\040\000v\000e\000l\000o\000c\000i\000d\000a\000d}{section.3}% 6
\BOOKMARK [3][-]{subsubsection.3.2.1}{\376\377\000E\000s\000p\000e\000c\000i\000f\000i\000c\000a\000c\000i\000o\000n\000e\000s}{subsection.3.2}% 7
\BOOKMARK [3][-]{subsubsection.3.2.2}{\376\377\000C\000o\000n\000f\000i\000g\000u\000r\000a\000c\000i\000\363\000n\000\040\000d\000e\000\040\000p\000a\000r\000\341\000m\000e\000t\000r\000o\000s\000\040\000p\000r\000i\000m\000a\000r\000i\000o\000s}{subsection.3.2}% 8
\BOOKMARK [3][-]{subsubsection.3.2.3}{\376\377\000C\000o\000n\000f\000i\000g\000u\000r\000a\000c\000i\000\363\000n\000\040\000d\000e\000\040\000c\000o\000m\000u\000n\000i\000c\000a\000c\000i\000\363\000n\000\040\000C\000A\000N\000o\000p\000e\000n}{subsection.3.2}% 9
\BOOKMARK [4][-]{paragraph.3.2.3.1}{\376\377\000R\000e\000g\000i\000s\000t\000r\000o\000s\000\040\000a\000\040\000u\000t\000i\000l\000i\000z\000a\000r}{subsubsection.3.2.3}% 10
\BOOKMARK [2][-]{subsection.3.3}{\376\377\000P\000L\000C}{section.3}% 11
\BOOKMARK [3][-]{subsubsection.3.3.1}{\376\377\000M\000\363\000d\000u\000l\000o\000s\000\040\000P\000L\000C\000\040\000M\0003\0004\0000}{subsection.3.3}% 12
\BOOKMARK [3][-]{subsubsection.3.3.2}{\376\377\000C\000o\000m\000u\000n\000i\000c\000a\000c\000i\000\363\000n}{subsection.3.3}% 13
\BOOKMARK [4][-]{paragraph.3.3.2.1}{\376\377\000C\000o\000n\000f\000i\000g\000u\000r\000a\000c\000i\000\363\000n\000\040\000C\000A\000N\000o\000p\000e\000n}{subsubsection.3.3.2}% 14
\BOOKMARK [4][-]{paragraph.3.3.2.2}{\376\377\000C\000o\000n\000f\000i\000g\000u\000r\000a\000c\000i\000\363\000n\000\040\000M\000o\000d\000b\000u\000s}{subsubsection.3.3.2}% 15
\BOOKMARK [3][-]{subsubsection.3.3.3}{\376\377\000P\000r\000o\000g\000r\000a\000m\000a\000c\000i\000\363\000n\000\040\000U\000n\000i\000t\000y\000\040\000P\000r\000o}{subsection.3.3}% 16
\BOOKMARK [4][-]{paragraph.3.3.3.1}{\376\377\000G\000u\000i\000a}{subsubsection.3.3.3}% 17
\BOOKMARK [4][-]{paragraph.3.3.3.2}{\376\377\000P\000r\000o\000g\000r\000a\000m\000a\000\040\000b\000\341\000s\000i\000c\000o}{subsubsection.3.3.3}% 18
\BOOKMARK [1][-]{section.4}{\376\377\000P\000r\000u\000e\000b\000a\000s}{}% 19
\BOOKMARK [2][-]{subsection.4.1}{\376\377\000V\000a\000r\000i\000a\000d\000o\000r\000-\000\040\000P\000L\000C}{section.4}% 20
\BOOKMARK [2][-]{subsection.4.2}{\376\377\000M\000o\000t\000o\000r\000-\000V\000a\000r\000i\000a\000d\000o\000r\000-\000\040\000P\000L\000C}{section.4}% 21
\BOOKMARK [2][-]{subsection.4.3}{\376\377\000V\000i\000s\000u\000a\000l\000i\000z\000a\000c\000i\000\363\000n\000\040\000d\000e\000\040\000r\000e\000g\000i\000s\000t\000r\000o\000s}{section.4}% 22
\BOOKMARK [1][-]{section.5}{\376\377\000H\000M\000I\000\040\000S\000C\000A\000D\000A}{}% 23
\BOOKMARK [2][-]{subsection.5.1}{\376\377\000M\000B\000E}{section.5}% 24
\BOOKMARK [2][-]{subsection.5.2}{\376\377\000i\000F\000i\000x}{section.5}% 25
\BOOKMARK [3][-]{subsubsection.5.2.1}{\376\377\000G\000u\000i\000a}{subsection.5.2}% 26
\BOOKMARK [3][-]{subsubsection.5.2.2}{\376\377\000P\000r\000o\000g\000r\000a\000m\000a}{subsection.5.2}% 27
\BOOKMARK [3][-]{subsubsection.5.2.3}{\376\377\000A\000l\000a\000r\000m\000a\000s\000-\000\040\000i\000H\000i\000s\000t\000o\000r\000i\000a\000n}{subsection.5.2}% 28
\BOOKMARK [1][-]{section.6}{\376\377\000B\000a\000n\000c\000o\000\040\000d\000e\000\040\000p\000r\000u\000e\000b\000a\000s}{}% 29
\BOOKMARK [2][-]{subsection.6.1}{\376\377\000C\000o\000n\000s\000t\000r\000u\000c\000c\000i\000\363\000n}{section.6}% 30
\BOOKMARK [2][-]{subsection.6.2}{\376\377\000P\000r\000e\000s\000u\000p\000u\000e\000s\000t\000o\040\023\000V\000a\000l\000o\000r\040\023\000C\000o\000s\000t\000o\000\040\000a\000\040\000t\000a\000l\000\040\000d\000\355\000a}{section.6}% 31
\BOOKMARK [1][-]{section.7}{\376\377\000C\000o\000n\000c\000l\000u\000s\000i\000o\000n\000e\000s}{}% 32
\BOOKMARK [1][-]{section.8}{\376\377\000B\000i\000b\000l\000i\000o\000g\000r\000a\000f\000\355\000a}{}% 33
\BOOKMARK [1][-]{section.9}{\376\377\000A\000n\000e\000x\000o\000s}{}% 34
