This is pdfTeX, Version 3.141592653-2.6-1.40.22 (MiKTeX 21.2) (preloaded format=pdflatex 2021.3.5)  8 MAR 2021 17:35
entering extended mode
**d:/Users/Cristian-PC/Documents/Repositorios/LatexDC/Automa/automa.tex
(d:/Users/Cristian-PC/Documents/Repositorios/LatexDC/Automa/automa.tex
LaTeX2e <2020-10-01> patch level 4
L3 programming layer <2021-02-18> xparse <2020-03-03> (D:\Program Files\MiKTeX\tex/latex/base\article.cls
Document Class: article 2020/04/10 v1.4m Standard LaTeX document class
(D:\Program Files\MiKTeX\tex/latex/base\size12.clo
File: size12.clo 2020/04/10 v1.4m Standard LaTeX file (size option)
)
\c@part=\count179
\c@section=\count180
\c@subsection=\count181
\c@subsubsection=\count182
\c@paragraph=\count183
\c@subparagraph=\count184
\c@figure=\count185
\c@table=\count186
\abovecaptionskip=\skip47
\belowcaptionskip=\skip48
\bibindent=\dimen138
) (D:\Program Files\MiKTeX\tex/latex/base\inputenc.sty
Package: inputenc 2020/08/01 v1.3d Input encoding file
\inpenc@prehook=\toks15
\inpenc@posthook=\toks16
) (D:\Program Files\MiKTeX\tex/latex/base\fontenc.sty
Package: fontenc 2020/08/10 v2.0s Standard LaTeX package
) (D:\Program Files\MiKTeX\tex/latex/comment\comment.sty
\CommentStream=\write3
 Excluding comment 'comment') (D:\Program Files\MiKTeX\tex/generic/babel\babel.sty
Package: babel 2021/02/22 3.54 The Babel package
 (D:\Program Files\MiKTeX\tex/generic/babel\babel.def
File: babel.def 2021/02/22 3.54 Babel common definitions
\babel@savecnt=\count187
\U@D=\dimen139
\l@babelnohyphens=\language79
 (D:\Program Files\MiKTeX\tex/generic/babel\txtbabel.def)
\bbl@readstream=\read2
)
\bbl@dirlevel=\count188

*************************************
* Local config file bblopts.cfg used
*
(D:\Program Files\MiKTeX\tex/latex/arabi\bblopts.cfg
File: bblopts.cfg 2005/09/08 v0.1 add Arabic and Farsi to "declared" options of babel
) (D:\Program Files\MiKTeX\tex/latex/babel-spanish\spanish.ldf
Language: spanish.ldf 2016/03/03 v5.0p Spanish support from the babel system
\es@quottoks=\toks17
\es@quotdepth=\count189
Package babel Info: Making " an active character on input line 561.
Package babel Info: Making . an active character on input line 662.
Package babel Info: Making < an active character on input line 707.
Package babel Info: Making > an active character on input line 707.
)) (D:\Program Files\MiKTeX\tex/latex/amsmath\amsmath.sty
Package: amsmath 2020/09/23 v2.17i AMS math features
\@mathmargin=\skip49

For additional information on amsmath, use the `?' option.
(D:\Program Files\MiKTeX\tex/latex/amsmath\amstext.sty
Package: amstext 2000/06/29 v2.01 AMS text
 (D:\Program Files\MiKTeX\tex/latex/amsmath\amsgen.sty
File: amsgen.sty 1999/11/30 v2.0 generic functions
\@emptytoks=\toks18
\ex@=\dimen140
)) (D:\Program Files\MiKTeX\tex/latex/amsmath\amsbsy.sty
Package: amsbsy 1999/11/29 v1.2d Bold Symbols
\pmbraise@=\dimen141
) (D:\Program Files\MiKTeX\tex/latex/amsmath\amsopn.sty
Package: amsopn 2016/03/08 v2.02 operator names
)
\inf@bad=\count190
LaTeX Info: Redefining \frac on input line 234.
\uproot@=\count191
\leftroot@=\count192
LaTeX Info: Redefining \overline on input line 399.
\classnum@=\count193
\DOTSCASE@=\count194
LaTeX Info: Redefining \ldots on input line 496.
LaTeX Info: Redefining \dots on input line 499.
LaTeX Info: Redefining \cdots on input line 620.
\Mathstrutbox@=\box47
\strutbox@=\box48
\big@size=\dimen142
LaTeX Font Info:    Redeclaring font encoding OML on input line 743.
LaTeX Font Info:    Redeclaring font encoding OMS on input line 744.
\macc@depth=\count195
\c@MaxMatrixCols=\count196
\dotsspace@=\muskip16
\c@parentequation=\count197
\dspbrk@lvl=\count198
\tag@help=\toks19
\row@=\count199
\column@=\count266
\maxfields@=\count267
\andhelp@=\toks20
\eqnshift@=\dimen143
\alignsep@=\dimen144
\tagshift@=\dimen145
\tagwidth@=\dimen146
\totwidth@=\dimen147
\lineht@=\dimen148
\@envbody=\toks21
\multlinegap=\skip50
\multlinetaggap=\skip51
\mathdisplay@stack=\toks22
LaTeX Info: Redefining \[ on input line 2923.
LaTeX Info: Redefining \] on input line 2924.
) (D:\Program Files\MiKTeX\tex/latex/amsfonts\amsfonts.sty
Package: amsfonts 2013/01/14 v3.01 Basic AMSFonts support
\symAMSa=\mathgroup4
\symAMSb=\mathgroup5
LaTeX Font Info:    Redeclaring math symbol \hbar on input line 98.
LaTeX Font Info:    Overwriting math alphabet `\mathfrak' in version `bold'
(Font)                  U/euf/m/n --> U/euf/b/n on input line 106.
) (D:\Program Files\MiKTeX\tex/latex/amsfonts\amssymb.sty
Package: amssymb 2013/01/14 v3.01 AMS font symbols
) (D:\Program Files\MiKTeX\tex/latex/graphics\graphicx.sty
Package: graphicx 2020/09/09 v1.2b Enhanced LaTeX Graphics (DPC,SPQR)
 (D:\Program Files\MiKTeX\tex/latex/graphics\keyval.sty
Package: keyval 2014/10/28 v1.15 key=value parser (DPC)
\KV@toks@=\toks23
) (D:\Program Files\MiKTeX\tex/latex/graphics\graphics.sty
Package: graphics 2020/08/30 v1.4c Standard LaTeX Graphics (DPC,SPQR)
 (D:\Program Files\MiKTeX\tex/latex/graphics\trig.sty
Package: trig 2016/01/03 v1.10 sin cos tan (DPC)
) (D:\Program Files\MiKTeX\tex/latex/graphics-cfg\graphics.cfg
File: graphics.cfg 2016/06/04 v1.11 sample graphics configuration
)
Package graphics Info: Driver file: pdftex.def on input line 105.
 (D:\Program Files\MiKTeX\tex/latex/graphics-def\pdftex.def
File: pdftex.def 2020/10/05 v1.2a Graphics/color driver for pdftex
))
\Gin@req@height=\dimen149
\Gin@req@width=\dimen150
) (D:\Program Files\MiKTeX\tex/latex/float\float.sty
Package: float 2001/11/08 v1.3d Float enhancements (AL)
\c@float@type=\count268
\float@exts=\toks24
\float@box=\box49
\@float@everytoks=\toks25
\@floatcapt=\box50
) (D:\Program Files\MiKTeX\tex/latex/psnfss\mathpazo.sty
Package: mathpazo 2020/03/25 PSNFSS-v9.3 Palatino w/ Pazo Math (D.Puga, WaS) 
\symupright=\mathgroup6
) (D:\Program Files\MiKTeX\tex/latex/geometry\geometry.sty
Package: geometry 2020/01/02 v5.9 Page Geometry
 (D:\Program Files\MiKTeX\tex/generic/iftex\ifvtex.sty
Package: ifvtex 2019/10/25 v1.7 ifvtex legacy package. Use iftex instead.
 (D:\Program Files\MiKTeX\tex/generic/iftex\iftex.sty
Package: iftex 2020/03/06 v1.0d TeX engine tests
))
\Gm@cnth=\count269
\Gm@cntv=\count270
\c@Gm@tempcnt=\count271
\Gm@bindingoffset=\dimen151
\Gm@wd@mp=\dimen152
\Gm@odd@mp=\dimen153
\Gm@even@mp=\dimen154
\Gm@layoutwidth=\dimen155
\Gm@layoutheight=\dimen156
\Gm@layouthoffset=\dimen157
\Gm@layoutvoffset=\dimen158
\Gm@dimlist=\toks26
 (D:\Program Files\MiKTeX\tex/latex/geometry\geometry.cfg))
LaTeX Font Info:    Trying to load font information for T1+ppl on input line 19.
 (D:\Program Files\MiKTeX\tex/latex/psnfss\t1ppl.fd
File: t1ppl.fd 2001/06/04 font definitions for T1/ppl.
) (D:\Program Files\MiKTeX\tex/latex/l3backend\l3backend-pdftex.def
File: l3backend-pdftex.def 2021-03-02 L3 backend support: PDF output (pdfTeX)
\l__color_backend_stack_int=\count272
\l__pdf_internal_box=\box51
) (d:/Users\Cristian-PC\Documents\Repositorios\LatexDC\Automa\build\automa.aux
LaTeX Info: Redefining \. on input line 8.
LaTeX Info: Redefining \% on input line 8.
)
\openout1 = `automa.aux'.

LaTeX Font Info:    Checking defaults for OML/cmm/m/it on input line 19.
LaTeX Font Info:    ... okay on input line 19.
LaTeX Font Info:    Checking defaults for OMS/cmsy/m/n on input line 19.
LaTeX Font Info:    ... okay on input line 19.
LaTeX Font Info:    Checking defaults for OT1/cmr/m/n on input line 19.
LaTeX Font Info:    ... okay on input line 19.
LaTeX Font Info:    Checking defaults for T1/cmr/m/n on input line 19.
LaTeX Font Info:    ... okay on input line 19.
LaTeX Font Info:    Checking defaults for TS1/cmr/m/n on input line 19.
LaTeX Font Info:    ... okay on input line 19.
LaTeX Font Info:    Checking defaults for OMX/cmex/m/n on input line 19.
LaTeX Font Info:    ... okay on input line 19.
LaTeX Font Info:    Checking defaults for U/cmr/m/n on input line 19.
LaTeX Font Info:    ... okay on input line 19.
LaTeX Info: Redefining \. on input line 19.
LaTeX Info: Redefining \% on input line 19.
 (D:\Program Files\MiKTeX\tex/context/base/mkii\supp-pdf.mkii
[Loading MPS to PDF converter (version 2006.09.02).]
\scratchcounter=\count273
\scratchdimen=\dimen159
\scratchbox=\box52
\nofMPsegments=\count274
\nofMParguments=\count275
\everyMPshowfont=\toks27
\MPscratchCnt=\count276
\MPscratchDim=\dimen160
\MPnumerator=\count277
\makeMPintoPDFobject=\count278
\everyMPtoPDFconversion=\toks28
) (D:\Program Files\MiKTeX\tex/latex/epstopdf-pkg\epstopdf-base.sty
Package: epstopdf-base 2020-01-24 v2.11 Base part for package epstopdf
Package epstopdf-base Info: Redefining graphics rule for `.eps' on input line 485.
)
*geometry* driver: auto-detecting
*geometry* detected driver: pdftex
*geometry* verbose mode - [ preamble ] result:
* driver: pdftex
* paper: a4paper
* layout: <same size as paper>
* layoutoffset:(h,v)=(0.0pt,0.0pt)
* modes: 
* h-part:(L,W,R)=(71.13188pt, 455.24411pt, 71.13188pt)
* v-part:(T,H,B)=(42.67912pt, 759.6886pt, 42.67912pt)
* \paperwidth=597.50787pt
* \paperheight=845.04684pt
* \textwidth=455.24411pt
* \textheight=759.6886pt
* \oddsidemargin=-1.1381pt
* \evensidemargin=-1.1381pt
* \topmargin=-66.59087pt
* \headheight=12.0pt
* \headsep=25.0pt
* \topskip=12.0pt
* \footskip=30.0pt
* \marginparwidth=35.0pt
* \marginparsep=10.0pt
* \columnsep=10.0pt
* \skip\footins=10.8pt plus 4.0pt minus 2.0pt
* \hoffset=0.0pt
* \voffset=0.0pt
* \mag=1000
* \@twocolumnfalse
* \@twosidefalse
* \@mparswitchfalse
* \@reversemarginfalse
* (1in=72.27pt=25.4mm, 1cm=28.453pt)

LaTeX Font Info:    Trying to load font information for OT1+ppl on input line 36.
(D:\Program Files\MiKTeX\tex/latex/psnfss\ot1ppl.fd
File: ot1ppl.fd 2001/06/04 font definitions for OT1/ppl.
)
LaTeX Font Info:    Trying to load font information for OML+zplm on input line 36.
 (D:\Program Files\MiKTeX\tex/latex/psnfss\omlzplm.fd
File: omlzplm.fd 2002/09/08 Fontinst v1.914 font definitions for OML/zplm.
)
LaTeX Font Info:    Trying to load font information for OMS+zplm on input line 36.
 (D:\Program Files\MiKTeX\tex/latex/psnfss\omszplm.fd
File: omszplm.fd 2002/09/08 Fontinst v1.914 font definitions for OMS/zplm.
)
LaTeX Font Info:    Trying to load font information for OMX+zplm on input line 36.
 (D:\Program Files\MiKTeX\tex/latex/psnfss\omxzplm.fd
File: omxzplm.fd 2002/09/08 Fontinst v1.914 font definitions for OMX/zplm.
)
LaTeX Font Info:    Font shape `U/msa/m/n' will be
(Font)              scaled to size 25.92514pt on input line 36.
LaTeX Font Info:    Font shape `U/msa/m/n' will be
(Font)              scaled to size 21.61124pt on input line 36.
LaTeX Font Info:    Font shape `U/msa/m/n' will be
(Font)              scaled to size 15.0049pt on input line 36.
LaTeX Font Info:    Font shape `U/msb/m/n' will be
(Font)              scaled to size 25.92514pt on input line 36.
LaTeX Font Info:    Font shape `U/msb/m/n' will be
(Font)              scaled to size 21.61124pt on input line 36.
LaTeX Font Info:    Font shape `U/msb/m/n' will be
(Font)              scaled to size 15.0049pt on input line 36.
LaTeX Font Info:    Trying to load font information for OT1+zplm on input line 36.
 (D:\Program Files\MiKTeX\tex/latex/psnfss\ot1zplm.fd
File: ot1zplm.fd 2002/09/08 Fontinst v1.914 font definitions for OT1/zplm.
)
<images//unpsjb.png, id=1, 1048.91875pt x 1048.91875pt>
File: images//unpsjb.png Graphic file (type png)
<use images//unpsjb.png>
Package pdftex.def Info: images//unpsjb.png  used on input line 48.
(pdftex.def)             Requested size: 91.04742pt x 91.03752pt.
 [1

{C:/Users/quich/AppData/Local/MiKTeX/pdftex/config/pdftex.map} <./images//unpsjb.png>] (d:/Users\Cristian-PC\Documents\Repositorios\LatexDC\Automa\build\automa.toc
LaTeX Info: Redefining \. on input line 1.
LaTeX Info: Redefining \% on input line 1.
LaTeX Font Info:    Font shape `U/msa/m/n' will be
(Font)              scaled to size 12.50409pt on input line 5.
LaTeX Font Info:    Font shape `U/msa/m/n' will be
(Font)              scaled to size 9.37807pt on input line 5.
LaTeX Font Info:    Font shape `U/msa/m/n' will be
(Font)              scaled to size 7.29405pt on input line 5.
LaTeX Font Info:    Font shape `U/msb/m/n' will be
(Font)              scaled to size 12.50409pt on input line 5.
LaTeX Font Info:    Font shape `U/msb/m/n' will be
(Font)              scaled to size 9.37807pt on input line 5.
LaTeX Font Info:    Font shape `U/msb/m/n' will be
(Font)              scaled to size 7.29405pt on input line 5.
)
\tf@toc=\write4
\openout4 = `automa.toc'.

 [1] (d:/Users\Cristian-PC\Documents\Repositorios\LatexDC\Automa\build\automa.lof
LaTeX Info: Redefining \. on input line 1.
LaTeX Info: Redefining \% on input line 1.
)
\tf@lof=\write5
\openout5 = `automa.lof'.

 [2] (secciones/Introduccion.tex [3]) (Secciones/Objetivo.tex [4]) (Secciones/Motor.tex
Package epstopdf Info: Source file: <images//motor.eps>
(epstopdf)                    date: 2021-03-08 17:28:37
(epstopdf)                    size: 143369 bytes
(epstopdf)             Output file: <images//motor-eps-converted-to.pdf>
(epstopdf)                    date: 2021-03-08 17:28:37
(epstopdf)                    size: 109864 bytes
(epstopdf)             Command: <epstopdf --outfile=images//motor-eps-converted-to.pdf images//motor.eps>
(epstopdf)             \includegraphics on input line 16.
Package epstopdf Info: Output file is already uptodate.


pdfTeX warning: pdflatex (file ./images//motor-eps-converted-to.pdf): PDF inclusion: found PDF version <1.7>, but at most version <1.5> allowed
<images//motor-eps-converted-to.pdf, id=23, 583.17876pt x 436.63126pt>
File: images//motor-eps-converted-to.pdf Graphic file (type pdf)
<use images//motor-eps-converted-to.pdf>
Package pdftex.def Info: images//motor-eps-converted-to.pdf  used on input line 16.
(pdftex.def)             Requested size: 233.26736pt x 174.6494pt.
[5 <./images//motor-eps-converted-to.pdf>]) (Secciones/Variador.tex
Package epstopdf Info: Source file: <images//variador.eps>
(epstopdf)                    date: 2021-03-08 17:28:37
(epstopdf)                    size: 57630 bytes
(epstopdf)             Output file: <images//variador-eps-converted-to.pdf>
(epstopdf)                    date: 2021-03-08 17:28:37
(epstopdf)                    size: 44596 bytes
(epstopdf)             Command: <epstopdf --outfile=images//variador-eps-converted-to.pdf images//variador.eps>
(epstopdf)             \includegraphics on input line 14.
Package epstopdf Info: Output file is already uptodate.


pdfTeX warning: pdflatex (file ./images//variador-eps-converted-to.pdf): PDF inclusion: found PDF version <1.7>, but at most version <1.5> allowed
<images//variador-eps-converted-to.pdf, id=30, 281.05pt x 406.51875pt>
File: images//variador-eps-converted-to.pdf Graphic file (type pdf)
<use images//variador-eps-converted-to.pdf>
Package pdftex.def Info: images//variador-eps-converted-to.pdf  used on input line 14.
(pdftex.def)             Requested size: 112.418pt x 162.60461pt.
Package epstopdf Info: Source file: <images//ver2.eps>
(epstopdf)                    date: 2021-03-08 17:28:37
(epstopdf)                    size: 47445 bytes
(epstopdf)             Output file: <images//ver2-eps-converted-to.pdf>
(epstopdf)                    date: 2021-03-08 17:28:37
(epstopdf)                    size: 19034 bytes
(epstopdf)             Command: <epstopdf --outfile=images//ver2-eps-converted-to.pdf images//ver2.eps>
(epstopdf)             \includegraphics on input line 25.
Package epstopdf Info: Output file is already uptodate.


pdfTeX warning: pdflatex (file ./images//ver2-eps-converted-to.pdf): PDF inclusion: found PDF version <1.7>, but at most version <1.5> allowed
<images//ver2-eps-converted-to.pdf, id=31, 507.8975pt x 173.64874pt>
File: images//ver2-eps-converted-to.pdf Graphic file (type pdf)
<use images//ver2-eps-converted-to.pdf>
Package pdftex.def Info: images//ver2-eps-converted-to.pdf  used on input line 25.
(pdftex.def)             Requested size: 253.94814pt x 86.82416pt.
Package epstopdf Info: Source file: <images//ver1.eps>
(epstopdf)                    date: 2021-03-08 17:28:37
(epstopdf)                    size: 36603 bytes
(epstopdf)             Output file: <images//ver1-eps-converted-to.pdf>
(epstopdf)                    date: 2021-03-08 17:28:37
(epstopdf)                    size: 14851 bytes
(epstopdf)             Command: <epstopdf --outfile=images//ver1-eps-converted-to.pdf images//ver1.eps>
(epstopdf)             \includegraphics on input line 32.
Package epstopdf Info: Output file is already uptodate.


pdfTeX warning: pdflatex (file ./images//ver1-eps-converted-to.pdf): PDF inclusion: found PDF version <1.7>, but at most version <1.5> allowed
<images//ver1-eps-converted-to.pdf, id=32, 207.77625pt x 95.35625pt>
File: images//ver1-eps-converted-to.pdf Graphic file (type pdf)
<use images//ver1-eps-converted-to.pdf>
Package pdftex.def Info: images//ver1-eps-converted-to.pdf  used on input line 32.
(pdftex.def)             Requested size: 207.77573pt x 95.356pt.
[6 <./images//variador-eps-converted-to.pdf> <./images//ver2-eps-converted-to.pdf>] [7 <./images//ver1-eps-converted-to.pdf>]) (Secciones/PLC.tex
<images//comu.png, id=64, 673.01437pt x 281.55188pt>
File: images//comu.png Graphic file (type png)
<use images//comu.png>
Package pdftex.def Info: images//comu.png  used on input line 6.
(pdftex.def)             Requested size: 471.10684pt x 197.08496pt.

Overfull \hbox (15.86273pt too wide) in paragraph at lines 6--9
 [][] 
 []

[8 <./images//comu.png>]) (Secciones/Banco.tex [9]) (Secciones/Comunicacion.tex
<images//HMIej.png, id=72, 259.97125pt x 195.73125pt>
File: images//HMIej.png Graphic file (type png)
<use images//HMIej.png>
Package pdftex.def Info: images//HMIej.png  used on input line 19.
(pdftex.def)             Requested size: 259.97061pt x 195.73076pt.
 [10 <./images//HMIej.png>]) (Secciones/Conclusion.tex [11]) (Secciones/Anexo.tex [12]) (d:/Users\Cristian-PC\Documents\Repositorios\LatexDC\Automa\build\automa.aux
LaTeX Info: Redefining \. on input line 8.
LaTeX Info: Redefining \% on input line 8.
) ) 
Here is how much of TeX's memory you used:
 4630 strings out of 479334
 63097 string characters out of 2866961
 373889 words of memory out of 3000000
 21964 multiletter control sequences out of 15000+200000
 444126 words of font info for 100 fonts, out of 3000000 for 9000
 1141 hyphenation exceptions out of 8191
 68i,6n,74p,1596b,363s stack positions out of 5000i,500n,10000p,200000b,50000s
{D:/Program Files/MiKTeX/fonts/enc/dvips/base/8r.enc}<D:/Program Files/MiKTeX/fonts/type1/urw/palatino/uplb8a.pfb><D:/Program Files/MiKTeX/fonts/type1/urw/palatino/uplbi8a.pfb><D:/Program Files/MiKTeX/fonts/type1/urw/palatino/uplr8a.pfb><D:/Program Files/MiKTeX/fonts/type1/urw/palatino/uplr8a.pfb>
Output written on d:/Users\Cristian-PC\Documents\Repositorios\LatexDC\Automa\build\automa.pdf (13 pages, 685251 bytes).
PDF statistics:
 99 PDF objects out of 1000 (max. 8388607)
 0 named destinations out of 1000 (max. 500000)
 36 words of extra memory for PDF output out of 10000 (max. 10000000)

