\BOOKMARK [1][-]{section.1}{\376\377\000I\000n\000t\000r\000o\000d\000u\000c\000c\000i\000\363\000n}{}% 1
\BOOKMARK [1][-]{section.2}{\376\377\000O\000b\000j\000e\000t\000i\000v\000o}{}% 2
\BOOKMARK [1][-]{section.3}{\376\377\000T\000\372\000n\000e\000l\000\040\000A\000e\000r\000o\000d\000i\000n\000\341\000m\000i\000c\000o}{}% 3
\BOOKMARK [2][-]{subsection.3.1}{\376\377\000D\000e\000f\000i\000n\000i\000c\000i\000\363\000n}{section.3}% 4
\BOOKMARK [2][-]{subsection.3.2}{\376\377\000C\000l\000a\000s\000i\000f\000i\000c\000a\000c\000i\000\363\000n}{section.3}% 5
\BOOKMARK [2][-]{subsection.3.3}{\376\377\000T\000\372\000n\000e\000l\000\040\000U\000N\000P\000S\000J\000B}{section.3}% 6
\BOOKMARK [3][-]{subsubsection.3.3.1}{\376\377\000H\000i\000s\000t\000o\000r\000i\000a}{subsection.3.3}% 7
\BOOKMARK [3][-]{subsubsection.3.3.2}{\376\377\000M\000o\000t\000o\000r\000\040\000y\000\040\000V\000a\000r\000i\000a\000d\000o\000r\000\040\000d\000e\000\040\000v\000e\000l\000o\000c\000i\000d\000a\000d}{subsection.3.3}% 8
\BOOKMARK [3][-]{subsubsection.3.3.3}{\376\377\000I\000n\000s\000t\000r\000u\000m\000e\000n\000t\000a\000c\000i\000\363\000n}{subsection.3.3}% 9
\BOOKMARK [1][-]{section.4}{\376\377\000E\000c\000u\000a\000c\000i\000\363\000n\000\040\000v\000e\000l\000o\000c\000i\000d\000a\000d\000\040\000d\000e\000l\000\040\000a\000i\000r\000e}{}% 10
\BOOKMARK [1][-]{section.5}{\376\377\000P\000r\000u\000e\000b\000a\000s\000\040\000i\000n\000i\000c\000i\000a\000l\000e\000s}{}% 11
\BOOKMARK [2][-]{subsubsection.5.0.1}{\376\377\000D\000i\000r\000e\000c\000c\000i\000o\000n\000e\000s\000\040\000I\0002\000C}{section.5}% 12
\BOOKMARK [3][-]{subsubsection.5.0.2}{\376\377\000C\000o\000m\000p\000a\000r\000a\000c\000i\000\363\000n\000\040\000d\000e\000\040\000d\000e\000n\000s\000i\000d\000a\000d\000e\000s}{subsubsection.5.0.1}% 13
\BOOKMARK [2][-]{subsection.5.1}{\376\377\000C\000a\000r\000a\000c\000t\000e\000r\000\355\000s\000t\000i\000c\000a\000s\000\040\000d\000e\000l\000\040\000f\000l\000u\000j\000o}{section.5}% 14
\BOOKMARK [3][-]{subsubsection.5.1.1}{\376\377\000C\000\341\000l\000c\000u\000l\000o\000\040\000d\000e\000\040\000n\000\372\000m\000e\000r\000o\000\040\000d\000e\000\040\000R\000e\000y\000n\000o\000l\000d\000s}{subsection.5.1}% 15
\BOOKMARK [3][-]{subsubsection.5.1.2}{\376\377\000F\000l\000u\000j\000o\000\040\000t\000u\000r\000b\000u\000l\000e\000n\000t\000o}{subsection.5.1}% 16
\BOOKMARK [2][-]{subsection.5.2}{\376\377\000F\000i\000l\000t\000r\000o\000s}{section.5}% 17
\BOOKMARK [2][-]{subsection.5.3}{\376\377\000E\000r\000r\000o\000r\000\040\000o\000b\000s\000e\000r\000v\000a\000d\000o}{section.5}% 18
\BOOKMARK [1][-]{section.6}{\376\377\000D\000e\000s\000a\000r\000r\000o\000l\000l\000o}{}% 19
\BOOKMARK [2][-]{subsection.6.1}{\376\377\000C\000a\000p\000t\000u\000r\000a\000\040\000d\000e\000\040\000d\000a\000t\000o\000s\000\040\000p\000o\000r\000\040\000p\000u\000e\000r\000t\000o\000\040\000s\000e\000r\000i\000e}{section.6}% 20
\BOOKMARK [2][-]{subsection.6.2}{\376\377\000E\000s\000t\000i\000m\000a\000c\000i\000\363\000n\000\040\000d\000e\000\040\000l\000a\000\040\000p\000l\000a\000n\000t\000a}{section.6}% 21
\BOOKMARK [3][-]{subsubsection.6.2.1}{\376\377\000D\000i\000a\000g\000r\000a\000m\000a\000\040\000d\000e\000\040\000t\000r\000a\000b\000a\000j\000o}{subsection.6.2}% 22
\BOOKMARK [3][-]{subsubsection.6.2.2}{\376\377\000M\000\351\000t\000o\000d\000o\000\040\000d\000e\000\040\000e\000s\000t\000i\000m\000a\000c\000i\000\363\000n}{subsection.6.2}% 23
\BOOKMARK [2][-]{subsection.6.3}{\376\377\000C\000o\000n\000t\000r\000o\000l}{section.6}% 24
\BOOKMARK [1][-]{section.7}{\376\377\000P\000r\000u\000e\000b\000a\000s\000\040\000r\000e\000a\000l\000i\000z\000a\000d\000a\000s}{}% 25
\BOOKMARK [2][-]{subsection.7.1}{\376\377\000E\000s\000t\000i\000m\000a\000c\000i\000\363\000n\000\040\000d\000e\000\040\000l\000a\000\040\000d\000e\000n\000s\000i\000d\000a\000d\000\040\000a\000n\000t\000e\000\040\000c\000a\000m\000b\000i\000o\000s\000\040\000d\000e\000\040\000T\000e\000m\000p\000e\000r\000a\000t\000u\000r\000a\000\040\000y\000\040\000H\000u\000m\000e\000d\000a\000d}{section.7}% 26
\BOOKMARK [2][-]{subsection.7.2}{\376\377\000c\000o\000m\000p\000a\000r\000a\000c\000i\000\363\000n\000\040\000d\000e\000\040\000l\000a\000\040\000f\000r\000e\000c\000u\000e\000n\000c\000i\000a\000\040\000v\000i\000s\000t\000a\000\040\000e\000n\000\040\000e\000l\000\040\000p\000a\000n\000e\000l\000\040\000c\000o\000n\000\040\000e\000l\000\040\000v\000a\000l\000o\000r\000\040\000d\000e\000\040\000P\000W\000M}{section.7}% 27
\BOOKMARK [2][-]{subsection.7.3}{\376\377\000C\000o\000n\000t\000r\000a\000s\000t\000a\000c\000i\000\363\000n\000\040\000d\000e\000\040\000d\000i\000f\000e\000r\000e\000n\000c\000i\000a\000\040\000d\000e\000\040\000p\000r\000e\000s\000i\000\363\000n}{section.7}% 28
\BOOKMARK [2][-]{subsection.7.4}{\376\377\000C\000o\000n\000t\000r\000a\000s\000t\000a\000c\000i\000\363\000n\000\040\000d\000e\000\040\000v\000e\000l\000o\000c\000i\000d\000a\000d\000e\000s}{section.7}% 29
\BOOKMARK [2][-]{subsection.7.5}{\376\377\000P\000e\000r\000t\000u\000r\000b\000a\000c\000i\000o\000n\000e\000s}{section.7}% 30
\BOOKMARK [1][-]{section.8}{\376\377\000I\000m\000p\000l\000e\000m\000e\000n\000t\000a\000c\000i\000\363\000n}{}% 31
\BOOKMARK [2][-]{subsection.8.1}{\376\377\000P\000l\000a\000n\000o\000s\000\040\000e\000l\000\351\000c\000t\000r\000i\000c\000o\000s}{section.8}% 32
\BOOKMARK [2][-]{subsection.8.2}{\376\377\000I\000m\000p\000l\000e\000m\000e\000n\000t\000a\000c\000i\000\363\000n\000\040\000f\000\355\000s\000i\000c\000a\000\040\000f\000i\000n\000a\000l}{section.8}% 33
\BOOKMARK [2][-]{subsection.8.3}{\376\377\000C\000o\000n\000s\000u\000m\000o\000\040\000d\000e\000\040\000c\000o\000r\000r\000i\000e\000n\000t\000e}{section.8}% 34
\BOOKMARK [2][-]{subsection.8.4}{\376\377\000H\000M\000I}{section.8}% 35
\BOOKMARK [2][-]{subsection.8.5}{\376\377\000C\000o\000s\000t\000o\000s}{section.8}% 36
\BOOKMARK [1][-]{section.9}{\376\377\000R\000e\000c\000o\000m\000e\000n\000d\000a\000c\000i\000o\000n\000e\000s\000\040\000f\000u\000t\000u\000r\000a\000s}{}% 37
\BOOKMARK [1][-]{section.10}{\376\377\000C\000o\000n\000c\000l\000u\000s\000i\000\363\000n}{}% 38
\BOOKMARK [1][-]{section.11}{\376\377\000B\000i\000b\000l\000i\000o\000g\000r\000a\000f\000i\000a}{}% 39
