This is pdfTeX, Version 3.141592653-2.6-1.40.22 (MiKTeX 21.2) (preloaded format=pdflatex 2021.3.6)  17 AUG 2021 12:12
entering extended mode
**"./proyecto final.tex"
(proyecto final.tex
LaTeX2e <2020-10-01> patch level 4
L3 programming layer <2021-02-18> xparse <2020-03-03>
(C:\Program Files\MiKTeX\tex/latex/base\article.cls
Document Class: article 2020/04/10 v1.4m Standard LaTeX document class
(C:\Program Files\MiKTeX\tex/latex/base\size12.clo
File: size12.clo 2020/04/10 v1.4m Standard LaTeX file (size option)
)
\c@part=\count179
\c@section=\count180
\c@subsection=\count181
\c@subsubsection=\count182
\c@paragraph=\count183
\c@subparagraph=\count184
\c@figure=\count185
\c@table=\count186
\abovecaptionskip=\skip47
\belowcaptionskip=\skip48
\bibindent=\dimen138
)
(C:\Program Files\MiKTeX\tex/latex/base\inputenc.sty
Package: inputenc 2020/08/01 v1.3d Input encoding file
\inpenc@prehook=\toks15
\inpenc@posthook=\toks16
)
(C:\Program Files\MiKTeX\tex/latex/base\fontenc.sty
Package: fontenc 2020/08/10 v2.0s Standard LaTeX package
)
(C:\Program Files\MiKTeX\tex/generic/babel\babel.sty
Package: babel 2021/01/26 3.53 The Babel package

(C:\Program Files\MiKTeX\tex/generic/babel\babel.def
File: babel.def 2021/01/26 3.53 Babel common definitions
\babel@savecnt=\count187
\U@D=\dimen139
\l@babelnohyphens=\language79

(C:\Program Files\MiKTeX\tex/generic/babel\txtbabel.def)
\bbl@readstream=\read2
)
\bbl@dirlevel=\count188

*************************************
* Local config file bblopts.cfg used
*
(C:\Program Files\MiKTeX\tex/latex/arabi\bblopts.cfg
File: bblopts.cfg 2005/09/08 v0.1 add Arabic and Farsi to "declared" options of
 babel
)
(C:\Program Files\MiKTeX\tex/latex/babel-spanish\spanish.ldf
Language: spanish.ldf 2016/03/03 v5.0p Spanish support from the babel system
\es@quottoks=\toks17
\es@quotdepth=\count189
Package babel Info: Making " an active character on input line 562.
Package babel Info: Making . an active character on input line 663.
Package babel Info: Making < an active character on input line 708.
Package babel Info: Making > an active character on input line 708.
))
(C:\Program Files\MiKTeX\tex/latex/amsmath\amsmath.sty
Package: amsmath 2020/09/23 v2.17i AMS math features
\@mathmargin=\skip49

For additional information on amsmath, use the `?' option.
(C:\Program Files\MiKTeX\tex/latex/amsmath\amstext.sty
Package: amstext 2000/06/29 v2.01 AMS text

(C:\Program Files\MiKTeX\tex/latex/amsmath\amsgen.sty
File: amsgen.sty 1999/11/30 v2.0 generic functions
\@emptytoks=\toks18
\ex@=\dimen140
))
(C:\Program Files\MiKTeX\tex/latex/amsmath\amsbsy.sty
Package: amsbsy 1999/11/29 v1.2d Bold Symbols
\pmbraise@=\dimen141
)
(C:\Program Files\MiKTeX\tex/latex/amsmath\amsopn.sty
Package: amsopn 2016/03/08 v2.02 operator names
)
\inf@bad=\count190
LaTeX Info: Redefining \frac on input line 234.
\uproot@=\count191
\leftroot@=\count192
LaTeX Info: Redefining \overline on input line 399.
\classnum@=\count193
\DOTSCASE@=\count194
LaTeX Info: Redefining \ldots on input line 496.
LaTeX Info: Redefining \dots on input line 499.
LaTeX Info: Redefining \cdots on input line 620.
\Mathstrutbox@=\box47
\strutbox@=\box48
\big@size=\dimen142
LaTeX Font Info:    Redeclaring font encoding OML on input line 743.
LaTeX Font Info:    Redeclaring font encoding OMS on input line 744.
\macc@depth=\count195
\c@MaxMatrixCols=\count196
\dotsspace@=\muskip16
\c@parentequation=\count197
\dspbrk@lvl=\count198
\tag@help=\toks19
\row@=\count199
\column@=\count266
\maxfields@=\count267
\andhelp@=\toks20
\eqnshift@=\dimen143
\alignsep@=\dimen144
\tagshift@=\dimen145
\tagwidth@=\dimen146
\totwidth@=\dimen147
\lineht@=\dimen148
\@envbody=\toks21
\multlinegap=\skip50
\multlinetaggap=\skip51
\mathdisplay@stack=\toks22
LaTeX Info: Redefining \[ on input line 2923.
LaTeX Info: Redefining \] on input line 2924.
)
(C:\Program Files\MiKTeX\tex/latex/amsfonts\amsfonts.sty
Package: amsfonts 2013/01/14 v3.01 Basic AMSFonts support
\symAMSa=\mathgroup4
\symAMSb=\mathgroup5
LaTeX Font Info:    Redeclaring math symbol \hbar on input line 98.
LaTeX Font Info:    Overwriting math alphabet `\mathfrak' in version `bold'
(Font)                  U/euf/m/n --> U/euf/b/n on input line 106.
)
(C:\Program Files\MiKTeX\tex/latex/enumitem\enumitem.sty
Package: enumitem 2019/06/20 v3.9 Customized lists
\enitkv@toks@=\toks23
\labelindent=\skip52
\enit@outerparindent=\dimen149
\enit@toks=\toks24
\enit@inbox=\box49
\enit@count@id=\count268
\enitdp@description=\count269
)
(C:\Program Files\MiKTeX\tex/latex/multirow\multirow.sty
Package: multirow 2021/03/15 v2.8 Span multiple rows of a table
\multirow@colwidth=\skip53
\multirow@cntb=\count270
\multirow@dima=\skip54
\bigstrutjot=\dimen150
)
(C:\Program Files\MiKTeX\tex/latex/xcolor\xcolor.sty
Package: xcolor 2016/05/11 v2.12 LaTeX color extensions (UK)

(C:\Program Files\MiKTeX\tex/latex/graphics-cfg\color.cfg
File: color.cfg 2016/01/02 v1.6 sample color configuration
)
Package xcolor Info: Driver file: pdftex.def on input line 225.

(C:\Program Files\MiKTeX\tex/latex/graphics-def\pdftex.def
File: pdftex.def 2020/10/05 v1.2a Graphics/color driver for pdftex
)
(C:\Program Files\MiKTeX\tex/latex/colortbl\colortbl.sty
Package: colortbl 2020/01/04 v1.0e Color table columns (DPC)

(C:\Program Files\MiKTeX\tex/latex/latex-tools\array.sty
Package: array 2020/10/01 v2.5c Tabular extension package (FMi)
\col@sep=\dimen151
\ar@mcellbox=\box50
\extrarowheight=\dimen152
\NC@list=\toks25
\extratabsurround=\skip55
\backup@length=\skip56
\ar@cellbox=\box51
)
\everycr=\toks26
\minrowclearance=\skip57
)
\rownum=\count271
Package xcolor Info: Model `cmy' substituted by `cmy0' on input line 1348.
Package xcolor Info: Model `hsb' substituted by `rgb' on input line 1352.
Package xcolor Info: Model `RGB' extended on input line 1364.
Package xcolor Info: Model `HTML' substituted by `rgb' on input line 1366.
Package xcolor Info: Model `Hsb' substituted by `hsb' on input line 1367.
Package xcolor Info: Model `tHsb' substituted by `hsb' on input line 1368.
Package xcolor Info: Model `HSB' substituted by `hsb' on input line 1369.
Package xcolor Info: Model `Gray' substituted by `gray' on input line 1370.
Package xcolor Info: Model `wave' substituted by `hsb' on input line 1371.
)
(C:\Program Files\MiKTeX\tex/latex/comment\comment.sty
\CommentStream=\write3

Excluding comment 'comment') (C:\Program Files\MiKTeX\tex/latex/float\float.sty
Package: float 2001/11/08 v1.3d Float enhancements (AL)
\c@float@type=\count272
\float@exts=\toks27
\float@box=\box52
\@float@everytoks=\toks28
\@floatcapt=\box53
) (C:\Program Files\MiKTeX\tex/latex/tcolorbox\tcolorbox.sty
Package: tcolorbox 2020/10/09 version 4.42 text color boxes

(C:\Program Files\MiKTeX\tex/latex/pgf/basiclayer\pgf.sty
(C:\Program Files\MiKTeX\tex/latex/pgf/utilities\pgfrcs.sty
(C:\Program Files\MiKTeX\tex/generic/pgf/utilities\pgfutil-common.tex
\pgfutil@everybye=\toks29
\pgfutil@tempdima=\dimen153
\pgfutil@tempdimb=\dimen154

(C:\Program Files\MiKTeX\tex/generic/pgf/utilities\pgfutil-common-lists.tex))
(C:\Program Files\MiKTeX\tex/generic/pgf/utilities\pgfutil-latex.def
\pgfutil@abb=\box54
)
(C:\Program Files\MiKTeX\tex/generic/pgf/utilities\pgfrcs.code.tex
(C:\Program Files\MiKTeX\tex/generic/pgf\pgf.revision.tex)
Package: pgfrcs 2020/12/27 v3.1.8b (3.1.8b)
))
Package: pgf 2020/12/27 v3.1.8b (3.1.8b)

(C:\Program Files\MiKTeX\tex/latex/pgf/basiclayer\pgfcore.sty
(C:\Program Files\MiKTeX\tex/latex/graphics\graphicx.sty
Package: graphicx 2020/09/09 v1.2b Enhanced LaTeX Graphics (DPC,SPQR)

(C:\Program Files\MiKTeX\tex/latex/graphics\keyval.sty
Package: keyval 2014/10/28 v1.15 key=value parser (DPC)
\KV@toks@=\toks30
)
(C:\Program Files\MiKTeX\tex/latex/graphics\graphics.sty
Package: graphics 2020/08/30 v1.4c Standard LaTeX Graphics (DPC,SPQR)

(C:\Program Files\MiKTeX\tex/latex/graphics\trig.sty
Package: trig 2016/01/03 v1.10 sin cos tan (DPC)
)
(C:\Program Files\MiKTeX\tex/latex/graphics-cfg\graphics.cfg
File: graphics.cfg 2016/06/04 v1.11 sample graphics configuration
)
Package graphics Info: Driver file: pdftex.def on input line 105.
)
\Gin@req@height=\dimen155
\Gin@req@width=\dimen156
)
(C:\Program Files\MiKTeX\tex/latex/pgf/systemlayer\pgfsys.sty
(C:\Program Files\MiKTeX\tex/generic/pgf/systemlayer\pgfsys.code.tex
Package: pgfsys 2020/12/27 v3.1.8b (3.1.8b)

(C:\Program Files\MiKTeX\tex/generic/pgf/utilities\pgfkeys.code.tex
\pgfkeys@pathtoks=\toks31
\pgfkeys@temptoks=\toks32

(C:\Program Files\MiKTeX\tex/generic/pgf/utilities\pgfkeysfiltered.code.tex
\pgfkeys@tmptoks=\toks33
))
\pgf@x=\dimen157
\pgf@y=\dimen158
\pgf@xa=\dimen159
\pgf@ya=\dimen160
\pgf@xb=\dimen161
\pgf@yb=\dimen162
\pgf@xc=\dimen163
\pgf@yc=\dimen164
\pgf@xd=\dimen165
\pgf@yd=\dimen166
\w@pgf@writea=\write4
\r@pgf@reada=\read3
\c@pgf@counta=\count273
\c@pgf@countb=\count274
\c@pgf@countc=\count275
\c@pgf@countd=\count276
\t@pgf@toka=\toks34
\t@pgf@tokb=\toks35
\t@pgf@tokc=\toks36
\pgf@sys@id@count=\count277

(C:\Program Files\MiKTeX\tex/generic/pgf/systemlayer\pgf.cfg
File: pgf.cfg 2020/12/27 v3.1.8b (3.1.8b)
)
Driver file for pgf: pgfsys-pdftex.def

(C:\Program Files\MiKTeX\tex/generic/pgf/systemlayer\pgfsys-pdftex.def
File: pgfsys-pdftex.def 2020/12/27 v3.1.8b (3.1.8b)

(C:\Program Files\MiKTeX\tex/generic/pgf/systemlayer\pgfsys-common-pdf.def
File: pgfsys-common-pdf.def 2020/12/27 v3.1.8b (3.1.8b)
)))
(C:\Program Files\MiKTeX\tex/generic/pgf/systemlayer\pgfsyssoftpath.code.tex
File: pgfsyssoftpath.code.tex 2020/12/27 v3.1.8b (3.1.8b)
\pgfsyssoftpath@smallbuffer@items=\count278
\pgfsyssoftpath@bigbuffer@items=\count279
)
(C:\Program Files\MiKTeX\tex/generic/pgf/systemlayer\pgfsysprotocol.code.tex
File: pgfsysprotocol.code.tex 2020/12/27 v3.1.8b (3.1.8b)
))
(C:\Program Files\MiKTeX\tex/generic/pgf/basiclayer\pgfcore.code.tex
Package: pgfcore 2020/12/27 v3.1.8b (3.1.8b)

(C:\Program Files\MiKTeX\tex/generic/pgf/math\pgfmath.code.tex
(C:\Program Files\MiKTeX\tex/generic/pgf/math\pgfmathcalc.code.tex
(C:\Program Files\MiKTeX\tex/generic/pgf/math\pgfmathutil.code.tex)
(C:\Program Files\MiKTeX\tex/generic/pgf/math\pgfmathparser.code.tex
\pgfmath@dimen=\dimen167
\pgfmath@count=\count280
\pgfmath@box=\box55
\pgfmath@toks=\toks37
\pgfmath@stack@operand=\toks38
\pgfmath@stack@operation=\toks39
)
(C:\Program Files\MiKTeX\tex/generic/pgf/math\pgfmathfunctions.code.tex
(C:\Program Files\MiKTeX\tex/generic/pgf/math\pgfmathfunctions.basic.code.tex)
(C:\Program Files\MiKTeX\tex/generic/pgf/math\pgfmathfunctions.trigonometric.co
de.tex)
(C:\Program Files\MiKTeX\tex/generic/pgf/math\pgfmathfunctions.random.code.tex)

(C:\Program Files\MiKTeX\tex/generic/pgf/math\pgfmathfunctions.comparison.code.
tex)
(C:\Program Files\MiKTeX\tex/generic/pgf/math\pgfmathfunctions.base.code.tex)
(C:\Program Files\MiKTeX\tex/generic/pgf/math\pgfmathfunctions.round.code.tex)
(C:\Program Files\MiKTeX\tex/generic/pgf/math\pgfmathfunctions.misc.code.tex)
(C:\Program Files\MiKTeX\tex/generic/pgf/math\pgfmathfunctions.integerarithmeti
cs.code.tex)))
(C:\Program Files\MiKTeX\tex/generic/pgf/math\pgfmathfloat.code.tex
\c@pgfmathroundto@lastzeros=\count281
))
(C:\Program Files\MiKTeX\tex/generic/pgf/math\pgfint.code.tex)
(C:\Program Files\MiKTeX\tex/generic/pgf/basiclayer\pgfcorepoints.code.tex
File: pgfcorepoints.code.tex 2020/12/27 v3.1.8b (3.1.8b)
\pgf@picminx=\dimen168
\pgf@picmaxx=\dimen169
\pgf@picminy=\dimen170
\pgf@picmaxy=\dimen171
\pgf@pathminx=\dimen172
\pgf@pathmaxx=\dimen173
\pgf@pathminy=\dimen174
\pgf@pathmaxy=\dimen175
\pgf@xx=\dimen176
\pgf@xy=\dimen177
\pgf@yx=\dimen178
\pgf@yy=\dimen179
\pgf@zx=\dimen180
\pgf@zy=\dimen181
)
(C:\Program Files\MiKTeX\tex/generic/pgf/basiclayer\pgfcorepathconstruct.code.t
ex
File: pgfcorepathconstruct.code.tex 2020/12/27 v3.1.8b (3.1.8b)
\pgf@path@lastx=\dimen182
\pgf@path@lasty=\dimen183
)
(C:\Program Files\MiKTeX\tex/generic/pgf/basiclayer\pgfcorepathusage.code.tex
File: pgfcorepathusage.code.tex 2020/12/27 v3.1.8b (3.1.8b)
\pgf@shorten@end@additional=\dimen184
\pgf@shorten@start@additional=\dimen185
)
(C:\Program Files\MiKTeX\tex/generic/pgf/basiclayer\pgfcorescopes.code.tex
File: pgfcorescopes.code.tex 2020/12/27 v3.1.8b (3.1.8b)
\pgfpic=\box56
\pgf@hbox=\box57
\pgf@layerbox@main=\box58
\pgf@picture@serial@count=\count282
)
(C:\Program Files\MiKTeX\tex/generic/pgf/basiclayer\pgfcoregraphicstate.code.te
x
File: pgfcoregraphicstate.code.tex 2020/12/27 v3.1.8b (3.1.8b)
\pgflinewidth=\dimen186
)
(C:\Program Files\MiKTeX\tex/generic/pgf/basiclayer\pgfcoretransformations.code
.tex
File: pgfcoretransformations.code.tex 2020/12/27 v3.1.8b (3.1.8b)
\pgf@pt@x=\dimen187
\pgf@pt@y=\dimen188
\pgf@pt@temp=\dimen189
) (C:\Program Files\MiKTeX\tex/generic/pgf/basiclayer\pgfcorequick.code.tex
File: pgfcorequick.code.tex 2020/12/27 v3.1.8b (3.1.8b)
) (C:\Program Files\MiKTeX\tex/generic/pgf/basiclayer\pgfcoreobjects.code.tex
File: pgfcoreobjects.code.tex 2020/12/27 v3.1.8b (3.1.8b)
)
(C:\Program Files\MiKTeX\tex/generic/pgf/basiclayer\pgfcorepathprocessing.code.
tex
File: pgfcorepathprocessing.code.tex 2020/12/27 v3.1.8b (3.1.8b)
) (C:\Program Files\MiKTeX\tex/generic/pgf/basiclayer\pgfcorearrows.code.tex
File: pgfcorearrows.code.tex 2020/12/27 v3.1.8b (3.1.8b)
\pgfarrowsep=\dimen190
) (C:\Program Files\MiKTeX\tex/generic/pgf/basiclayer\pgfcoreshade.code.tex
File: pgfcoreshade.code.tex 2020/12/27 v3.1.8b (3.1.8b)
\pgf@max=\dimen191
\pgf@sys@shading@range@num=\count283
\pgf@shadingcount=\count284
)
(C:\Program Files\MiKTeX\tex/generic/pgf/basiclayer\pgfcoreimage.code.tex
File: pgfcoreimage.code.tex 2020/12/27 v3.1.8b (3.1.8b)

(C:\Program Files\MiKTeX\tex/generic/pgf/basiclayer\pgfcoreexternal.code.tex
File: pgfcoreexternal.code.tex 2020/12/27 v3.1.8b (3.1.8b)
\pgfexternal@startupbox=\box59
))
(C:\Program Files\MiKTeX\tex/generic/pgf/basiclayer\pgfcorelayers.code.tex
File: pgfcorelayers.code.tex 2020/12/27 v3.1.8b (3.1.8b)
)
(C:\Program Files\MiKTeX\tex/generic/pgf/basiclayer\pgfcoretransparency.code.te
x
File: pgfcoretransparency.code.tex 2020/12/27 v3.1.8b (3.1.8b)
) (C:\Program Files\MiKTeX\tex/generic/pgf/basiclayer\pgfcorepatterns.code.tex
File: pgfcorepatterns.code.tex 2020/12/27 v3.1.8b (3.1.8b)
) (C:\Program Files\MiKTeX\tex/generic/pgf/basiclayer\pgfcorerdf.code.tex
File: pgfcorerdf.code.tex 2020/12/27 v3.1.8b (3.1.8b)
)))
(C:\Program Files\MiKTeX\tex/generic/pgf/modules\pgfmoduleshapes.code.tex
File: pgfmoduleshapes.code.tex 2020/12/27 v3.1.8b (3.1.8b)
\pgfnodeparttextbox=\box60
)
(C:\Program Files\MiKTeX\tex/generic/pgf/modules\pgfmoduleplot.code.tex
File: pgfmoduleplot.code.tex 2020/12/27 v3.1.8b (3.1.8b)
)
(C:\Program Files\MiKTeX\tex/latex/pgf/compatibility\pgfcomp-version-0-65.sty
Package: pgfcomp-version-0-65 2020/12/27 v3.1.8b (3.1.8b)
\pgf@nodesepstart=\dimen192
\pgf@nodesepend=\dimen193
)
(C:\Program Files\MiKTeX\tex/latex/pgf/compatibility\pgfcomp-version-1-18.sty
Package: pgfcomp-version-1-18 2020/12/27 v3.1.8b (3.1.8b)
)) (C:\Program Files\MiKTeX\tex/latex/latex-tools\verbatim.sty
Package: verbatim 2020-07-07 v1.5u LaTeX2e package for verbatim enhancements
\every@verbatim=\toks40
\verbatim@line=\toks41
\verbatim@in@stream=\read4
)
(C:\Program Files\MiKTeX\tex/latex/environ\environ.sty
Package: environ 2014/05/04 v0.3 A new way to define environments

(C:\Program Files\MiKTeX\tex/latex/trimspaces\trimspaces.sty
Package: trimspaces 2009/09/17 v1.1 Trim spaces around a token list
))
(C:\Program Files\MiKTeX\tex/latex/etoolbox\etoolbox.sty
Package: etoolbox 2020/10/05 v2.5k e-TeX tools for LaTeX (JAW)
\etb@tempcnta=\count285
)
\tcb@titlebox=\box61
\tcb@upperbox=\box62
\tcb@lowerbox=\box63
\tcb@phantombox=\box64
\c@tcbbreakpart=\count286
\c@tcblayer=\count287
\c@tcolorbox@number=\count288
\tcb@temp=\box65
\tcb@temp=\box66
\tcb@temp=\box67
\tcb@temp=\box68
\tcb@out=\write5
\tcb@record@out=\write6
)
(C:\Program Files\MiKTeX\tex/latex/caption\caption.sty
Package: caption 2020/10/26 v3.5g Customizing captions (AR)

(C:\Program Files\MiKTeX\tex/latex/caption\caption3.sty
Package: caption3 2020/10/21 v2.2e caption3 kernel (AR)
\captionmargin=\dimen194
\captionmargin@=\dimen195
\captionwidth=\dimen196
\caption@tempdima=\dimen197
\caption@indent=\dimen198
\caption@parindent=\dimen199
\caption@hangindent=\dimen256
Package caption Info: Standard document class detected.
)
\c@caption@flags=\count289
\c@continuedfloat=\count290
Package caption Info: float package is loaded.
)
(C:\Program Files\MiKTeX\tex/latex/wrapfig\wrapfig.sty
\wrapoverhang=\dimen257
\WF@size=\dimen258
\c@WF@wrappedlines=\count291
\WF@box=\box69
\WF@everypar=\toks42
Package: wrapfig 2003/01/31  v 3.6
)
(C:\Program Files\MiKTeX\tex/generic/soul\soul.sty
Package: soul 2003/11/17 v2.4 letterspacing/underlining (mf)
\SOUL@word=\toks43
\SOUL@lasttoken=\toks44
\SOUL@cmds=\toks45
\SOUL@buffer=\toks46
\SOUL@token=\toks47
\SOUL@spaceskip=\skip58
\SOUL@ttwidth=\dimen259
\SOUL@uldp=\dimen260
\SOUL@ulht=\dimen261
)
(C:\Program Files\MiKTeX\tex/latex/hyphenat\hyphenat.sty
Package: hyphenat 2009/09/02 v2.3c hyphenation utilities
\langwohyphens=\language80
LaTeX Info: Redefining \_ on input line 43.
)
(C:\Program Files\MiKTeX\tex/latex/amsfonts\amssymb.sty
Package: amssymb 2013/01/14 v3.01 AMS font symbols
)
(C:\Program Files\MiKTeX\tex/latex/subfigure\subfigure.sty
Package: subfigure 2002/07/30 v2.1.4 subfigure package
\subfigtopskip=\skip59
\subfigcapskip=\skip60
\subfigcaptopadj=\dimen262
\subfigbottomskip=\skip61
\subfigcapmargin=\dimen263
\subfiglabelskip=\skip62
\c@subfigure=\count292
\c@lofdepth=\count293
\c@subtable=\count294
\c@lotdepth=\count295

****************************************
* Local config file subfigure.cfg used *
****************************************
(C:\Program Files\MiKTeX\tex/latex/subfigure\subfigure.cfg)
\subfig@top=\skip63
\subfig@bottom=\skip64
)
(C:\Program Files\MiKTeX\tex/latex/chngcntr\chngcntr.sty
Package: chngcntr 2018/04/09 v1.1a change counter resetting
Package chngcntr Info: \counterwithout already defined.
(chngcntr)             Quitting chngcntr on input line 21.
)
(C:\Program Files\MiKTeX\tex/latex/url\url.sty
\Urlmuskip=\muskip17
Package: url 2013/09/16  ver 3.4  Verb mode for urls, etc.
)
(C:\Program Files\MiKTeX\tex/latex/hyperref\hyperref.sty
Package: hyperref 2021-02-10 v7.00j Hypertext links for LaTeX

(C:\Program Files\MiKTeX\tex/generic/ltxcmds\ltxcmds.sty
Package: ltxcmds 2020-05-10 v1.25 LaTeX kernel commands for general use (HO)
)
(C:\Program Files\MiKTeX\tex/generic/iftex\iftex.sty
Package: iftex 2020/03/06 v1.0d TeX engine tests
)
(C:\Program Files\MiKTeX\tex/generic/pdftexcmds\pdftexcmds.sty
Package: pdftexcmds 2020-06-27 v0.33 Utility functions of pdfTeX for LuaTeX (HO
)

(C:\Program Files\MiKTeX\tex/generic/infwarerr\infwarerr.sty
Package: infwarerr 2019/12/03 v1.5 Providing info/warning/error messages (HO)
)
Package pdftexcmds Info: \pdf@primitive is available.
Package pdftexcmds Info: \pdf@ifprimitive is available.
Package pdftexcmds Info: \pdfdraftmode found.
)
(C:\Program Files\MiKTeX\tex/generic/kvsetkeys\kvsetkeys.sty
Package: kvsetkeys 2019/12/15 v1.18 Key value parser (HO)
)
(C:\Program Files\MiKTeX\tex/generic/kvdefinekeys\kvdefinekeys.sty
Package: kvdefinekeys 2019-12-19 v1.6 Define keys (HO)
)
(C:\Program Files\MiKTeX\tex/generic/pdfescape\pdfescape.sty
Package: pdfescape 2019/12/09 v1.15 Implements pdfTeX's escape features (HO)
)
(C:\Program Files\MiKTeX\tex/latex/hycolor\hycolor.sty
Package: hycolor 2020-01-27 v1.10 Color options for hyperref/bookmark (HO)
)
(C:\Program Files\MiKTeX\tex/latex/letltxmacro\letltxmacro.sty
Package: letltxmacro 2019/12/03 v1.6 Let assignment for LaTeX macros (HO)
)
(C:\Program Files\MiKTeX\tex/latex/auxhook\auxhook.sty
Package: auxhook 2019-12-17 v1.6 Hooks for auxiliary files (HO)
)
(C:\Program Files\MiKTeX\tex/latex/kvoptions\kvoptions.sty
Package: kvoptions 2020-10-07 v3.14 Key value format for package options (HO)
)
\@linkdim=\dimen264
\Hy@linkcounter=\count296
\Hy@pagecounter=\count297

(C:\Program Files\MiKTeX\tex/latex/hyperref\pd1enc.def
File: pd1enc.def 2021-02-10 v7.00j Hyperref: PDFDocEncoding definition (HO)
Now handling font encoding PD1 ...
... no UTF-8 mapping file for font encoding PD1
)
(C:\Program Files\MiKTeX\tex/latex/hyperref\hyperref-langpatches.def
File: hyperref-langpatches.def 2021-02-10 v7.00j Hyperref: patches for babel la
nguages
)
(C:\Program Files\MiKTeX\tex/generic/intcalc\intcalc.sty
Package: intcalc 2019/12/15 v1.3 Expandable calculations with integers (HO)
)
(C:\Program Files\MiKTeX\tex/generic/etexcmds\etexcmds.sty
Package: etexcmds 2019/12/15 v1.7 Avoid name clashes with e-TeX commands (HO)
)
\Hy@SavedSpaceFactor=\count298

(C:\Program Files\MiKTeX\tex/latex/hyperref\puenc.def
File: puenc.def 2021-02-10 v7.00j Hyperref: PDF Unicode definition (HO)
Now handling font encoding PU ...
... no UTF-8 mapping file for font encoding PU
)
Package hyperref Info: Hyper figures OFF on input line 4192.
Package hyperref Info: Link nesting OFF on input line 4197.
Package hyperref Info: Hyper index ON on input line 4200.
Package hyperref Info: Plain pages OFF on input line 4207.
Package hyperref Info: Backreferencing OFF on input line 4212.
Package hyperref Info: Implicit mode ON; LaTeX internals redefined.
Package hyperref Info: Bookmarks ON on input line 4445.
\c@Hy@tempcnt=\count299
LaTeX Info: Redefining \url on input line 4804.
\XeTeXLinkMargin=\dimen265

(C:\Program Files\MiKTeX\tex/generic/bitset\bitset.sty
Package: bitset 2019/12/09 v1.3 Handle bit-vector datatype (HO)

(C:\Program Files\MiKTeX\tex/generic/bigintcalc\bigintcalc.sty
Package: bigintcalc 2019/12/15 v1.5 Expandable calculations on big integers (HO
)
))
\Fld@menulength=\count300
\Field@Width=\dimen266
\Fld@charsize=\dimen267
Package hyperref Info: Hyper figures OFF on input line 6075.
Package hyperref Info: Link nesting OFF on input line 6080.
Package hyperref Info: Hyper index ON on input line 6083.
Package hyperref Info: backreferencing OFF on input line 6090.
Package hyperref Info: Link coloring OFF on input line 6095.
Package hyperref Info: Link coloring with OCG OFF on input line 6100.
Package hyperref Info: PDF/A mode OFF on input line 6105.
LaTeX Info: Redefining \ref on input line 6145.
LaTeX Info: Redefining \pageref on input line 6149.

(C:\Program Files\MiKTeX\tex/latex/base\atbegshi-ltx.sty
Package: atbegshi-ltx 2020/08/17 v1.0a Emulation of the original atbegshi packa
ge
with kernel methods
)
\Hy@abspage=\count301
\c@Item=\count302
\c@Hfootnote=\count303
)
Package hyperref Info: Driver (autodetected): hpdftex.

(C:\Program Files\MiKTeX\tex/latex/hyperref\hpdftex.def
File: hpdftex.def 2021-02-10 v7.00j Hyperref driver for pdfTeX

(C:\Program Files\MiKTeX\tex/latex/base\atveryend-ltx.sty
Package: atveryend-ltx 2020/08/19 v1.0a Emulation of the original atvery packag
e
with kernel methods
)
\Fld@listcount=\count304
\c@bookmark@seq@number=\count305

(C:\Program Files\MiKTeX\tex/latex/rerunfilecheck\rerunfilecheck.sty
Package: rerunfilecheck 2019/12/05 v1.9 Rerun checks for auxiliary files (HO)

(C:\Program Files\MiKTeX\tex/generic/uniquecounter\uniquecounter.sty
Package: uniquecounter 2019/12/15 v1.4 Provide unlimited unique counter (HO)
)
Package uniquecounter Info: New unique counter `rerunfilecheck' on input line 2
86.
)
\Hy@SectionHShift=\skip65
)
Package hyperref Info: Option `colorlinks' set `true' on input line 42.

(C:\Program Files\MiKTeX\tex/latex/biblatex\biblatex.sty
Package: biblatex 2020/12/31 v3.16 programmable bibliographies (PK/MW)

(C:\Program Files\MiKTeX\tex/latex/logreq\logreq.sty
Package: logreq 2010/08/04 v1.0 xml request logger
\lrq@indent=\count306

(C:\Program Files\MiKTeX\tex/latex/logreq\logreq.def
File: logreq.def 2010/08/04 v1.0 logreq spec v1.0
))
(C:\Program Files\MiKTeX\tex/latex/base\ifthen.sty
Package: ifthen 2014/09/29 v1.1c Standard LaTeX ifthen package (DPC)
)
\c@tabx@nest=\count307
\c@listtotal=\count308
\c@listcount=\count309
\c@liststart=\count310
\c@liststop=\count311
\c@citecount=\count312
\c@citetotal=\count313
\c@multicitecount=\count314
\c@multicitetotal=\count315
\c@instcount=\count316
\c@maxnames=\count317
\c@minnames=\count318
\c@maxitems=\count319
\c@minitems=\count320
\c@citecounter=\count321
\c@maxcitecounter=\count322
\c@savedcitecounter=\count323
\c@uniquelist=\count324
\c@uniquename=\count325
\c@refsection=\count326
\c@refsegment=\count327
\c@maxextratitle=\count328
\c@maxextratitleyear=\count329
\c@maxextraname=\count330
\c@maxextradate=\count331
\c@maxextraalpha=\count332
\c@abbrvpenalty=\count333
\c@highnamepenalty=\count334
\c@lownamepenalty=\count335
\c@maxparens=\count336
\c@parenlevel=\count337
\blx@tempcnta=\count338
\blx@tempcntb=\count339
\blx@tempcntc=\count340
\blx@maxsection=\count341
\blx@maxsegment@0=\count342
\blx@notetype=\count343
\blx@parenlevel@text=\count344
\blx@parenlevel@foot=\count345
\blx@sectionciteorder@0=\count346
\blx@entrysetcounter=\count347
\blx@biblioinstance=\count348
\labelnumberwidth=\skip66
\labelalphawidth=\skip67
\biblabelsep=\skip68
\bibitemsep=\skip69
\bibnamesep=\skip70
\bibinitsep=\skip71
\bibparsep=\skip72
\bibhang=\skip73
\blx@bcfin=\read5
\blx@bcfout=\write7
\blx@langwohyphens=\language81
\c@mincomprange=\count349
\c@maxcomprange=\count350
\c@mincompwidth=\count351
Package biblatex Info: Trying to load biblatex default data model...
Package biblatex Info: ... file 'blx-dm.def' found.

(C:\Program Files\MiKTeX\tex/latex/biblatex\blx-dm.def
File: blx-dm.def 2020/12/31 v3.16 biblatex localization (PK/MW)
)
Package biblatex Info: Trying to load biblatex custom data model...
Package biblatex Info: ... file 'biblatex-dm.cfg' not found.
\c@afterword=\count352
\c@savedafterword=\count353
\c@annotator=\count354
\c@savedannotator=\count355
\c@author=\count356
\c@savedauthor=\count357
\c@bookauthor=\count358
\c@savedbookauthor=\count359
\c@commentator=\count360
\c@savedcommentator=\count361
\c@editor=\count362
\c@savededitor=\count363
\c@editora=\count364
\c@savededitora=\count365
\c@editorb=\count366
\c@savededitorb=\count367
\c@editorc=\count368
\c@savededitorc=\count369
\c@foreword=\count370
\c@savedforeword=\count371
\c@holder=\count372
\c@savedholder=\count373
\c@introduction=\count374
\c@savedintroduction=\count375
\c@namea=\count376
\c@savednamea=\count377
\c@nameb=\count378
\c@savednameb=\count379
\c@namec=\count380
\c@savednamec=\count381
\c@translator=\count382
\c@savedtranslator=\count383
\c@shortauthor=\count384
\c@savedshortauthor=\count385
\c@shorteditor=\count386
\c@savedshorteditor=\count387
\c@labelname=\count388
\c@savedlabelname=\count389
\c@institution=\count390
\c@savedinstitution=\count391
\c@lista=\count392
\c@savedlista=\count393
\c@listb=\count394
\c@savedlistb=\count395
\c@listc=\count396
\c@savedlistc=\count397
\c@listd=\count398
\c@savedlistd=\count399
\c@liste=\count400
\c@savedliste=\count401
\c@listf=\count402
\c@savedlistf=\count403
\c@location=\count404
\c@savedlocation=\count405
\c@organization=\count406
\c@savedorganization=\count407
\c@origlocation=\count408
\c@savedoriglocation=\count409
\c@origpublisher=\count410
\c@savedorigpublisher=\count411
\c@publisher=\count412
\c@savedpublisher=\count413
\c@language=\count414
\c@savedlanguage=\count415
\c@origlanguage=\count416
\c@savedoriglanguage=\count417
\c@pageref=\count418
\c@savedpageref=\count419
\shorthandwidth=\skip74
\shortjournalwidth=\skip75
\shortserieswidth=\skip76
\shorttitlewidth=\skip77
\shortauthorwidth=\skip78
\shorteditorwidth=\skip79
\locallabelnumberwidth=\skip80
\locallabelalphawidth=\skip81
\localshorthandwidth=\skip82
\localshortjournalwidth=\skip83
\localshortserieswidth=\skip84
\localshorttitlewidth=\skip85
\localshortauthorwidth=\skip86
\localshorteditorwidth=\skip87
Package biblatex Info: Trying to load compatibility code...
Package biblatex Info: ... file 'blx-compat.def' found.

(C:\Program Files\MiKTeX\tex/latex/biblatex\blx-compat.def
File: blx-compat.def 2020/12/31 v3.16 biblatex compatibility (PK/MW)
)
Package biblatex Info: Trying to load BibTeX backend compatibility...
Package biblatex Info: ... file 'blx-bibtex.def' found.

(C:\Program Files\MiKTeX\tex/latex/biblatex\blx-bibtex.def
File: blx-bibtex.def 2020/12/31 v3.16 biblatex compatibility (PK/MW)


Package biblatex Warning: Using fall-back BibTeX(8) backend:
(biblatex)                functionality may be reduced/unavailable.

)
Package biblatex Info: Trying to load generic definitions...
Package biblatex Info: ... file 'biblatex.def' found.
 (C:\Program Files\MiKTeX\tex/latex/biblatex\biblatex.def
File: biblatex.def 2020/12/31 v3.16 biblatex compatibility (PK/MW)
\c@textcitecount=\count420
\c@textcitetotal=\count421
\c@textcitemaxnames=\count422
\c@biburlbigbreakpenalty=\count423
\c@biburlbreakpenalty=\count424
\c@biburlnumpenalty=\count425
\c@biburlucpenalty=\count426
\c@biburllcpenalty=\count427
\biburlbigskip=\muskip18
\biburlnumskip=\muskip19
\biburlucskip=\muskip20
\biburllcskip=\muskip21
\c@smartand=\count428
)
Package biblatex Info: Trying to load bibliography style 'numeric'...
Package biblatex Info: ... file 'numeric.bbx' found.

(C:\Program Files\MiKTeX\tex/latex/biblatex/bbx\numeric.bbx
File: numeric.bbx 2020/12/31 v3.16 biblatex bibliography style (PK/MW)
Package biblatex Info: Trying to load bibliography style 'standard'...
Package biblatex Info: ... file 'standard.bbx' found.

(C:\Program Files\MiKTeX\tex/latex/biblatex/bbx\standard.bbx
File: standard.bbx 2020/12/31 v3.16 biblatex bibliography style (PK/MW)
\c@bbx:relatedcount=\count429
\c@bbx:relatedtotal=\count430
))
Package biblatex Info: Trying to load citation style 'numeric'...
Package biblatex Info: ... file 'numeric.cbx' found.

(C:\Program Files\MiKTeX\tex/latex/biblatex/cbx\numeric.cbx
File: numeric.cbx 2020/12/31 v3.16 biblatex citation style (PK/MW)
Package biblatex Info: Redefining '\cite'.
Package biblatex Info: Redefining '\parencite'.
Package biblatex Info: Redefining '\footcite'.
Package biblatex Info: Redefining '\footcitetext'.
Package biblatex Info: Redefining '\smartcite'.
Package biblatex Info: Redefining '\supercite'.
Package biblatex Info: Redefining '\textcite'.
Package biblatex Info: Redefining '\textcites'.
Package biblatex Info: Redefining '\cites'.
Package biblatex Info: Redefining '\parencites'.
Package biblatex Info: Redefining '\smartcites'.
)
Package biblatex Info: Trying to load configuration file...
Package biblatex Info: ... file 'biblatex.cfg' found.

(C:\Program Files\MiKTeX\tex/latex/biblatex\biblatex.cfg
File: biblatex.cfg 
))
(C:\Program Files\MiKTeX\tex/latex/geometry\geometry.sty
Package: geometry 2020/01/02 v5.9 Page Geometry

(C:\Program Files\MiKTeX\tex/generic/iftex\ifvtex.sty
Package: ifvtex 2019/10/25 v1.7 ifvtex legacy package. Use iftex instead.
)
\Gm@cnth=\count431
\Gm@cntv=\count432
\c@Gm@tempcnt=\count433
\Gm@bindingoffset=\dimen268
\Gm@wd@mp=\dimen269
\Gm@odd@mp=\dimen270
\Gm@even@mp=\dimen271
\Gm@layoutwidth=\dimen272
\Gm@layoutheight=\dimen273
\Gm@layouthoffset=\dimen274
\Gm@layoutvoffset=\dimen275
\Gm@dimlist=\toks48

(C:\Program Files\MiKTeX\tex/latex/geometry\geometry.cfg))

Package biblatex Warning: 'babel/polyglossia' detected but 'csquotes' missing.
(biblatex)                Loading 'csquotes' recommended.

\@quotelevel=\count434
\@quotereset=\count435
(C:\Program Files\MiKTeX\tex/latex/l3backend\l3backend-pdftex.def
File: l3backend-pdftex.def 2021-02-18 L3 backend support: PDF output (pdfTeX)
\l__color_backend_stack_int=\count436
\l__pdf_internal_box=\box70
)
(proyecto final.aux
LaTeX Info: Redefining \. on input line 32.
LaTeX Info: Redefining \% on input line 32.
)
\openout1 = `"proyecto final.aux"'.

LaTeX Font Info:    Checking defaults for OML/cmm/m/it on input line 67.
LaTeX Font Info:    ... okay on input line 67.
LaTeX Font Info:    Checking defaults for OMS/cmsy/m/n on input line 67.
LaTeX Font Info:    ... okay on input line 67.
LaTeX Font Info:    Checking defaults for OT1/cmr/m/n on input line 67.
LaTeX Font Info:    ... okay on input line 67.
LaTeX Font Info:    Checking defaults for T1/cmr/m/n on input line 67.
LaTeX Font Info:    ... okay on input line 67.
LaTeX Font Info:    Checking defaults for TS1/cmr/m/n on input line 67.
LaTeX Font Info:    ... okay on input line 67.
LaTeX Font Info:    Checking defaults for OMX/cmex/m/n on input line 67.
LaTeX Font Info:    ... okay on input line 67.
LaTeX Font Info:    Checking defaults for U/cmr/m/n on input line 67.
LaTeX Font Info:    ... okay on input line 67.
LaTeX Font Info:    Checking defaults for PD1/pdf/m/n on input line 67.
LaTeX Font Info:    ... okay on input line 67.
LaTeX Font Info:    Checking defaults for PU/pdf/m/n on input line 67.
LaTeX Font Info:    ... okay on input line 67.
LaTeX Info: Redefining \. on input line 67.
LaTeX Info: Redefining \% on input line 67.

(C:\Program Files\MiKTeX\tex/context/base/mkii\supp-pdf.mkii
[Loading MPS to PDF converter (version 2006.09.02).]
\scratchcounter=\count437
\scratchdimen=\dimen276
\scratchbox=\box71
\nofMPsegments=\count438
\nofMParguments=\count439
\everyMPshowfont=\toks49
\MPscratchCnt=\count440
\MPscratchDim=\dimen277
\MPnumerator=\count441
\makeMPintoPDFobject=\count442
\everyMPtoPDFconversion=\toks50
) (C:\Program Files\MiKTeX\tex/latex/epstopdf-pkg\epstopdf-base.sty
Package: epstopdf-base 2020-01-24 v2.11 Base part for package epstopdf
Package epstopdf-base Info: Redefining graphics rule for `.eps' on input line 4
85.
)
Package caption Info: Begin \AtBeginDocument code.
Package caption Info: hyperref package is loaded.
Package caption Info: subfigure package is loaded.
Package caption Info: wrapfig package is loaded.
Package caption Info: End \AtBeginDocument code.
Package hyperref Info: Link coloring ON on input line 67.

(C:\Program Files\MiKTeX\tex/latex/hyperref\nameref.sty
Package: nameref 2021-04-02 v2.47 Cross-referencing by name of section

(C:\Program Files\MiKTeX\tex/latex/refcount\refcount.sty
Package: refcount 2019/12/15 v3.6 Data extraction from label references (HO)
)
(C:\Program Files\MiKTeX\tex/generic/gettitlestring\gettitlestring.sty
Package: gettitlestring 2019/12/15 v1.6 Cleanup title references (HO)
)
\c@section@level=\count443
)
LaTeX Info: Redefining \ref on input line 67.
LaTeX Info: Redefining \pageref on input line 67.
LaTeX Info: Redefining \nameref on input line 67.

(proyecto final.out) (proyecto final.out)
\@outlinefile=\write8
\openout8 = `"proyecto final.out"'.

Package biblatex Info: Trying to load language 'spanish'...
Package biblatex Info: ... file 'spanish.lbx' found.

(C:\Program Files\MiKTeX\tex/latex/biblatex/lbx\spanish.lbx
File: spanish.lbx 2020/12/31 v3.16 biblatex localization (PK/MW)
)
Package biblatex Info: Input encoding 'utf8' detected.
Package biblatex Info: Automatic encoding selection.
(biblatex)             Assuming data encoding 'utf8'.
Package biblatex Info: Input encoding 'utf8' specified.
Package biblatex Info: Data encoding 'utf8' specified.
(biblatex)             No need to reencode data.
Package biblatex Info: Document encoding is UTF8 ....

(C:\Program Files\MiKTeX\tex/latex/l3kernel\expl3.sty
Package: expl3 2021-02-18 L3 programming layer (loader) 
)
Package biblatex Info: ... and expl3
(biblatex)             2021-02-18 L3 programming layer (loader) 
(biblatex)             is new enough (at least 2020/04/06),
(biblatex)             setting 'casechanger=expl3'.

(C:\Program Files\MiKTeX\tex/latex/biblatex\blx-case-expl3.sty
(C:\Program Files\MiKTeX\tex/latex/l3packages/xparse\xparse.sty
Package: xparse 2020-10-27 L3 Experimental document command parser

(C:\Program Files\MiKTeX\tex/latex/l3packages/xparse\xparse-generic.tex))
Package: blx-case-expl3 2020/12/31 v3.16 expl3 case changing code for biblatex
)
\openout7 = `proyecto_final-blx.bib'.

Package biblatex Info: Trying to load bibliographic data...
Package biblatex Info: ... file '"proyecto final".bbl' found.

(proyecto final.bbl)
Package biblatex Info: Reference section=0 on input line 67.
Package biblatex Info: Reference segment=0 on input line 67.

*geometry* driver: auto-detecting
*geometry* detected driver: pdftex
*geometry* verbose mode - [ preamble ] result:
* driver: pdftex
* paper: a4paper
* layout: <same size as paper>
* layoutoffset:(h,v)=(0.0pt,0.0pt)
* modes: 
* h-part:(L,W,R)=(71.13188pt, 455.24411pt, 71.13188pt)
* v-part:(T,H,B)=(71.13188pt, 702.78308pt, 71.13188pt)
* \paperwidth=597.50787pt
* \paperheight=845.04684pt
* \textwidth=455.24411pt
* \textheight=702.78308pt
* \oddsidemargin=-1.1381pt
* \evensidemargin=-1.1381pt
* \topmargin=-38.1381pt
* \headheight=12.0pt
* \headsep=25.0pt
* \topskip=12.0pt
* \footskip=30.0pt
* \marginparwidth=35.0pt
* \marginparsep=10.0pt
* \columnsep=10.0pt
* \skip\footins=10.8pt plus 4.0pt minus 2.0pt
* \hoffset=0.0pt
* \voffset=0.0pt
* \mag=1000
* \@twocolumnfalse
* \@twosidefalse
* \@mparswitchfalse
* \@reversemarginfalse
* (1in=72.27pt=25.4mm, 1cm=28.453pt)

<imagenes//unpsjb.png, id=162, 1048.91875pt x 1048.91875pt>
File: imagenes//unpsjb.png Graphic file (type png)
<use imagenes//unpsjb.png>
Package pdftex.def Info: imagenes//unpsjb.png  used on input line 71.
(pdftex.def)             Requested size: 91.04742pt x 91.03752pt.
[1

{C:/Users/glori/AppData/Local/MiKTeX/pdftex/config/pdftex.map} <./imagenes//unp
sjb.png>] (secciones/0.agradecimientos.texpdfTeX warning (ext4): destination wi
th the same identifier (name{page.1}) has been already used, duplicate ignored
<to be read again> 
                   \relax 
l.8 \newpage
             [1]
<imagenes//corona.jpg, id=181, 3276.24pt x 2457.18pt>
File: imagenes//corona.jpg Graphic file (type jpg)
<use imagenes//corona.jpg>
Package pdftex.def Info: imagenes//corona.jpg  used on input line 16.
(pdftex.def)             Requested size: 327.64319pt x 245.73239pt.
 [2 <./imagenes//corona.jpg>]) (proyecto final.toc
LaTeX Info: Redefining \sptext on input line 2.
LaTeX Info: Redefining \. on input line 2.
LaTeX Info: Redefining \% on input line 2.
LaTeX Font Info:    Trying to load font information for U+msa on input line 10.


(C:\Program Files\MiKTeX\tex/latex/amsfonts\umsa.fd
File: umsa.fd 2013/01/14 v3.01 AMS symbols A
)
LaTeX Font Info:    Trying to load font information for U+msb on input line 10.


(C:\Program Files\MiKTeX\tex/latex/amsfonts\umsb.fd
File: umsb.fd 2013/01/14 v3.01 AMS symbols B
))
\tf@toc=\write9
\openout9 = `"proyecto final.toc"'.

 [3] (proyecto final.lof
LaTeX Info: Redefining \sptext on input line 2.
LaTeX Info: Redefining \. on input line 2.
LaTeX Info: Redefining \% on input line 2.
)
\tf@lof=\write10
\openout10 = `"proyecto final.lof"'.


[4] (proyecto final.lot
LaTeX Info: Redefining \sptext on input line 2.
LaTeX Info: Redefining \. on input line 2.
LaTeX Info: Redefining \% on input line 2.
)
\tf@lot=\write11
\openout11 = `"proyecto final.lot"'.

 [5] (secciones/1.Introduccion.tex
Underfull \hbox (badness 10000) in paragraph at lines 1--3

 []


Underfull \hbox (badness 10000) in paragraph at lines 4--5

 []

[6]) (secciones/2.Objetivo.tex
<imagenes//diagr.jpg, id=338, 709.90219pt x 462.22687pt>
File: imagenes//diagr.jpg Graphic file (type jpg)
<use imagenes//diagr.jpg>
Package pdftex.def Info: imagenes//diagr.jpg  used on input line 7.
(pdftex.def)             Requested size: 354.95023pt x 231.11287pt.
 [7 <./imagenes//diagr.jpg>])
(secciones/3.Tunel.tex
<imagenes//tvert1.jpg, id=345, 210.7875pt x 240.9pt>
File: imagenes//tvert1.jpg Graphic file (type jpg)
<use imagenes//tvert1.jpg>
Package pdftex.def Info: imagenes//tvert1.jpg  used on input line 16.
(pdftex.def)             Requested size: 168.63022pt x 192.72025pt.
<imagenes//tunel_cerrado.png, id=346, 450.9347pt x 231.86626pt>
File: imagenes//tunel_cerrado.png Graphic file (type png)
<use imagenes//tunel_cerrado.png>
Package pdftex.def Info: imagenes//tunel_cerrado.png  used on input line 23.
(pdftex.def)             Requested size: 170.71652pt x 87.78105pt.
<imagenes//tunel_abierto.png, id=347, 436.63126pt x 106.89937pt>
File: imagenes//tunel_abierto.png Graphic file (type png)
<use imagenes//tunel_abierto.png>
Package pdftex.def Info: imagenes//tunel_abierto.png  used on input line 24.
(pdftex.def)             Requested size: 227.62204pt x 55.72826pt.
LaTeX Font Info:    Trying to load font information for T1+cmtt on input line 3
2.
 (C:\Program Files\MiKTeX\tex/latex/base\t1cmtt.fd
File: t1cmtt.fd 2019/12/16 v2.5j Standard LaTeX font definitions
)
[8 <./imagenes//tvert1.jpg> <./imagenes//tunel_cerrado.png> <./imagenes//tunel_
abierto.png>]
<imagenes//tunel_unpsjb.JPG, id=364, 351.3125pt x 196.735pt>
File: imagenes//tunel_unpsjb.JPG Graphic file (type jpg)
<use imagenes//tunel_unpsjb.JPG>
Package pdftex.def Info: imagenes//tunel_unpsjb.JPG  used on input line 37.
(pdftex.def)             Requested size: 316.17831pt x 177.05984pt.
 [9 <./imagenes//tunel_unpsjb.JPG>]
<imagenes//motor.jpg, id=373, 490.08093pt x 354.57469pt>
File: imagenes//motor.jpg Graphic file (type jpg)
<use imagenes//motor.jpg>
Package pdftex.def Info: imagenes//motor.jpg  used on input line 67.
(pdftex.def)             Requested size: 275.28847pt x 199.16928pt.
<imagenes//LS650.jpg, id=374, 402.00188pt x 666.99188pt>
File: imagenes//LS650.jpg Graphic file (type jpg)
<use imagenes//LS650.jpg>
Package pdftex.def Info: imagenes//LS650.jpg  used on input line 69.
(pdftex.def)             Requested size: 120.03716pt x 199.16928pt.
<imagenes//axd.jpg, id=375, 94.10156pt x 123.46124pt>
File: imagenes//axd.jpg Graphic file (type jpg)
<use imagenes//axd.jpg>
Package pdftex.def Info: imagenes//axd.jpg  used on input line 95.
(pdftex.def)             Requested size: 113.81102pt x 149.33202pt.
<imagenes//testo.jpg, id=376, 140.77594pt x 308.65312pt>
File: imagenes//testo.jpg Graphic file (type jpg)
<use imagenes//testo.jpg>
Package pdftex.def Info: imagenes//testo.jpg  used on input line 96.
(pdftex.def)             Requested size: 70.38779pt x 154.32617pt.
 [10 <./imagenes//motor.jpg> <./imagenes//LS650.jpg>]) (secciones/4.Primeros.te
x [11 <./imagenes//axd.jpg> <./imagenes//testo.jpg>]
Underfull \hbox (badness 10000) in paragraph at lines 46--52

 []

<imagenes//rey2.jpg, id=410, 450.18187pt x 201.75375pt>
File: imagenes//rey2.jpg Graphic file (type jpg)
<use imagenes//rey2.jpg>
Package pdftex.def Info: imagenes//rey2.jpg  used on input line 63.
(pdftex.def)             Requested size: 202.57997pt x 90.78835pt.
<imagenes//camaraensayos.jpg, id=411, 446.41782pt x 184.43906pt>
File: imagenes//camaraensayos.jpg Graphic file (type jpg)
<use imagenes//camaraensayos.jpg>
Package pdftex.def Info: imagenes//camaraensayos.jpg  used on input line 71.
(pdftex.def)             Requested size: 401.77231pt x 165.9936pt.
[12 <./imagenes//rey2.jpg>]
<imagenes//remolinos.jpg, id=423, 809.27344pt x 411.78844pt>
File: imagenes//remolinos.jpg Graphic file (type jpg)
<use imagenes//remolinos.jpg>
Package pdftex.def Info: imagenes//remolinos.jpg  used on input line 95.
(pdftex.def)             Requested size: 364.16968pt x 185.30307pt.
<imagenes//fluct.png, id=425, 484.81125pt x 400.49625pt>
File: imagenes//fluct.png Graphic file (type png)
<use imagenes//fluct.png>
Package pdftex.def Info: imagenes//fluct.png  used on input line 106.
(pdftex.def)             Requested size: 193.92105pt x 160.19566pt.
 [13 <./imagenes//camaraensayos.jpg> <./imagenes//remolinos.jpg>] [14 <./imagen
es//fluct.png>]
<imagenes//bme280.png, id=436, 352.31625pt x 334.24875pt>
File: imagenes//bme280.png Graphic file (type png)
<use imagenes//bme280.png>
Package pdftex.def Info: imagenes//bme280.png  used on input line 154.
(pdftex.def)             Requested size: 71.13188pt x 67.48099pt.
<imagenes//sht21.png, id=437, 985.6825pt x 820.06375pt>
File: imagenes//sht21.png Graphic file (type png)
<use imagenes//sht21.png>
Package pdftex.def Info: imagenes//sht21.png  used on input line 155.
(pdftex.def)             Requested size: 85.35826pt x 71.01212pt.
<imagenes//mpx7002.png, id=438, 453.695pt x 370.38374pt>
File: imagenes//mpx7002.png Graphic file (type png)
<use imagenes//mpx7002.png>
Package pdftex.def Info: imagenes//mpx7002.png  used on input line 156.
(pdftex.def)             Requested size: 85.35826pt x 69.68414pt.
<imagenes//ads1115.png, id=439, 1003.75pt x 752.8125pt>
File: imagenes//ads1115.png Graphic file (type png)
<use imagenes//ads1115.png>
Package pdftex.def Info: imagenes//ads1115.png  used on input line 157.
(pdftex.def)             Requested size: 99.58464pt x 74.68832pt.
 [15]
Overfull \hbox (5.05003pt too wide) in paragraph at lines 210--212
\T1/cmr/m/n/12 rea-li-za-das, se tor-nó in-dis-pen-sa-ble ob-ser-var los va-lo-
res ad-qui-ri-dos, co-mo la ve-lo-ci-dad me-di-da.
 []


Overfull \hbox (4.7185pt too wide) in paragraph at lines 210--212
\T1/cmr/m/n/12 Pa-ra so-lu-cio-nar el in-con-ve-nien-te, se reali-zó una pri-me
-ra ver-sión (Fi-gu-ra [][]5.2[][]) de un pro-gra-ma
 []


Overfull \hbox (36.83376pt too wide) in paragraph at lines 210--212
\T1/cmr/m/n/12 grá-fi-co ge-ne-ra-do con Pro-ces-sing. Es-te có-di-go fue ca-pa
z de ad-qui-rir da-tos des-de el mi-cro-con-tro-la-dor
 []

[16 <./imagenes//bme280.png> <./imagenes//sht21.png> <./imagenes//mpx7002.png> 
<./imagenes//ads1115.png>]
<imagenes//serial_proc.png, id=460, 492.33937pt x 277.035pt>
File: imagenes//serial_proc.png Graphic file (type png)
<use imagenes//serial_proc.png>
Package pdftex.def Info: imagenes//serial_proc.png  used on input line 214.
(pdftex.def)             Requested size: 344.6352pt x 193.92317pt.


Package caption Warning: The option `hypcap=true' will be ignored for this
(caption)                particular \caption on input line 215.
See the caption package documentation for explanation.

<imagenes//filtros.png, id=462, 856.70062pt x 460.72125pt>
File: imagenes//filtros.png Graphic file (type png)
<use imagenes//filtros.png>
Package pdftex.def Info: imagenes//filtros.png  used on input line 232.
(pdftex.def)             Requested size: 428.34926pt x 230.36006pt.

LaTeX Warning: `!h' float specifier changed to `!ht'.

<imagenes//filtro mediana.png, id=464, 853.68938pt x 459.96844pt>
File: imagenes//filtro mediana.png Graphic file (type png)
<use imagenes//filtro mediana.png>
Package pdftex.def Info: imagenes//filtro mediana.png  used on input line 241.
(pdftex.def)             Requested size: 426.84364pt x 229.98366pt.
[17 <./imagenes//serial_proc.png>]
<imagenes//conS.png, id=469, 831.85782pt x 304.13625pt>
File: imagenes//conS.png Graphic file (type png)
<use imagenes//conS.png>
Package pdftex.def Info: imagenes//conS.png  used on input line 254.
(pdftex.def)             Requested size: 170.71652pt x 62.4133pt.
<imagenes//sinS.png, id=470, 830.35219pt x 298.86656pt>
File: imagenes//sinS.png Graphic file (type png)
<use imagenes//sinS.png>
Package pdftex.def Info: imagenes//sinS.png  used on input line 255.
(pdftex.def)             Requested size: 170.71652pt x 61.44588pt.
 [18 <./imagenes//filtros.png>])
(secciones/5.Desarrollo.tex
<imagenes/placa_ls.png, id=477, 459.96844pt x 436.63126pt>
File: imagenes/placa_ls.png Graphic file (type png)
<use imagenes/placa_ls.png>
Package pdftex.def Info: imagenes/placa_ls.png  used on input line 9.
(pdftex.def)             Requested size: 318.66948pt x 302.5151pt.
<imagenes/terminales.png, id=478, 484.05844pt x 73.02281pt>
File: imagenes/terminales.png Graphic file (type png)
<use imagenes/terminales.png>
Package pdftex.def Info: imagenes/terminales.png  used on input line 17.
(pdftex.def)             Requested size: 318.66948pt x 48.07484pt.


LaTeX Warning: `h' float specifier changed to `ht'.

<imagenes/plano_DC.pdf, id=479, 660.4675pt x 347.2975pt>
File: imagenes/plano_DC.pdf Graphic file (type pdf)
<use imagenes/plano_DC.pdf>
Package pdftex.def Info: imagenes/plano_DC.pdf  used on input line 29.
(pdftex.def)             Requested size: 364.19667pt x 191.51234pt.

Overfull \hbox (6.38475pt too wide) in paragraph at lines 25--33
\T1/cmr/m/n/12 Es-ta se-ñal de sa-li-da, fue ne-ce-sa-rio trans-for-mar-la al l
a-zo de co-rrien-te uti-li-za-do pa-ra es-ta-ble-cer
 []

[19 <./imagenes//filtro mediana.png> <./imagenes//conS.png> <./imagenes//sinS.p
ng>]
<imagenes//planta_d.png, id=487, 345.54094pt x 409.53pt>
File: imagenes//planta_d.png Graphic file (type png)
<use imagenes//planta_d.png>
Package pdftex.def Info: imagenes//planta_d.png  used on input line 43.
(pdftex.def)             Requested size: 138.21391pt x 163.80908pt.

Overfull \hbox (1.45084pt too wide) in paragraph at lines 48--49
[]\T1/cmr/bx/n/12 Generación de da-tos: \T1/cmr/m/n/12 De acuer-do a di-ver-sas
 prue-bas rea-li-za-das, se eli-gen las va-ria-bles
 []


Overfull \hbox (19.67027pt too wide) in paragraph at lines 50--51
[]\T1/cmr/bx/n/12 Captura de da-tos: \T1/cmr/m/n/12 A tra-vés del puer-to se-ri
e y con Pro-ces-sing se rea-li-za el al-ma-ce-na-mien-to
 []


Overfull \hbox (30.21188pt too wide) in paragraph at lines 50--51
\T1/cmr/m/n/12 de los da-tos de res-pues-ta del sis-te-ma an-te el es-tí-mu-lo 
de las se-ña-les de ex-ci-ta-ción. Pos-te-rior-men-te,
 []


Overfull \hbox (10.9055pt too wide) in paragraph at lines 52--53
[]\T1/cmr/bx/n/12 Identificación del mo-de-lo ma-te-má-ti-co: \T1/cmr/m/n/12 Se
 uti-li-za-ron va-rios mé-to-dos de iden-ti-fi-ca-ción
 []

[20 <./imagenes/placa_ls.png> <./imagenes/terminales.png>]
<imagenes//bloques.png, id=495, 864.22874pt x 369.63094pt>
File: imagenes//bloques.png Graphic file (type png)
<use imagenes//bloques.png>
Package pdftex.def Info: imagenes//bloques.png  used on input line 68.
(pdftex.def)             Requested size: 302.48459pt x 129.37276pt.


Package caption Warning: The option `hypcap=true' will be ignored for this
(caption)                particular \caption on input line 69.
See the caption package documentation for explanation.


Overfull \hbox (16.37631pt too wide) in paragraph at lines 73--74
\T1/cmr/m/n/12 me-di-cio-nes. En la fi-gu-ra [][]5.11[][] se ob-ser-van los da-
tos de dos co-lum-nas de las ta-blas an-te-rior-men-te
 []

[21 <./imagenes/plano_DC.pdf> <./imagenes//planta_d.png> <./imagenes//bloques.p
ng>]
<imagenes//estima.png, id=518, 859.71187pt x 448.67625pt>
File: imagenes//estima.png Graphic file (type png)
<use imagenes//estima.png>
Package pdftex.def Info: imagenes//estima.png  used on input line 77.
(pdftex.def)             Requested size: 429.85487pt x 224.33757pt.
<imagenes//parametros_seg.png, id=521, 280.79906pt x 191.9672pt>
File: imagenes//parametros_seg.png Graphic file (type png)
<use imagenes//parametros_seg.png>
Package pdftex.def Info: imagenes//parametros_seg.png  used on input line 86.
(pdftex.def)             Requested size: 199.16928pt x 136.15999pt.
<imagenes//planta_seg1.png, id=522, 886.06032pt x 522.45187pt>
File: imagenes//planta_seg1.png Graphic file (type png)
<use imagenes//planta_seg1.png>
Package pdftex.def Info: imagenes//planta_seg1.png  used on input line 87.
(pdftex.def)             Requested size: 227.62204pt x 134.208pt.
 [22 <./imagenes//estima.png> <./imagenes//parametros_seg.png> <./imagenes//pla
nta_seg1.png>]
<imagenes//estim2.jpeg, id=541, 1284.8pt x 728.7225pt>
File: imagenes//estim2.jpeg Graphic file (type jpg)
<use imagenes//estim2.jpeg>
Package pdftex.def Info: imagenes//estim2.jpeg  used on input line 118.
(pdftex.def)             Requested size: 449.68674pt x 255.05669pt.
<imagenes//estim3.jpeg, id=542, 1284.8pt x 739.76375pt>
File: imagenes//estim3.jpeg Graphic file (type jpg)
<use imagenes//estim3.jpeg>
Package pdftex.def Info: imagenes//estim3.jpeg  used on input line 125.
(pdftex.def)             Requested size: 449.68674pt x 258.92119pt.
<imagenes//pruebapid.png, id=543, 856.70062pt x 446.41782pt>
File: imagenes//pruebapid.png Graphic file (type png)
<use imagenes//pruebapid.png>
Package pdftex.def Info: imagenes//pruebapid.png  used on input line 137.
(pdftex.def)             Requested size: 428.34926pt x 223.20836pt.


LaTeX Warning: `h' float specifier changed to `ht'.

<imagenes//pisubida.png, id=546, 861.2175pt x 450.9347pt>
File: imagenes//pisubida.png Graphic file (type png)
<use imagenes//pisubida.png>
Package pdftex.def Info: imagenes//pisubida.png  used on input line 158.
(pdftex.def)             Requested size: 430.6077pt x 225.4668pt.

LaTeX Warning: `!h' float specifier changed to `!ht'.

<imagenes//pibajada.png, id=547, 863.47594pt x 452.4403pt>
File: imagenes//pibajada.png Graphic file (type png)
<use imagenes//pibajada.png>
Package pdftex.def Info: imagenes//pibajada.png  used on input line 165.
(pdftex.def)             Requested size: 431.73691pt x 226.2196pt.

LaTeX Warning: `!h' float specifier changed to `!ht'.

<imagenes//mix.png, id=549, 859.71187pt x 450.9347pt>
File: imagenes//mix.png Graphic file (type png)
<use imagenes//mix.png>
Package pdftex.def Info: imagenes//mix.png  used on input line 174.
(pdftex.def)             Requested size: 429.85487pt x 225.4668pt.

LaTeX Warning: `!h' float specifier changed to `!ht'.

[23 <./imagenes//estim2.jpeg>]) (secciones/5.1Pruebas.tex
<imagenes//placa_sensores.pdf, id=557, 317.185pt x 266.9975pt>
File: imagenes//placa_sensores.pdf Graphic file (type pdf)
<use imagenes//placa_sensores.pdf>
Package pdftex.def Info: imagenes//placa_sensores.pdf  used on input line 6.
(pdftex.def)             Requested size: 253.74832pt x 213.59827pt.

Overfull \hbox (25.40956pt too wide) in paragraph at lines 16--27
 [][] 
 []

[24 <./imagenes//estim3.jpeg>]
<imagenes//fluctua.png, id=565, 854.44218pt x 445.665pt>
File: imagenes//fluctua.png Graphic file (type png)
<use imagenes//fluctua.png>
Package pdftex.def Info: imagenes//fluctua.png  used on input line 49.
(pdftex.def)             Requested size: 427.22005pt x 222.83195pt.
 [25 <./imagenes//pruebapid.png> <./imagenes//pisubida.png>]

LaTeX Warning: `!h' float specifier changed to `!ht'.

[26 <./imagenes//pibajada.png> <./imagenes//mix.png>]

LaTeX Warning: Text page 27 contains only floats.

[27 <./imagenes//placa_sensores.pdf> <./imagenes//fluctua.png>]
<imagenes//condifpres.jpg, id=598, 681.29532pt x 310.15875pt>
File: imagenes//condifpres.jpg Graphic file (type jpg)
<use imagenes//condifpres.jpg>
Package pdftex.def Info: imagenes//condifpres.jpg  used on input line 97.
(pdftex.def)             Requested size: 340.64682pt x 155.079pt.


LaTeX Warning: `!h' float specifier changed to `!ht'.


Overfull \hbox (7.43173pt too wide) in paragraph at lines 159--160
[]\T1/cmr/m/n/12 Para ob-ser-var la res-pues-ta del con-trol se ge-ne-ró per-tu
r-ba-cio-nes uti-li-zan-do las com-puer-tas
 []

[28]
<imagenes//comp.jpg, id=607, 4015.0pt x 2384.91pt>
File: imagenes//comp.jpg Graphic file (type jpg)
<use imagenes//comp.jpg>
Package pdftex.def Info: imagenes//comp.jpg  used on input line 163.
(pdftex.def)             Requested size: 321.20656pt x 190.79669pt.
<imagenes//reos.jpg, id=608, 391.4625pt x 292.84406pt>
File: imagenes//reos.jpg Graphic file (type jpg)
<use imagenes//reos.jpg>
Package pdftex.def Info: imagenes//reos.jpg  used on input line 170.
(pdftex.def)             Requested size: 274.02187pt x 204.98944pt.


LaTeX Warning: `h' float specifier changed to `ht'.


LaTeX Warning: No positions in optional float specifier.
               Default added (so using `tbp') on input line 178.

<imagenes//compu1.png, id=610, 860.46469pt x 450.9347pt>
File: imagenes//compu1.png Graphic file (type png)
<use imagenes//compu1.png>
Package pdftex.def Info: imagenes//compu1.png  used on input line 180.
(pdftex.def)             Requested size: 430.2313pt x 225.4668pt.
<imagenes//comp2.png, id=611, 851.43094pt x 445.665pt>
File: imagenes//comp2.png Graphic file (type png)
<use imagenes//comp2.png>
Package pdftex.def Info: imagenes//comp2.png  used on input line 183.
(pdftex.def)             Requested size: 425.71443pt x 222.83195pt.
) [29 <./imagenes//condifpres.jpg> <./imagenes//comp.jpg>]
(secciones/6.Planos.tex
<imagenes//bloqimplem.png, id=619, 920.68968pt x 152.82094pt>
File: imagenes//bloqimplem.png Graphic file (type png)
<use imagenes//bloqimplem.png>
Package pdftex.def Info: imagenes//bloqimplem.png  used on input line 4.
(pdftex.def)             Requested size: 460.34372pt x 76.41026pt.

Overfull \hbox (5.09961pt too wide) in paragraph at lines 4--5
 [][] 
 []

[30]

LaTeX Warning: `!h' float specifier changed to `!ht'.


Overfull \hbox (8.3143pt too wide) in paragraph at lines 18--20
\T1/cmr/m/n/12 pro-gra-ma de có-di-go abier-to Pro-ces-sing. La apli-ca-ción 
cuen-ta con co-man-dos pa-ra con-fi-gu-rar
 []

<imagenes//aplibloques.png, id=626, 767.86874pt x 386.94562pt>
File: imagenes//aplibloques.png Graphic file (type png)
<use imagenes//aplibloques.png>
Package pdftex.def Info: imagenes//aplibloques.png  used on input line 23.
(pdftex.def)             Requested size: 383.93343pt x 193.47234pt.

LaTeX Warning: `h' float specifier changed to `ht'.


Overfull \hbox (39.34045pt too wide) in paragraph at lines 36--40
 [][] 
 []


Overfull \hbox (11.06964pt too wide) in paragraph at lines 46--47
[]$\OML/cmm/m/it/12 D[]$\T1/cmr/m/n/12 : di-fe-ren-cia de pre-sión me-di-da a t
ra-vés del MPX7002 en con-jun-to con ADS1115. 
 []

[31 <./imagenes//reos.jpg>] [32 <./imagenes//compu1.png> <./imagenes//comp2.png
>]
Overfull \hbox (11.76411pt too wide) in paragraph at lines 65--67
[]\T1/cmr/m/n/12 Sub-bloque \T1/cmr/bx/n/12 Mo-dos de fun-cio-na-mien-to\T1/cmr
/m/n/12 : po-see las si-guien-tes for-mas de eje-cu-ción
 []

[33 <./imagenes//bloqimplem.png> <./imagenes//aplibloques.png>]
Overfull \hbox (43.50632pt too wide) in paragraph at lines 67--68
[]$[]$ \T1/cmr/m/n/12 al rea-li-zar la co-ne-xión del puer-to se-rial, el mi-cr
o-con-tro-la-dor
 []


Overfull \hbox (20.28432pt too wide) in paragraph at lines 108--109
\T1/cmr/m/n/12 me-dian-te el pro-gra-ma Pro-teus el di-se-ño de una úni-ca pl
a-ca unien-do los blo-ques an-te-rior-men-te
 []


Overfull \hbox (10.52908pt too wide) in paragraph at lines 108--109
\T1/cmr/m/n/12 Uni-ver-si-dad. Una vez que se ob-tu-vo la pla-que-ta se sol-dó 
com-po-nen-tes nue-vos y se re-uti-li-za-ron
 []

<imagenes//placa_2.png, id=648, 713.66624pt x 431.36156pt>
File: imagenes//placa_2.png Graphic file (type png)
<use imagenes//placa_2.png>
Package pdftex.def Info: imagenes//placa_2.png  used on input line 112.
(pdftex.def)             Requested size: 356.83224pt x 215.68025pt.

LaTeX Warning: `!h' float specifier changed to `!ht'.

[34]
Overfull \hbox (22.75409pt too wide) in paragraph at lines 132--168
 [][] 
 []


LaTeX Warning: `h' float specifier changed to `ht'.

) [35 <./imagenes//placa_2.png>] (secciones/7.Recomendaciones.tex) [36]
(secciones/8.Conclu.tex) [37]
Overfull \hbox (10.10542pt too wide) in paragraph at lines 139--139
[]\T1/cmr/m/n/12 Federico Lic-ci y Lu-cas Ri-ve-ra. ``Es-tu-dio flui-do-di-ná-m
i-co de tú-nel de vien-to en con-di-cio-nes
 []


Overfull \hbox (15.97441pt too wide) in paragraph at lines 139--139
[]\T1/cmr/m/n/12 Jorge Po-ma-res y Án-gel Mar-tí-nez Bueno. ``Sis-te-mas de Con
-trol Au-to-má-ti-co. Iden-ti-fi-ca-ción
 []


Overfull \hbox (11.28552pt too wide) in paragraph at lines 139--139
\T1/cmr/m/n/12 30kW''. En: \T1/cmr/m/it/12 Pro-yec-to de in-ves-ti-ga-ción, Con
-se-jo de in-ves-ti-ga-ción CIUN-PAT, Uni-ver-si-dad
 []

[38] [39] (proyecto final.aux
LaTeX Info: Redefining \sptext on input line 32.
LaTeX Info: Redefining \. on input line 32.
LaTeX Info: Redefining \% on input line 32.
)
Package rerunfilecheck Info: File `"proyecto final".out' has not changed.
(rerunfilecheck)             Checksum: B9191910F1442BF06436EC3CD606F1D7;6567.
Package logreq Info: Writing requests to '"proyecto final".run.xml'.
\openout1 = `"proyecto final.run.xml"'.

 ) 
Here is how much of TeX's memory you used:
 30507 strings out of 479334
 553568 string characters out of 2866961
 1063454 words of memory out of 3000000
 47206 multiletter control sequences out of 15000+200000
 426043 words of font info for 83 fonts, out of 3000000 for 9000
 1141 hyphenation exceptions out of 8191
 112i,17n,116p,1859b,1929s stack positions out of 5000i,500n,10000p,200000b,50000s
 <C:\Users\glori\AppData\Local\MiKTeX\fonts/pk/ljfour/jknappen/ec/dpi600\ecbi
1200.pk> <C:\Users\glori\AppData\Local\MiKTeX\fonts/pk/ljfour/jknappen/ec/dpi60
0\tcbx1200.pk> <C:\Users\glori\AppData\Local\MiKTeX\fonts/pk/ljfour/jknappen/ec
/dpi600\tcrm1000.pk> <C:\Users\glori\AppData\Local\MiKTeX\fonts/pk/ljfour/jknap
pen/ec/dpi600\tcti1200.pk> <C:\Users\glori\AppData\Local\MiKTeX\fonts/pk/ljfour
/jknappen/ec/dpi600\tcrm1200.pk> <C:\Users\glori\AppData\Local\MiKTeX\fonts/pk/
ljfour/jknappen/ec/dpi600\ectt1000.pk> <C:\Users\glori\AppData\Local\MiKTeX\fon
ts/pk/ljfour/jknappen/ec/dpi600\ecrm0700.pk> <C:\Users\glori\AppData\Local\MiKT
eX\fonts/pk/ljfour/jknappen/ec/dpi600\ecrm0800.pk> <C:\Users\glori\AppData\Loca
l\MiKTeX\fonts/pk/ljfour/jknappen/ec/dpi600\ecrm1000.pk> <C:\Users\glori\AppDat
a\Local\MiKTeX\fonts/pk/ljfour/jknappen/ec/dpi600\ecbx1440.pk> <C:\Users\glori\
AppData\Local\MiKTeX\fonts/pk/ljfour/jknappen/ec/dpi600\ecbx1200.pk> <C:\Users\
glori\AppData\Local\MiKTeX\fonts/pk/ljfour/jknappen/ec/dpi600\ecti1200.pk> <C:\
Users\glori\AppData\Local\MiKTeX\fonts/pk/ljfour/jknappen/ec/dpi600\ecrm1200.pk
> <C:\Users\glori\AppData\Local\MiKTeX\fonts/pk/ljfour/jknappen/ec/dpi600\ecbx1
728.pk> <C:\Users\glori\AppData\Local\MiKTeX\fonts/pk/ljfour/jknappen/ec/dpi600
\ecrm1728.pk> <C:\Users\glori\AppData\Local\MiKTeX\fonts/pk/ljfour/jknappen/ec/
dpi600\ecti1728.pk> <C:\Users\glori\AppData\Local\MiKTeX\fonts/pk/ljfour/jknapp
en/ec/dpi600\eccc2488.pk> <C:\Users\glori\AppData\Local\MiKTeX\fonts/pk/ljfour/
jknappen/ec/dpi600\eccc1728.pk> <C:\Users\glori\AppData\Local\MiKTeX\fonts/pk/l
jfour/jknappen/ec/dpi600\ecbx2074.pk><C:/Program Files/MiKTeX/fonts/type1/publi
c/amsfonts/cm/cmbx8.pfb><C:/Program Files/MiKTeX/fonts/type1/public/amsfonts/cm
/cmex10.pfb><C:/Program Files/MiKTeX/fonts/type1/public/amsfonts/cm/cmmi12.pfb>
<C:/Program Files/MiKTeX/fonts/type1/public/amsfonts/cm/cmmi6.pfb><C:/Program F
iles/MiKTeX/fonts/type1/public/amsfonts/cm/cmmi8.pfb><C:/Program Files/MiKTeX/f
onts/type1/public/amsfonts/cm/cmmib10.pfb><C:/Program Files/MiKTeX/fonts/type1/
public/amsfonts/cm/cmr12.pfb><C:/Program Files/MiKTeX/fonts/type1/public/amsfon
ts/cm/cmr6.pfb><C:/Program Files/MiKTeX/fonts/type1/public/amsfonts/cm/cmr8.pfb
><C:/Program Files/MiKTeX/fonts/type1/public/amsfonts/cm/cmsy10.pfb><C:/Program
 Files/MiKTeX/fonts/type1/public/amsfonts/cm/cmsy6.pfb><C:/Program Files/MiKTeX
/fonts/type1/public/amsfonts/cm/cmsy8.pfb>
Output written on "proyecto final.pdf" (40 pages, 9004365 bytes).
PDF statistics:
 1341 PDF objects out of 1440 (max. 8388607)
 164 named destinations out of 1000 (max. 500000)
 565 words of extra memory for PDF output out of 10000 (max. 10000000)

