INFO:  latexindent.pl version 3.9, 2021-03-14, a script to indent .tex files
       latexindent.pl lives here: C:/Program Files/MiKTeX/scripts/latexindent/
       Thu May 20 16:18:44 2021
       Filename: c:\Users\glori\Desktop\DANIELA\VISUAL_DANI\LatexDC\ProyectoFinal\secciones\4.Primeros.tex
INFO:  Processing switches:
INFO:  Directory for backup files and indent.log: c:\Users\glori\Desktop\DANIELA\VISUAL_DANI\LatexDC\ProyectoFinal\secciones
INFO:  Perl modules are being loaded from the following directories:
       C:/Strawberry/perl/lib/FindBin.pm
       C:/Strawberry/perl/vendor/lib/YAML/Tiny.pm
       C:/Strawberry/perl/lib/File/Copy.pm
       C:/Strawberry/perl/lib/File/Basename.pm
       C:/Strawberry/perl/lib/Getopt/Long.pm
       C:/Strawberry/perl/vendor/lib/File/HomeDir.pm
       C:/Strawberry/perl/vendor/lib/Unicode/GCString.pm
INFO:  Latex Indent perl modules are being loaded from, for example:
       C:/Program Files/MiKTeX/scripts/latexindent/LatexIndent/Document.pm
INFO:  YAML settings read: defaultSettings.yaml
        Reading defaultSettings.yaml from C:/Program Files/MiKTeX/scripts/latexindent/defaultSettings.yaml
INFO:  YAML settings read: indentconfig.yaml or .indentconfig.yaml
       Home directory is C:\Users\glori (didn't find either indentconfig.yaml or .indentconfig.yaml)
       To specify user settings you would put indentconfig.yaml here: C:\Users\glori/indentconfig.yaml
       Alternatively, you can use the hidden file .indentconfig.yaml as: C:\Users\glori/.indentconfig.yaml
INFO:  Phase 1: searching for objects
INFO:  Phase 2: finding surrounding indentation
INFO:  Phase 3: indenting objects
INFO:  Phase 4: final indentation check
INFO:  Output routine:
       Not outputting to file; see -w and -o switches for more options.
       --------------
INFO:  Please direct all communication/issues to:
        https://github.com/cmhughes/latexindent.pl
