\BOOKMARK [1][-]{section.1}{\376\377\000I\000n\000t\000r\000o\000d\000u\000c\000c\000i\000\363\000n}{}% 1
\BOOKMARK [1][-]{section.2}{\376\377\000O\000b\000j\000e\000t\000i\000v\000o}{}% 2
\BOOKMARK [1][-]{section.3}{\376\377\000D\000e\000f\000i\000n\000i\000c\000i\000o\000n\000e\000s}{}% 3
\BOOKMARK [1][-]{section.4}{\376\377\000E\000l\000e\000m\000e\000n\000t\000o\000s}{}% 4
\BOOKMARK [2][-]{subsection.4.1}{\376\377\000M\000o\000t\000o\000r}{section.4}% 5
\BOOKMARK [2][-]{subsection.4.2}{\376\377\000V\000a\000r\000i\000a\000d\000o\000r\000\040\000d\000e\000\040\000v\000e\000l\000o\000c\000i\000d\000a\000d}{section.4}% 6
\BOOKMARK [2][-]{subsection.4.3}{\376\377\000M\000\363\000d\000u\000l\000o\000\040\000D\000i\000d\000\341\000c\000t\000i\000c\000o\000\040\000P\000L\000C\000\040\000M\0003\0004\0000}{section.4}% 7
\BOOKMARK [2][-]{subsection.4.4}{\376\377\000B\000a\000n\000c\000o\000\040\000d\000e\000\040\000p\000r\000u\000e\000b\000a\000s}{section.4}% 8
\BOOKMARK [3][-]{subsubsection.4.4.1}{\376\377\000P\000r\000e\000s\000u\000p\000u\000e\000s\000t\000o}{subsection.4.4}% 9
\BOOKMARK [1][-]{section.5}{\376\377\000P\000r\000e\000l\000i\000m\000i\000n\000a\000r\000e\000s}{}% 10
\BOOKMARK [2][-]{subsection.5.1}{\376\377\000P\000r\000o\000g\000r\000a\000m\000a\000c\000i\000\363\000n\000\040\000v\000a\000r\000i\000a\000d\000o\000r\000\040\000d\000e\000\040\000v\000e\000l\000o\000c\000i\000d\000a\000d}{section.5}% 11
\BOOKMARK [2][-]{subsection.5.2}{\376\377\000C\000o\000m\000u\000n\000i\000c\000a\000c\000i\000\363\000n\000\040\000v\000a\000r\000i\000a\000d\000o\000r\000\040\000d\000e\000\040\000v\000e\000l\000o\000c\000i\000d\000a\000d\000\040\000-\000\040\000P\000L\000C}{section.5}% 12
\BOOKMARK [2][-]{subsection.5.3}{\376\377\000L\000e\000c\000t\000u\000r\000a\000\040\000d\000e\000\040\000r\000e\000g\000i\000s\000t\000r\000o\000s}{section.5}% 13
\BOOKMARK [3][-]{subsubsection.5.3.1}{\376\377\000P\000r\000o\000g\000r\000a\000m\000a\000c\000i\000\363\000n\000\040\000U\000n\000i\000t\000y\000\040\000P\000r\000o}{subsection.5.3}% 14
\BOOKMARK [1][-]{section.6}{\376\377\000D\000e\000s\000a\000r\000r\000o\000l\000l\000o}{}% 15
\BOOKMARK [2][-]{subsection.6.1}{\376\377\000P\000r\000o\000g\000r\000a\000m\000a\000\040\000f\000i\000n\000a\000l\000\040\000U\000n\000i\000t\000y\000\040\000P\000R\000O}{section.6}% 16
\BOOKMARK [3][-]{subsubsection.6.1.1}{\376\377\000D\000i\000r\000e\000c\000c\000i\000o\000n\000e\000s\000\040\000u\000t\000i\000l\000i\000z\000a\000d\000a\000s}{subsection.6.1}% 17
\BOOKMARK [2][-]{subsection.6.2}{\376\377\000A\000d\000q\000u\000i\000s\000i\000c\000i\000\363\000n\000\040\000d\000e\000\040\000d\000a\000t\000o\000s}{section.6}% 18
\BOOKMARK [3][-]{subsubsection.6.2.1}{\376\377\000U\000s\000o\000\040\000d\000e\000\040\000M\000a\000t\000l\000a\000b}{subsection.6.2}% 19
\BOOKMARK [3][-]{subsubsection.6.2.2}{\376\377\000E\000s\000t\000i\000m\000a\000c\000i\000\363\000n\000\040\000d\000e\000\040\000l\000a\000\040\000p\000l\000a\000n\000t\000a}{subsection.6.2}% 20
\BOOKMARK [2][-]{subsection.6.3}{\376\377\000S\000C\000A\000D\000A}{section.6}% 21
\BOOKMARK [3][-]{subsubsection.6.3.1}{\376\377\000C\000o\000n\000f\000i\000g\000u\000r\000a\000c\000i\000\363\000n\000\040\000i\000F\000i\000x\000\040\000o\000\040\000C\000o\000n\000f\000i\000g\000u\000r\000a\000c\000i\000o\000n\000\040\000M\000B\000E\000?}{subsection.6.3}% 22
\BOOKMARK [4][-]{paragraph.6.3.1.1}{\376\377\000M\000B\000E}{subsubsection.6.3.1}% 23
\BOOKMARK [3][-]{subsubsection.6.3.2}{\376\377\000D\000a\000t\000a\000B\000a\000s\000e}{subsection.6.3}% 24
\BOOKMARK [4][-]{paragraph.6.3.2.1}{\376\377\000L\000i\000s\000t\000a\000\040\000d\000e\000\040\000d\000i\000r\000e\000c\000c\000i\000o\000n\000e\000s\000\040\000u\000t\000i\000l\000i\000z\000a\000d\000a\000s}{subsubsection.6.3.2}% 25
\BOOKMARK [4][-]{paragraph.6.3.2.2}{\376\377\000P\000r\000u\000e\000b\000a\000s\000\040\000m\000e\000d\000i\000a\000n\000t\000e\000\040\000M\000o\000d\000S\000i\000m}{subsubsection.6.3.2}% 26
\BOOKMARK [3][-]{subsubsection.6.3.3}{\376\377\000D\000i\000s\000t\000i\000n\000t\000a\000s\000\040\000p\000a\000n\000t\000a\000l\000l\000a\000s}{subsection.6.3}% 27
\BOOKMARK [2][-]{subsection.6.4}{\376\377\000A\000l\000a\000r\000m\000a\000s}{section.6}% 28
\BOOKMARK [2][-]{subsection.6.5}{\376\377\000i\000H\000i\000s\000t\000o\000r\000i\000a\000n}{section.6}% 29
\BOOKMARK [2][-]{subsection.6.6}{\376\377\000D\000i\000r\000e\000c\000c\000i\000o\000n\000e\000s}{section.6}% 30
\BOOKMARK [1][-]{section.7}{\376\377\000C\000o\000n\000c\000l\000u\000s\000i\000o\000n\000e\000s}{}% 31
\BOOKMARK [1][-]{section.8}{\376\377\000B\000i\000b\000l\000i\000o\000g\000r\000a\000f\000i\000a}{}% 32
\BOOKMARK [1][-]{section.9}{\376\377\000A\000n\000e\000x\000o\000s}{}% 33
