This is pdfTeX, Version 3.141592653-2.6-1.40.22 (MiKTeX 21.6) (preloaded format=pdflatex 2022.5.8)  9 MAY 2022 19:27
entering extended mode
**./automa.tex
(automa.tex
LaTeX2e <2021-11-15> patch level 1
L3 programming layer <2022-02-24>
(D:\Program Files (x86)\Miktex\tex/latex/base\article.cls
Document Class: article 2021/10/04 v1.4n Standard LaTeX document class
(D:\Program Files (x86)\Miktex\tex/latex/base\size12.clo
File: size12.clo 2021/10/04 v1.4n Standard LaTeX file (size option)
)
\c@part=\count185
\c@section=\count186
\c@subsection=\count187
\c@subsubsection=\count188
\c@paragraph=\count189
\c@subparagraph=\count190
\c@figure=\count191
\c@table=\count192
\abovecaptionskip=\skip47
\belowcaptionskip=\skip48
\bibindent=\dimen138
)
(D:\Program Files (x86)\Miktex\tex/latex/base\inputenc.sty
Package: inputenc 2021/02/14 v1.3d Input encoding file
\inpenc@prehook=\toks16
\inpenc@posthook=\toks17
)
(D:\Program Files (x86)\Miktex\tex/latex/base\fontenc.sty
Package: fontenc 2021/04/29 v2.0v Standard LaTeX package
)
(D:\Program Files (x86)\Miktex\tex/latex/comment\comment.sty
\CommentStream=\write3

Excluding comment 'comment')
(D:\Program Files (x86)\Miktex\tex/generic/babel\babel.sty
Package: babel 2022/02/26 3.73 The Babel package
\babel@savecnt=\count193
\U@D=\dimen139
\l@unhyphenated=\language79

(D:\Program Files (x86)\Miktex\tex/generic/babel\txtbabel.def)
\bbl@readstream=\read2
\bbl@dirlevel=\count194

*************************************
* Local config file bblopts.cfg used
*
(D:\Program Files (x86)\Miktex\tex/latex/arabi\bblopts.cfg
File: bblopts.cfg 2005/09/08 v0.1 add Arabic and Farsi to "declared" options of
 babel
)
(D:\Program Files (x86)\Miktex\tex/latex/babel-spanish\spanish.ldf
Language: spanish.ldf 2021/05/27 v5.0q Spanish support from the babel system
\es@quottoks=\toks18
\es@quotdepth=\count195
Package babel Info: Making " an active character on input line 570.
Package babel Info: Making . an active character on input line 675.
Package babel Info: Making < an active character on input line 722.
Package babel Info: Making > an active character on input line 722.
))
(D:\Program Files (x86)\Miktex\tex/latex/amsmath\amsmath.sty
Package: amsmath 2021/10/15 v2.17l AMS math features
\@mathmargin=\skip49

For additional information on amsmath, use the `?' option.
(D:\Program Files (x86)\Miktex\tex/latex/amsmath\amstext.sty
Package: amstext 2021/08/26 v2.01 AMS text

(D:\Program Files (x86)\Miktex\tex/latex/amsmath\amsgen.sty
File: amsgen.sty 1999/11/30 v2.0 generic functions
\@emptytoks=\toks19
\ex@=\dimen140
))
(D:\Program Files (x86)\Miktex\tex/latex/amsmath\amsbsy.sty
Package: amsbsy 1999/11/29 v1.2d Bold Symbols
\pmbraise@=\dimen141
)
(D:\Program Files (x86)\Miktex\tex/latex/amsmath\amsopn.sty
Package: amsopn 2021/08/26 v2.02 operator names
)
\inf@bad=\count196
LaTeX Info: Redefining \frac on input line 234.
\uproot@=\count197
\leftroot@=\count198
LaTeX Info: Redefining \overline on input line 399.
\classnum@=\count199
\DOTSCASE@=\count266
LaTeX Info: Redefining \ldots on input line 496.
LaTeX Info: Redefining \dots on input line 499.
LaTeX Info: Redefining \cdots on input line 620.
\Mathstrutbox@=\box50
\strutbox@=\box51
\big@size=\dimen142
LaTeX Font Info:    Redeclaring font encoding OML on input line 743.
LaTeX Font Info:    Redeclaring font encoding OMS on input line 744.
\macc@depth=\count267
\c@MaxMatrixCols=\count268
\dotsspace@=\muskip16
\c@parentequation=\count269
\dspbrk@lvl=\count270
\tag@help=\toks20
\row@=\count271
\column@=\count272
\maxfields@=\count273
\andhelp@=\toks21
\eqnshift@=\dimen143
\alignsep@=\dimen144
\tagshift@=\dimen145
\tagwidth@=\dimen146
\totwidth@=\dimen147
\lineht@=\dimen148
\@envbody=\toks22
\multlinegap=\skip50
\multlinetaggap=\skip51
\mathdisplay@stack=\toks23
LaTeX Info: Redefining \[ on input line 2938.
LaTeX Info: Redefining \] on input line 2939.
)
(D:\Program Files (x86)\Miktex\tex/latex/amsfonts\amsfonts.sty
Package: amsfonts 2013/01/14 v3.01 Basic AMSFonts support
\symAMSa=\mathgroup4
\symAMSb=\mathgroup5
LaTeX Font Info:    Redeclaring math symbol \hbar on input line 98.
LaTeX Font Info:    Overwriting math alphabet `\mathfrak' in version `bold'
(Font)                  U/euf/m/n --> U/euf/b/n on input line 106.
)
(D:\Program Files (x86)\Miktex\tex/latex/tcolorbox\tcolorbox.sty
Package: tcolorbox 2022/01/07 version 5.0.2 text color boxes

(D:\Program Files (x86)\Miktex\tex/latex/pgf/basiclayer\pgf.sty
(D:\Program Files (x86)\Miktex\tex/latex/pgf/utilities\pgfrcs.sty
(D:\Program Files (x86)\Miktex\tex/generic/pgf/utilities\pgfutil-common.tex
\pgfutil@everybye=\toks24
\pgfutil@tempdima=\dimen149
\pgfutil@tempdimb=\dimen150

(D:\Program Files (x86)\Miktex\tex/generic/pgf/utilities\pgfutil-common-lists.t
ex)) (D:\Program Files (x86)\Miktex\tex/generic/pgf/utilities\pgfutil-latex.def
\pgfutil@abb=\box52
) (D:\Program Files (x86)\Miktex\tex/generic/pgf/utilities\pgfrcs.code.tex
(D:\Program Files (x86)\Miktex\tex/generic/pgf\pgf.revision.tex)
Package: pgfrcs 2021/05/15 v3.1.9a (3.1.9a)
))
Package: pgf 2021/05/15 v3.1.9a (3.1.9a)

(D:\Program Files (x86)\Miktex\tex/latex/pgf/basiclayer\pgfcore.sty
(D:\Program Files (x86)\Miktex\tex/latex/graphics\graphicx.sty
Package: graphicx 2021/09/16 v1.2d Enhanced LaTeX Graphics (DPC,SPQR)

(D:\Program Files (x86)\Miktex\tex/latex/graphics\keyval.sty
Package: keyval 2014/10/28 v1.15 key=value parser (DPC)
\KV@toks@=\toks25
)
(D:\Program Files (x86)\Miktex\tex/latex/graphics\graphics.sty
Package: graphics 2021/03/04 v1.4d Standard LaTeX Graphics (DPC,SPQR)

(D:\Program Files (x86)\Miktex\tex/latex/graphics\trig.sty
Package: trig 2021/08/11 v1.11 sin cos tan (DPC)
)
(D:\Program Files (x86)\Miktex\tex/latex/graphics-cfg\graphics.cfg
File: graphics.cfg 2016/06/04 v1.11 sample graphics configuration
)
Package graphics Info: Driver file: pdftex.def on input line 107.

(D:\Program Files (x86)\Miktex\tex/latex/graphics-def\pdftex.def
File: pdftex.def 2020/10/05 v1.2a Graphics/color driver for pdftex
))
\Gin@req@height=\dimen151
\Gin@req@width=\dimen152
)
(D:\Program Files (x86)\Miktex\tex/latex/pgf/systemlayer\pgfsys.sty
(D:\Program Files (x86)\Miktex\tex/generic/pgf/systemlayer\pgfsys.code.tex
Package: pgfsys 2021/05/15 v3.1.9a (3.1.9a)

(D:\Program Files (x86)\Miktex\tex/generic/pgf/utilities\pgfkeys.code.tex
\pgfkeys@pathtoks=\toks26
\pgfkeys@temptoks=\toks27

(D:\Program Files (x86)\Miktex\tex/generic/pgf/utilities\pgfkeysfiltered.code.t
ex
\pgfkeys@tmptoks=\toks28
))
\pgf@x=\dimen153
\pgf@y=\dimen154
\pgf@xa=\dimen155
\pgf@ya=\dimen156
\pgf@xb=\dimen157
\pgf@yb=\dimen158
\pgf@xc=\dimen159
\pgf@yc=\dimen160
\pgf@xd=\dimen161
\pgf@yd=\dimen162
\w@pgf@writea=\write4
\r@pgf@reada=\read3
\c@pgf@counta=\count274
\c@pgf@countb=\count275
\c@pgf@countc=\count276
\c@pgf@countd=\count277
\t@pgf@toka=\toks29
\t@pgf@tokb=\toks30
\t@pgf@tokc=\toks31
\pgf@sys@id@count=\count278
 (D:\Program Files (x86)\Miktex\tex/generic/pgf/systemlayer\pgf.cfg
File: pgf.cfg 2021/05/15 v3.1.9a (3.1.9a)
)
Driver file for pgf: pgfsys-pdftex.def

(D:\Program Files (x86)\Miktex\tex/generic/pgf/systemlayer\pgfsys-pdftex.def
File: pgfsys-pdftex.def 2021/05/15 v3.1.9a (3.1.9a)

(D:\Program Files (x86)\Miktex\tex/generic/pgf/systemlayer\pgfsys-common-pdf.de
f
File: pgfsys-common-pdf.def 2021/05/15 v3.1.9a (3.1.9a)
)))
(D:\Program Files (x86)\Miktex\tex/generic/pgf/systemlayer\pgfsyssoftpath.code.
tex
File: pgfsyssoftpath.code.tex 2021/05/15 v3.1.9a (3.1.9a)
\pgfsyssoftpath@smallbuffer@items=\count279
\pgfsyssoftpath@bigbuffer@items=\count280
)
(D:\Program Files (x86)\Miktex\tex/generic/pgf/systemlayer\pgfsysprotocol.code.
tex
File: pgfsysprotocol.code.tex 2021/05/15 v3.1.9a (3.1.9a)
)) (D:\Program Files (x86)\Miktex\tex/latex/xcolor\xcolor.sty
Package: xcolor 2021/10/31 v2.13 LaTeX color extensions (UK)

(D:\Program Files (x86)\Miktex\tex/latex/graphics-cfg\color.cfg
File: color.cfg 2016/01/02 v1.6 sample color configuration
)
Package xcolor Info: Driver file: pdftex.def on input line 227.
Package xcolor Info: Model `cmy' substituted by `cmy0' on input line 1352.
Package xcolor Info: Model `hsb' substituted by `rgb' on input line 1356.
Package xcolor Info: Model `RGB' extended on input line 1368.
Package xcolor Info: Model `HTML' substituted by `rgb' on input line 1370.
Package xcolor Info: Model `Hsb' substituted by `hsb' on input line 1371.
Package xcolor Info: Model `tHsb' substituted by `hsb' on input line 1372.
Package xcolor Info: Model `HSB' substituted by `hsb' on input line 1373.
Package xcolor Info: Model `Gray' substituted by `gray' on input line 1374.
Package xcolor Info: Model `wave' substituted by `hsb' on input line 1375.
)
(D:\Program Files (x86)\Miktex\tex/generic/pgf/basiclayer\pgfcore.code.tex
Package: pgfcore 2021/05/15 v3.1.9a (3.1.9a)

(D:\Program Files (x86)\Miktex\tex/generic/pgf/math\pgfmath.code.tex
(D:\Program Files (x86)\Miktex\tex/generic/pgf/math\pgfmathcalc.code.tex
(D:\Program Files (x86)\Miktex\tex/generic/pgf/math\pgfmathutil.code.tex)
(D:\Program Files (x86)\Miktex\tex/generic/pgf/math\pgfmathparser.code.tex
\pgfmath@dimen=\dimen163
\pgfmath@count=\count281
\pgfmath@box=\box53
\pgfmath@toks=\toks32
\pgfmath@stack@operand=\toks33
\pgfmath@stack@operation=\toks34
)
(D:\Program Files (x86)\Miktex\tex/generic/pgf/math\pgfmathfunctions.code.tex
(D:\Program Files (x86)\Miktex\tex/generic/pgf/math\pgfmathfunctions.basic.code
.tex)
(D:\Program Files (x86)\Miktex\tex/generic/pgf/math\pgfmathfunctions.trigonomet
ric.code.tex)
(D:\Program Files (x86)\Miktex\tex/generic/pgf/math\pgfmathfunctions.random.cod
e.tex)
(D:\Program Files (x86)\Miktex\tex/generic/pgf/math\pgfmathfunctions.comparison
.code.tex)
(D:\Program Files (x86)\Miktex\tex/generic/pgf/math\pgfmathfunctions.base.code.
tex)
(D:\Program Files (x86)\Miktex\tex/generic/pgf/math\pgfmathfunctions.round.code
.tex)
(D:\Program Files (x86)\Miktex\tex/generic/pgf/math\pgfmathfunctions.misc.code.
tex)
(D:\Program Files (x86)\Miktex\tex/generic/pgf/math\pgfmathfunctions.integerari
thmetics.code.tex)))
(D:\Program Files (x86)\Miktex\tex/generic/pgf/math\pgfmathfloat.code.tex
\c@pgfmathroundto@lastzeros=\count282
))
(D:\Program Files (x86)\Miktex\tex/generic/pgf/math\pgfint.code.tex)
(D:\Program Files (x86)\Miktex\tex/generic/pgf/basiclayer\pgfcorepoints.code.te
x
File: pgfcorepoints.code.tex 2021/05/15 v3.1.9a (3.1.9a)
\pgf@picminx=\dimen164
\pgf@picmaxx=\dimen165
\pgf@picminy=\dimen166
\pgf@picmaxy=\dimen167
\pgf@pathminx=\dimen168
\pgf@pathmaxx=\dimen169
\pgf@pathminy=\dimen170
\pgf@pathmaxy=\dimen171
\pgf@xx=\dimen172
\pgf@xy=\dimen173
\pgf@yx=\dimen174
\pgf@yy=\dimen175
\pgf@zx=\dimen176
\pgf@zy=\dimen177
)
(D:\Program Files (x86)\Miktex\tex/generic/pgf/basiclayer\pgfcorepathconstruct.
code.tex
File: pgfcorepathconstruct.code.tex 2021/05/15 v3.1.9a (3.1.9a)
\pgf@path@lastx=\dimen178
\pgf@path@lasty=\dimen179
)
(D:\Program Files (x86)\Miktex\tex/generic/pgf/basiclayer\pgfcorepathusage.code
.tex
File: pgfcorepathusage.code.tex 2021/05/15 v3.1.9a (3.1.9a)
\pgf@shorten@end@additional=\dimen180
\pgf@shorten@start@additional=\dimen181
)
(D:\Program Files (x86)\Miktex\tex/generic/pgf/basiclayer\pgfcorescopes.code.te
x
File: pgfcorescopes.code.tex 2021/05/15 v3.1.9a (3.1.9a)
\pgfpic=\box54
\pgf@hbox=\box55
\pgf@layerbox@main=\box56
\pgf@picture@serial@count=\count283
)
(D:\Program Files (x86)\Miktex\tex/generic/pgf/basiclayer\pgfcoregraphicstate.c
ode.tex
File: pgfcoregraphicstate.code.tex 2021/05/15 v3.1.9a (3.1.9a)
\pgflinewidth=\dimen182
)
(D:\Program Files (x86)\Miktex\tex/generic/pgf/basiclayer\pgfcoretransformation
s.code.tex
File: pgfcoretransformations.code.tex 2021/05/15 v3.1.9a (3.1.9a)
\pgf@pt@x=\dimen183
\pgf@pt@y=\dimen184
\pgf@pt@temp=\dimen185
)
(D:\Program Files (x86)\Miktex\tex/generic/pgf/basiclayer\pgfcorequick.code.tex
File: pgfcorequick.code.tex 2021/05/15 v3.1.9a (3.1.9a)
)
(D:\Program Files (x86)\Miktex\tex/generic/pgf/basiclayer\pgfcoreobjects.code.t
ex
File: pgfcoreobjects.code.tex 2021/05/15 v3.1.9a (3.1.9a)
)
(D:\Program Files (x86)\Miktex\tex/generic/pgf/basiclayer\pgfcorepathprocessing
.code.tex
File: pgfcorepathprocessing.code.tex 2021/05/15 v3.1.9a (3.1.9a)
)
(D:\Program Files (x86)\Miktex\tex/generic/pgf/basiclayer\pgfcorearrows.code.te
x
File: pgfcorearrows.code.tex 2021/05/15 v3.1.9a (3.1.9a)
\pgfarrowsep=\dimen186
)
(D:\Program Files (x86)\Miktex\tex/generic/pgf/basiclayer\pgfcoreshade.code.tex
File: pgfcoreshade.code.tex 2021/05/15 v3.1.9a (3.1.9a)
\pgf@max=\dimen187
\pgf@sys@shading@range@num=\count284
\pgf@shadingcount=\count285
)
(D:\Program Files (x86)\Miktex\tex/generic/pgf/basiclayer\pgfcoreimage.code.tex
File: pgfcoreimage.code.tex 2021/05/15 v3.1.9a (3.1.9a)

(D:\Program Files (x86)\Miktex\tex/generic/pgf/basiclayer\pgfcoreexternal.code.
tex
File: pgfcoreexternal.code.tex 2021/05/15 v3.1.9a (3.1.9a)
\pgfexternal@startupbox=\box57
))
(D:\Program Files (x86)\Miktex\tex/generic/pgf/basiclayer\pgfcorelayers.code.te
x
File: pgfcorelayers.code.tex 2021/05/15 v3.1.9a (3.1.9a)
)
(D:\Program Files (x86)\Miktex\tex/generic/pgf/basiclayer\pgfcoretransparency.c
ode.tex
File: pgfcoretransparency.code.tex 2021/05/15 v3.1.9a (3.1.9a)
)
(D:\Program Files (x86)\Miktex\tex/generic/pgf/basiclayer\pgfcorepatterns.code.
tex
File: pgfcorepatterns.code.tex 2021/05/15 v3.1.9a (3.1.9a)
)
(D:\Program Files (x86)\Miktex\tex/generic/pgf/basiclayer\pgfcorerdf.code.tex
File: pgfcorerdf.code.tex 2021/05/15 v3.1.9a (3.1.9a)
)))
(D:\Program Files (x86)\Miktex\tex/generic/pgf/modules\pgfmoduleshapes.code.tex
File: pgfmoduleshapes.code.tex 2021/05/15 v3.1.9a (3.1.9a)
\pgfnodeparttextbox=\box58
) (D:\Program Files (x86)\Miktex\tex/generic/pgf/modules\pgfmoduleplot.code.tex
File: pgfmoduleplot.code.tex 2021/05/15 v3.1.9a (3.1.9a)
)
(D:\Program Files (x86)\Miktex\tex/latex/pgf/compatibility\pgfcomp-version-0-65
.sty
Package: pgfcomp-version-0-65 2021/05/15 v3.1.9a (3.1.9a)
\pgf@nodesepstart=\dimen188
\pgf@nodesepend=\dimen189
)
(D:\Program Files (x86)\Miktex\tex/latex/pgf/compatibility\pgfcomp-version-1-18
.sty
Package: pgfcomp-version-1-18 2021/05/15 v3.1.9a (3.1.9a)
)) (D:\Program Files (x86)\Miktex\tex/latex/tools\verbatim.sty
Package: verbatim 2020-07-07 v1.5u LaTeX2e package for verbatim enhancements
\every@verbatim=\toks35
\verbatim@line=\toks36
\verbatim@in@stream=\read4
)
(D:\Program Files (x86)\Miktex\tex/latex/environ\environ.sty
Package: environ 2014/05/04 v0.3 A new way to define environments

(D:\Program Files (x86)\Miktex\tex/latex/trimspaces\trimspaces.sty
Package: trimspaces 2009/09/17 v1.1 Trim spaces around a token list
))
(D:\Program Files (x86)\Miktex\tex/latex/etoolbox\etoolbox.sty
Package: etoolbox 2020/10/05 v2.5k e-TeX tools for LaTeX (JAW)
\etb@tempcnta=\count286
)
\tcb@titlebox=\box59
\tcb@upperbox=\box60
\tcb@lowerbox=\box61
\tcb@phantombox=\box62
\c@tcbbreakpart=\count287
\c@tcblayer=\count288
\c@tcolorbox@number=\count289
\tcb@temp=\box63
\tcb@temp=\box64
\tcb@temp=\box65
\tcb@temp=\box66
)
(D:\Program Files (x86)\Miktex\tex/generic/soul\soul.sty
Package: soul 2003/11/17 v2.4 letterspacing/underlining (mf)
\SOUL@word=\toks37
\SOUL@lasttoken=\toks38
\SOUL@cmds=\toks39
\SOUL@buffer=\toks40
\SOUL@token=\toks41
\SOUL@spaceskip=\skip52
\SOUL@ttwidth=\dimen190
\SOUL@uldp=\dimen191
\SOUL@ulht=\dimen192
)
(D:\Program Files (x86)\Miktex\tex/latex/enumitem\enumitem.sty
Package: enumitem 2019/06/20 v3.9 Customized lists
\labelindent=\skip53
\enit@outerparindent=\dimen193
\enit@toks=\toks42
\enit@inbox=\box67
\enit@count@id=\count290
\enitdp@description=\count291
)
(D:\Program Files (x86)\Miktex\tex/latex/biblatex\biblatex.sty
Package: biblatex 2022/02/02 v3.17 programmable bibliographies (PK/MW)

(D:\Program Files (x86)\Miktex\tex/generic/pdftexcmds\pdftexcmds.sty
Package: pdftexcmds 2020-06-27 v0.33 Utility functions of pdfTeX for LuaTeX (HO
)

(D:\Program Files (x86)\Miktex\tex/generic/infwarerr\infwarerr.sty
Package: infwarerr 2019/12/03 v1.5 Providing info/warning/error messages (HO)
)
(D:\Program Files (x86)\Miktex\tex/generic/iftex\iftex.sty
Package: iftex 2022/02/03 v1.0f TeX engine tests
)
(D:\Program Files (x86)\Miktex\tex/generic/ltxcmds\ltxcmds.sty
Package: ltxcmds 2020-05-10 v1.25 LaTeX kernel commands for general use (HO)
)
Package pdftexcmds Info: \pdf@primitive is available.
Package pdftexcmds Info: \pdf@ifprimitive is available.
Package pdftexcmds Info: \pdfdraftmode found.
)
(D:\Program Files (x86)\Miktex\tex/latex/kvoptions\kvoptions.sty
Package: kvoptions 2020-10-07 v3.14 Key value format for package options (HO)

(D:\Program Files (x86)\Miktex\tex/generic/kvsetkeys\kvsetkeys.sty
Package: kvsetkeys 2019/12/15 v1.18 Key value parser (HO)
))
(D:\Program Files (x86)\Miktex\tex/latex/logreq\logreq.sty
Package: logreq 2010/08/04 v1.0 xml request logger
\lrq@indent=\count292

(D:\Program Files (x86)\Miktex\tex/latex/logreq\logreq.def
File: logreq.def 2010/08/04 v1.0 logreq spec v1.0
))
(D:\Program Files (x86)\Miktex\tex/latex/base\ifthen.sty
Package: ifthen 2020/11/24 v1.1c Standard LaTeX ifthen package (DPC)
)
(D:\Program Files (x86)\Miktex\tex/latex/url\url.sty
\Urlmuskip=\muskip17
Package: url 2013/09/16  ver 3.4  Verb mode for urls, etc.
)
\c@tabx@nest=\count293
\c@listtotal=\count294
\c@listcount=\count295
\c@liststart=\count296
\c@liststop=\count297
\c@citecount=\count298
\c@citetotal=\count299
\c@multicitecount=\count300
\c@multicitetotal=\count301
\c@instcount=\count302
\c@maxnames=\count303
\c@minnames=\count304
\c@maxitems=\count305
\c@minitems=\count306
\c@citecounter=\count307
\c@maxcitecounter=\count308
\c@savedcitecounter=\count309
\c@uniquelist=\count310
\c@uniquename=\count311
\c@refsection=\count312
\c@refsegment=\count313
\c@maxextratitle=\count314
\c@maxextratitleyear=\count315
\c@maxextraname=\count316
\c@maxextradate=\count317
\c@maxextraalpha=\count318
\c@abbrvpenalty=\count319
\c@highnamepenalty=\count320
\c@lownamepenalty=\count321
\c@maxparens=\count322
\c@parenlevel=\count323
\blx@tempcnta=\count324
\blx@tempcntb=\count325
\blx@tempcntc=\count326
\c@blx@maxsection=\count327
\c@blx@maxsegment@0=\count328
\blx@notetype=\count329
\blx@parenlevel@text=\count330
\blx@parenlevel@foot=\count331
\c@blx@sectionciteorder@0=\count332
\blx@entrysetcounter=\count333
\blx@biblioinstance=\count334
\labelnumberwidth=\skip54
\labelalphawidth=\skip55
\biblabelsep=\skip56
\bibitemsep=\skip57
\bibnamesep=\skip58
\bibinitsep=\skip59
\bibparsep=\skip60
\bibhang=\skip61
\blx@bcfin=\read5
\blx@bcfout=\write5
\blx@langwohyphens=\language80
\c@mincomprange=\count335
\c@maxcomprange=\count336
\c@mincompwidth=\count337
Package biblatex Info: Trying to load biblatex default data model...
Package biblatex Info: ... file 'blx-dm.def' found.

(D:\Program Files (x86)\Miktex\tex/latex/biblatex\blx-dm.def
File: blx-dm.def 2022/02/02 v3.17 biblatex localization (PK/MW)
)
Package biblatex Info: Trying to load biblatex custom data model...
Package biblatex Info: ... file 'biblatex-dm.cfg' not found.
\c@afterword=\count338
\c@savedafterword=\count339
\c@annotator=\count340
\c@savedannotator=\count341
\c@author=\count342
\c@savedauthor=\count343
\c@bookauthor=\count344
\c@savedbookauthor=\count345
\c@commentator=\count346
\c@savedcommentator=\count347
\c@editor=\count348
\c@savededitor=\count349
\c@editora=\count350
\c@savededitora=\count351
\c@editorb=\count352
\c@savededitorb=\count353
\c@editorc=\count354
\c@savededitorc=\count355
\c@foreword=\count356
\c@savedforeword=\count357
\c@holder=\count358
\c@savedholder=\count359
\c@introduction=\count360
\c@savedintroduction=\count361
\c@namea=\count362
\c@savednamea=\count363
\c@nameb=\count364
\c@savednameb=\count365
\c@namec=\count366
\c@savednamec=\count367
\c@translator=\count368
\c@savedtranslator=\count369
\c@shortauthor=\count370
\c@savedshortauthor=\count371
\c@shorteditor=\count372
\c@savedshorteditor=\count373
\c@labelname=\count374
\c@savedlabelname=\count375
\c@institution=\count376
\c@savedinstitution=\count377
\c@lista=\count378
\c@savedlista=\count379
\c@listb=\count380
\c@savedlistb=\count381
\c@listc=\count382
\c@savedlistc=\count383
\c@listd=\count384
\c@savedlistd=\count385
\c@liste=\count386
\c@savedliste=\count387
\c@listf=\count388
\c@savedlistf=\count389
\c@location=\count390
\c@savedlocation=\count391
\c@organization=\count392
\c@savedorganization=\count393
\c@origlocation=\count394
\c@savedoriglocation=\count395
\c@origpublisher=\count396
\c@savedorigpublisher=\count397
\c@publisher=\count398
\c@savedpublisher=\count399
\c@language=\count400
\c@savedlanguage=\count401
\c@origlanguage=\count402
\c@savedoriglanguage=\count403
\c@pageref=\count404
\c@savedpageref=\count405
\shorthandwidth=\skip62
\shortjournalwidth=\skip63
\shortserieswidth=\skip64
\shorttitlewidth=\skip65
\shortauthorwidth=\skip66
\shorteditorwidth=\skip67
\locallabelnumberwidth=\skip68
\locallabelalphawidth=\skip69
\localshorthandwidth=\skip70
\localshortjournalwidth=\skip71
\localshortserieswidth=\skip72
\localshorttitlewidth=\skip73
\localshortauthorwidth=\skip74
\localshorteditorwidth=\skip75
Package biblatex Info: Trying to load compatibility code...
Package biblatex Info: ... file 'blx-compat.def' found.

(D:\Program Files (x86)\Miktex\tex/latex/biblatex\blx-compat.def
File: blx-compat.def 2022/02/02 v3.17 biblatex compatibility (PK/MW)
)
Package biblatex Info: Trying to load BibTeX backend compatibility...
Package biblatex Info: ... file 'blx-bibtex.def' found.

(D:\Program Files (x86)\Miktex\tex/latex/biblatex\blx-bibtex.def
File: blx-bibtex.def 2022/02/02 v3.17 biblatex compatibility (PK/MW)


Package biblatex Warning: Using fall-back BibTeX(8) backend:
(biblatex)                functionality may be reduced/unavailable.

)
Package biblatex Info: Trying to load generic definitions...
Package biblatex Info: ... file 'biblatex.def' found.
 (D:\Program Files (x86)\Miktex\tex/latex/biblatex\biblatex.def
File: biblatex.def 2022/02/02 v3.17 biblatex compatibility (PK/MW)
\c@textcitecount=\count406
\c@textcitetotal=\count407
\c@textcitemaxnames=\count408
\c@biburlbigbreakpenalty=\count409
\c@biburlbreakpenalty=\count410
\c@biburlnumpenalty=\count411
\c@biburlucpenalty=\count412
\c@biburllcpenalty=\count413
\biburlbigskip=\muskip18
\biburlnumskip=\muskip19
\biburlucskip=\muskip20
\biburllcskip=\muskip21
\c@smartand=\count414
)
Package biblatex Info: Trying to load bibliography style 'numeric'...
Package biblatex Info: ... file 'numeric.bbx' found.

(D:\Program Files (x86)\Miktex\tex/latex/biblatex/bbx\numeric.bbx
File: numeric.bbx 2022/02/02 v3.17 biblatex bibliography style (PK/MW)
Package biblatex Info: Trying to load bibliography style 'standard'...
Package biblatex Info: ... file 'standard.bbx' found.

(D:\Program Files (x86)\Miktex\tex/latex/biblatex/bbx\standard.bbx
File: standard.bbx 2022/02/02 v3.17 biblatex bibliography style (PK/MW)
\c@bbx:relatedcount=\count415
\c@bbx:relatedtotal=\count416
))
Package biblatex Info: Trying to load citation style 'numeric'...
Package biblatex Info: ... file 'numeric.cbx' found.

(D:\Program Files (x86)\Miktex\tex/latex/biblatex/cbx\numeric.cbx
File: numeric.cbx 2022/02/02 v3.17 biblatex citation style (PK/MW)
Package biblatex Info: Redefining '\cite'.
Package biblatex Info: Redefining '\parencite'.
Package biblatex Info: Redefining '\footcite'.
Package biblatex Info: Redefining '\footcitetext'.
Package biblatex Info: Redefining '\smartcite'.
Package biblatex Info: Redefining '\supercite'.
Package biblatex Info: Redefining '\textcite'.
Package biblatex Info: Redefining '\textcites'.
Package biblatex Info: Redefining '\cites'.
Package biblatex Info: Redefining '\parencites'.
Package biblatex Info: Redefining '\smartcites'.
)
Package biblatex Info: Trying to load configuration file...
Package biblatex Info: ... file 'biblatex.cfg' found.

(D:\Program Files (x86)\Miktex\tex/latex/biblatex\biblatex.cfg
File: biblatex.cfg 
)
Package biblatex Info: Input encoding 'utf8' detected.
Package biblatex Info: Document encoding is UTF8 ....

(D:\Program Files (x86)\Miktex\tex/latex/l3kernel\expl3.sty
Package: expl3 2022-02-24 L3 programming layer (loader) 

(D:\Program Files (x86)\Miktex\tex/latex/l3backend\l3backend-pdftex.def
File: l3backend-pdftex.def 2022-02-07 L3 backend support: PDF output (pdfTeX)
\l__color_backend_stack_int=\count417
\l__pdf_internal_box=\box68
))
Package biblatex Info: ... and expl3
(biblatex)             2022-02-24 L3 programming layer (loader) 
(biblatex)             is new enough (at least 2020/04/06),
(biblatex)             setting 'casechanger=expl3'.

(D:\Program Files (x86)\Miktex\tex/latex/biblatex\blx-case-expl3.sty
(D:\Program Files (x86)\Miktex\tex/latex/l3packages/xparse\xparse.sty
Package: xparse 2022-01-12 L3 Experimental document command parser
)
Package: blx-case-expl3 2022/02/02 v3.17 expl3 case changing code for biblatex
))
(D:\Program Files (x86)\Miktex\tex/latex/hyphenat\hyphenat.sty
Package: hyphenat 2009/09/02 v2.3c hyphenation utilities
\langwohyphens=\language81
LaTeX Info: Redefining \_ on input line 43.
)
(D:\Program Files (x86)\Miktex\tex/latex/amsfonts\amssymb.sty
Package: amssymb 2013/01/14 v3.01 AMS font symbols
)
(D:\Program Files (x86)\Miktex\tex/latex/subfigure\subfigure.sty
Package: subfigure 2002/07/30 v2.1.4 subfigure package
\subfigtopskip=\skip76
\subfigcapskip=\skip77
\subfigcaptopadj=\dimen194
\subfigbottomskip=\skip78
\subfigcapmargin=\dimen195
\subfiglabelskip=\skip79
\c@subfigure=\count418
\c@lofdepth=\count419
\c@subtable=\count420
\c@lotdepth=\count421

****************************************
* Local config file subfigure.cfg used *
****************************************
(D:\Program Files (x86)\Miktex\tex/latex/subfigure\subfigure.cfg)
\subfig@top=\skip80
\subfig@bottom=\skip81
)
(D:\Program Files (x86)\Miktex\tex/latex/chngcntr\chngcntr.sty
Package: chngcntr 2018/04/09 v1.1a change counter resetting
Package chngcntr Info: \counterwithout already defined.
(chngcntr)             Quitting chngcntr on input line 21.
)
(D:\Program Files (x86)\Miktex\tex/latex/caption\caption.sty
Package: caption 2022/03/01 v3.6b Customizing captions (AR)

(D:\Program Files (x86)\Miktex\tex/latex/caption\caption3.sty
Package: caption3 2022/03/17 v2.3b caption3 kernel (AR)
\caption@tempdima=\dimen196
\captionmargin=\dimen197
\caption@leftmargin=\dimen198
\caption@rightmargin=\dimen199
\caption@width=\dimen256
\caption@indent=\dimen257
\caption@parindent=\dimen258
\caption@hangindent=\dimen259
Package caption Info: Standard document class detected.
)
\c@caption@flags=\count422
\c@continuedfloat=\count423
Package caption Info: subfigure package is loaded.
)
(D:\Program Files (x86)\Miktex\tex/latex/mwe\mwe.sty
Package: mwe 2018/03/30 v0.5 Package to support minimal working examples (MWE)

(D:\Program Files (x86)\Miktex\tex/latex/lipsum\lipsum.sty
(D:\Program Files (x86)\Miktex\tex/latex/l3packages/l3keys2e\l3keys2e.sty
Package: l3keys2e 2022-01-12 LaTeX2e option processing using LaTeX3 keys
)
Package: lipsum 2021-09-20 v2.7 150 paragraphs of Lorem Ipsum dummy text
\g__lipsum_par_int=\count424
\l__lipsum_a_int=\count425
\l__lipsum_b_int=\count426

(D:\Program Files (x86)\Miktex\tex/latex/lipsum\lipsum.ltd.tex))
(D:\Program Files (x86)\Miktex\tex/latex/blindtext\blindtext.sty
Package: blindtext 2012/01/06 V2.0 blindtext-Package

(D:\Program Files (x86)\Miktex\tex/latex/tools\xspace.sty
Package: xspace 2014/10/28 v1.13 Space after command names (DPC,MH)
)
\c@blindtext=\count427
\c@Blindtext=\count428
\c@blind@countparstart=\count429
\blind@countxx=\count430
\blindtext@numBlindtext=\count431
\blind@countyy=\count432
\c@blindlist=\count433
\c@blindlistlevel=\count434
\c@blindlist@level=\count435
\blind@listitem=\count436
\c@blind@listcount=\count437
\c@blind@levelcount=\count438
\blind@mathformula=\count439
\blind@Mathformula=\count440
\c@blind@randomcount=\count441
\c@blind@randommax=\count442
\c@blind@pangramcount=\count443
\c@blind@pangrammax=\count444
))
(D:\Program Files (x86)\Miktex\tex/latex/hyperref\hyperref.sty
Package: hyperref 2022-02-21 v7.00n Hypertext links for LaTeX

(D:\Program Files (x86)\Miktex\tex/generic/kvdefinekeys\kvdefinekeys.sty
Package: kvdefinekeys 2019-12-19 v1.6 Define keys (HO)
)
(D:\Program Files (x86)\Miktex\tex/generic/pdfescape\pdfescape.sty
Package: pdfescape 2019/12/09 v1.15 Implements pdfTeX's escape features (HO)
)
(D:\Program Files (x86)\Miktex\tex/latex/hycolor\hycolor.sty
Package: hycolor 2020-01-27 v1.10 Color options for hyperref/bookmark (HO)
)
(D:\Program Files (x86)\Miktex\tex/latex/letltxmacro\letltxmacro.sty
Package: letltxmacro 2019/12/03 v1.6 Let assignment for LaTeX macros (HO)
)
(D:\Program Files (x86)\Miktex\tex/latex/auxhook\auxhook.sty
Package: auxhook 2019-12-17 v1.6 Hooks for auxiliary files (HO)
)
\@linkdim=\dimen260
\Hy@linkcounter=\count445
\Hy@pagecounter=\count446

(D:\Program Files (x86)\Miktex\tex/latex/hyperref\pd1enc.def
File: pd1enc.def 2022-02-21 v7.00n Hyperref: PDFDocEncoding definition (HO)
Now handling font encoding PD1 ...
... no UTF-8 mapping file for font encoding PD1
)
(D:\Program Files (x86)\Miktex\tex/generic/intcalc\intcalc.sty
Package: intcalc 2019/12/15 v1.3 Expandable calculations with integers (HO)
)
(D:\Program Files (x86)\Miktex\tex/generic/etexcmds\etexcmds.sty
Package: etexcmds 2019/12/15 v1.7 Avoid name clashes with e-TeX commands (HO)
)
\Hy@SavedSpaceFactor=\count447

(D:\Program Files (x86)\Miktex\tex/latex/hyperref\puenc.def
File: puenc.def 2022-02-21 v7.00n Hyperref: PDF Unicode definition (HO)
Now handling font encoding PU ...
... no UTF-8 mapping file for font encoding PU
)
Package hyperref Info: Hyper figures OFF on input line 4137.
Package hyperref Info: Link nesting OFF on input line 4142.
Package hyperref Info: Hyper index ON on input line 4145.
Package hyperref Info: Plain pages OFF on input line 4152.
Package hyperref Info: Backreferencing OFF on input line 4157.
Package hyperref Info: Implicit mode ON; LaTeX internals redefined.
Package hyperref Info: Bookmarks ON on input line 4390.
\c@Hy@tempcnt=\count448
LaTeX Info: Redefining \url on input line 4749.
\XeTeXLinkMargin=\dimen261

(D:\Program Files (x86)\Miktex\tex/generic/bitset\bitset.sty
Package: bitset 2019/12/09 v1.3 Handle bit-vector datatype (HO)

(D:\Program Files (x86)\Miktex\tex/generic/bigintcalc\bigintcalc.sty
Package: bigintcalc 2019/12/15 v1.5 Expandable calculations on big integers (HO
)
))
\Fld@menulength=\count449
\Field@Width=\dimen262
\Fld@charsize=\dimen263
Package hyperref Info: Hyper figures OFF on input line 6027.
Package hyperref Info: Link nesting OFF on input line 6032.
Package hyperref Info: Hyper index ON on input line 6035.
Package hyperref Info: backreferencing OFF on input line 6042.
Package hyperref Info: Link coloring OFF on input line 6047.
Package hyperref Info: Link coloring with OCG OFF on input line 6052.
Package hyperref Info: PDF/A mode OFF on input line 6057.
LaTeX Info: Redefining \ref on input line 6097.
LaTeX Info: Redefining \pageref on input line 6101.

(D:\Program Files (x86)\Miktex\tex/latex/base\atbegshi-ltx.sty
Package: atbegshi-ltx 2021/01/10 v1.0c Emulation of the original atbegshi
package with kernel methods
)
\Hy@abspage=\count450
\c@Item=\count451
\c@Hfootnote=\count452
)
Package hyperref Info: Driver (autodetected): hpdftex.

(D:\Program Files (x86)\Miktex\tex/latex/hyperref\hpdftex.def
File: hpdftex.def 2022-02-21 v7.00n Hyperref driver for pdfTeX

(D:\Program Files (x86)\Miktex\tex/latex/base\atveryend-ltx.sty
Package: atveryend-ltx 2020/08/19 v1.0a Emulation of the original atveryend pac
kage
with kernel methods
)
\Fld@listcount=\count453
\c@bookmark@seq@number=\count454

(D:\Program Files (x86)\Miktex\tex/latex/rerunfilecheck\rerunfilecheck.sty
Package: rerunfilecheck 2019/12/05 v1.9 Rerun checks for auxiliary files (HO)

(D:\Program Files (x86)\Miktex\tex/generic/uniquecounter\uniquecounter.sty
Package: uniquecounter 2019/12/15 v1.4 Provide unlimited unique counter (HO)
)
Package uniquecounter Info: New unique counter `rerunfilecheck' on input line 2
86.
)
\Hy@SectionHShift=\skip82
)
Package hyperref Info: Option `colorlinks' set `true' on input line 67.

(D:\Program Files (x86)\Miktex\tex/latex/float\float.sty
Package: float 2001/11/08 v1.3d Float enhancements (AL)
\c@float@type=\count455
\float@exts=\toks43
\float@box=\box69
\@float@everytoks=\toks44
\@floatcapt=\box70
)
(D:\Program Files (x86)\Miktex\tex/latex/psnfss\mathpazo.sty
Package: mathpazo 2020/03/25 PSNFSS-v9.3 Palatino w/ Pazo Math (D.Puga, WaS) 
\symupright=\mathgroup6
)
(D:\Program Files (x86)\Miktex\tex/latex/geometry\geometry.sty
Package: geometry 2020/01/02 v5.9 Page Geometry

(D:\Program Files (x86)\Miktex\tex/generic/iftex\ifvtex.sty
Package: ifvtex 2019/10/25 v1.7 ifvtex legacy package. Use iftex instead.
)
\Gm@cnth=\count456
\Gm@cntv=\count457
\c@Gm@tempcnt=\count458
\Gm@bindingoffset=\dimen264
\Gm@wd@mp=\dimen265
\Gm@odd@mp=\dimen266
\Gm@even@mp=\dimen267
\Gm@layoutwidth=\dimen268
\Gm@layoutheight=\dimen269
\Gm@layouthoffset=\dimen270
\Gm@layoutvoffset=\dimen271
\Gm@dimlist=\toks45

(D:\Program Files (x86)\Miktex\tex/latex/geometry\geometry.cfg))

Package biblatex Warning: 'babel/polyglossia' detected but 'csquotes' missing.
(biblatex)                Loading 'csquotes' recommended.

\@quotelevel=\count459
\@quotereset=\count460
LaTeX Font Info:    Trying to load font information for T1+ppl on input line 75
.
(D:\Program Files (x86)\Miktex\tex/latex/psnfss\t1ppl.fd
File: t1ppl.fd 2001/06/04 font definitions for T1/ppl.
) (automa.aux
LaTeX Info: Redefining \. on input line 29.
LaTeX Info: Redefining \% on input line 29.
)
\openout1 = `automa.aux'.

LaTeX Font Info:    Checking defaults for OML/cmm/m/it on input line 75.
LaTeX Font Info:    ... okay on input line 75.
LaTeX Font Info:    Checking defaults for OMS/cmsy/m/n on input line 75.
LaTeX Font Info:    ... okay on input line 75.
LaTeX Font Info:    Checking defaults for OT1/cmr/m/n on input line 75.
LaTeX Font Info:    ... okay on input line 75.
LaTeX Font Info:    Checking defaults for T1/cmr/m/n on input line 75.
LaTeX Font Info:    ... okay on input line 75.
LaTeX Font Info:    Checking defaults for TS1/cmr/m/n on input line 75.
LaTeX Font Info:    ... okay on input line 75.
LaTeX Font Info:    Checking defaults for OMX/cmex/m/n on input line 75.
LaTeX Font Info:    ... okay on input line 75.
LaTeX Font Info:    Checking defaults for U/cmr/m/n on input line 75.
LaTeX Font Info:    ... okay on input line 75.
LaTeX Font Info:    Checking defaults for PD1/pdf/m/n on input line 75.
LaTeX Font Info:    ... okay on input line 75.
LaTeX Font Info:    Checking defaults for PU/pdf/m/n on input line 75.
LaTeX Font Info:    ... okay on input line 75.
LaTeX Info: Redefining \. on input line 75.
LaTeX Info: Redefining \% on input line 75.

(D:\Program Files (x86)\Miktex\tex/context/base/mkii\supp-pdf.mkii
[Loading MPS to PDF converter (version 2006.09.02).]
\scratchcounter=\count461
\scratchdimen=\dimen272
\scratchbox=\box71
\nofMPsegments=\count462
\nofMParguments=\count463
\everyMPshowfont=\toks46
\MPscratchCnt=\count464
\MPscratchDim=\dimen273
\MPnumerator=\count465
\makeMPintoPDFobject=\count466
\everyMPtoPDFconversion=\toks47
) (D:\Program Files (x86)\Miktex\tex/latex/epstopdf-pkg\epstopdf-base.sty
Package: epstopdf-base 2020-01-24 v2.11 Base part for package epstopdf
Package epstopdf-base Info: Redefining graphics rule for `.eps' on input line 4
85.

(D:\Program Files (x86)\Miktex\tex/latex/00miktex\epstopdf-sys.cfg
File: epstopdf-sys.cfg 2021/03/18 v2.0 Configuration of epstopdf for MiKTeX
))
Package biblatex Info: Trying to load language 'spanish'...
Package biblatex Info: ... file 'spanish.lbx' found.

(D:\Program Files (x86)\Miktex\tex/latex/biblatex/lbx\spanish.lbx
File: spanish.lbx 2022/02/02 v3.17 biblatex localization (PK/MW)
)
Package biblatex Info: Input encoding 'utf8' detected.
Package biblatex Info: Automatic encoding selection.
(biblatex)             Assuming data encoding 'utf8'.
Package biblatex Info: Input encoding 'utf8' detected.
Package biblatex Info: Data encoding 'utf8' specified.
(biblatex)             No need to reencode data.
\openout5 = `automa-blx.bib'.

Package biblatex Info: Trying to load bibliographic data...


Package biblatex Warning: File 'automa.bbl' is wrong format version - expected 
3.2.

Package biblatex Info: ... file 'automa.bbl' found.
(automa.bbl)
Package biblatex Info: Reference section=0 on input line 75.
Package biblatex Info: Reference segment=0 on input line 75.
Package caption Info: Begin \AtBeginDocument code.
Package caption Info: float package is loaded.
Package caption Info: hyperref package is loaded.
Package caption Info: End \AtBeginDocument code.
Package hyperref Info: Link coloring ON on input line 75.
 (D:\Program Files (x86)\Miktex\tex/latex/hyperref\nameref.sty
Package: nameref 2021-04-02 v2.47 Cross-referencing by name of section

(D:\Program Files (x86)\Miktex\tex/latex/refcount\refcount.sty
Package: refcount 2019/12/15 v3.6 Data extraction from label references (HO)
)
(D:\Program Files (x86)\Miktex\tex/generic/gettitlestring\gettitlestring.sty
Package: gettitlestring 2019/12/15 v1.6 Cleanup title references (HO)
)
\c@section@level=\count467
)
LaTeX Info: Redefining \ref on input line 75.
LaTeX Info: Redefining \pageref on input line 75.
LaTeX Info: Redefining \nameref on input line 75.

(automa.out) (automa.out)
\@outlinefile=\write6
\openout6 = `automa.out'.


*geometry* driver: auto-detecting
*geometry* detected driver: pdftex
*geometry* verbose mode - [ preamble ] result:
* driver: pdftex
* paper: a4paper
* layout: <same size as paper>
* layoutoffset:(h,v)=(0.0pt,0.0pt)
* modes: 
* h-part:(L,W,R)=(71.13188pt, 455.24411pt, 71.13188pt)
* v-part:(T,H,B)=(42.67912pt, 759.6886pt, 42.67912pt)
* \paperwidth=597.50787pt
* \paperheight=845.04684pt
* \textwidth=455.24411pt
* \textheight=759.6886pt
* \oddsidemargin=-1.1381pt
* \evensidemargin=-1.1381pt
* \topmargin=-66.59087pt
* \headheight=12.0pt
* \headsep=25.0pt
* \topskip=12.0pt
* \footskip=30.0pt
* \marginparwidth=35.0pt
* \marginparsep=10.0pt
* \columnsep=10.0pt
* \skip\footins=10.8pt plus 4.0pt minus 2.0pt
* \hoffset=0.0pt
* \voffset=0.0pt
* \mag=1000
* \@twocolumnfalse
* \@twosidefalse
* \@mparswitchfalse
* \@reversemarginfalse
* (1in=72.27pt=25.4mm, 1cm=28.453pt)

LaTeX Font Info:    Trying to load font information for OT1+ppl on input line 9
2.
(D:\Program Files (x86)\Miktex\tex/latex/psnfss\ot1ppl.fd
File: ot1ppl.fd 2001/06/04 font definitions for OT1/ppl.
)
LaTeX Font Info:    Trying to load font information for OML+zplm on input line 
92.

(D:\Program Files (x86)\Miktex\tex/latex/psnfss\omlzplm.fd
File: omlzplm.fd 2002/09/08 Fontinst v1.914 font definitions for OML/zplm.
)
LaTeX Font Info:    Trying to load font information for OMS+zplm on input line 
92.

(D:\Program Files (x86)\Miktex\tex/latex/psnfss\omszplm.fd
File: omszplm.fd 2002/09/08 Fontinst v1.914 font definitions for OMS/zplm.
)
LaTeX Font Info:    Trying to load font information for OMX+zplm on input line 
92.

(D:\Program Files (x86)\Miktex\tex/latex/psnfss\omxzplm.fd
File: omxzplm.fd 2002/09/08 Fontinst v1.914 font definitions for OMX/zplm.
)
LaTeX Font Info:    Font shape `U/msa/m/n' will be
(Font)              scaled to size 25.92514pt on input line 92.
LaTeX Font Info:    Font shape `U/msa/m/n' will be
(Font)              scaled to size 21.61124pt on input line 92.
LaTeX Font Info:    Font shape `U/msa/m/n' will be
(Font)              scaled to size 15.0049pt on input line 92.
LaTeX Font Info:    Font shape `U/msb/m/n' will be
(Font)              scaled to size 25.92514pt on input line 92.
LaTeX Font Info:    Font shape `U/msb/m/n' will be
(Font)              scaled to size 21.61124pt on input line 92.
LaTeX Font Info:    Font shape `U/msb/m/n' will be
(Font)              scaled to size 15.0049pt on input line 92.
LaTeX Font Info:    Trying to load font information for OT1+zplm on input line 
92.

(D:\Program Files (x86)\Miktex\tex/latex/psnfss\ot1zplm.fd
File: ot1zplm.fd 2002/09/08 Fontinst v1.914 font definitions for OT1/zplm.
)
<images//unpsjb.png, id=190, 1048.91875pt x 1048.91875pt>
File: images//unpsjb.png Graphic file (type png)
<use images//unpsjb.png>
Package pdftex.def Info: images//unpsjb.png  used on input line 104.
(pdftex.def)             Requested size: 91.04742pt x 91.03752pt.
 [1

{C:/ProgramData/MiKTeX/fonts/map/pdftex/pdftex.map} <./images//unpsjb.png>] (au
toma.toc
LaTeX Info: Redefining \sptext on input line 1.
LaTeX Info: Redefining \. on input line 1.
LaTeX Info: Redefining \% on input line 1.
LaTeX Font Info:    Font shape `U/msa/m/n' will be
(Font)              scaled to size 12.50409pt on input line 6.
LaTeX Font Info:    Font shape `U/msa/m/n' will be
(Font)              scaled to size 9.37807pt on input line 6.
LaTeX Font Info:    Font shape `U/msa/m/n' will be
(Font)              scaled to size 7.29405pt on input line 6.
LaTeX Font Info:    Font shape `U/msb/m/n' will be
(Font)              scaled to size 12.50409pt on input line 6.
LaTeX Font Info:    Font shape `U/msb/m/n' will be
(Font)              scaled to size 9.37807pt on input line 6.
LaTeX Font Info:    Font shape `U/msb/m/n' will be
(Font)              scaled to size 7.29405pt on input line 6.
pdfTeX warning (ext4): destination with the same identifier (name{page.1}) has 
been already used, duplicate ignored
<to be read again> 
                   \relax 
l.45 ...^c3^^b3n o caudal}{23}{paragraph.10.1.3.1}
                                                  % [1])
\tf@toc=\write7
\openout7 = `automa.toc'.

 [2] (automa.lof
LaTeX Info: Redefining \sptext on input line 1.
LaTeX Info: Redefining \. on input line 1.
LaTeX Info: Redefining \% on input line 1.
)
\tf@lof=\write8
\openout8 = `automa.lof'.


[3] (secciones/0.Acron.tex
Underfull \hbox (badness 10000) in paragraph at lines 1--16

 []

[4]) (secciones/1.Introduccion.tex
Underfull \hbox (badness 10000) in paragraph at lines 1--3

 []

[5]) (Secciones/2.Objetivo.tex
Underfull \hbox (badness 10000) in paragraph at lines 1--3

 []

[6]
LaTeX Font Info:    Trying to load font information for TS1+ppl on input line 2
7.
 (D:\Program Files (x86)\Miktex\tex/latex/psnfss\ts1ppl.fd
File: ts1ppl.fd 2001/06/04 font definitions for TS1/ppl.
)
Underfull \hbox (badness 2142) in paragraph at lines 44--47
[]\T1/ppl/m/n/12 Software co-m^^fan de pro-gra-ma-ci^^f3n, pues-ta a pun-to y e
x-plo-ta-ci^^f3n de los
 []


Underfull \hbox (badness 2671) in paragraph at lines 50--51
[]\T1/ppl/m/n/12 CANopen es un pro-to-co-lo con apli-ca-ci^^f3n in-dus-trial de
 ba-jo ni-vel pa-ra
 []


Underfull \hbox (badness 5417) in paragraph at lines 50--51
\T1/ppl/m/n/12 apli-ca-cio-nes de au-to-ma-ti-za-ci^^f3n. Co-nec-ta dis-po-si-t
i-vos en-tre s^^ed me-dian-te
 []


Underfull \hbox (badness 3713) in paragraph at lines 50--51
\T1/ppl/m/n/12 men-sa-jes en-tre pa-res. Ba-sa-do en el es-t^^e1n-dar de co-mu-
ni-ca-cio-nes f^^ed-si-cas
 []


Underfull \hbox (badness 3907) in paragraph at lines 50--51
\T1/ppl/m/n/12 CAN. Se uti-li-za en re-des de co-mu-ni-ca-ci^^f3n ti-po es-cla-
vo, mul-ti-maes-tro.
 []


Underfull \hbox (badness 6236) in paragraph at lines 54--56
[]\T1/ppl/m/n/12 ModBus es un pro-to-co-lo de co-mu-ni-ca-cio-nes uti-li-za-do 
pa-ra trans-mi-tir
 []


Underfull \hbox (badness 1082) in paragraph at lines 59--60
\T1/ppl/m/n/12 de-sa-rro-llar im^^e1-ge-nes que los ope-ra-do-res pue-den usar 
pa-ra mo-ni-to-rear su
 []

[7]
Underfull \hbox (badness 4316) in paragraph at lines 63--64
[]\T1/ppl/m/n/12 Software de-sa-rro-lla-do por Ge-ne-ral Elec-tric don-de se pu
e-de de-sa-rro-llar
 []

[8]) (Secciones/4.Elementos.tex
Underfull \hbox (badness 10000) in paragraph at lines 4--5

 []

Package epstopdf Info: Source file: <images//motor.eps>
(epstopdf)                    date: 2021-07-14 11:52:18
(epstopdf)                    size: 143369 bytes
(epstopdf)             Output file: <images//motor-eps-converted-to.pdf>
(epstopdf)                    date: 2021-07-14 11:52:18
(epstopdf)                    size: 109864 bytes
(epstopdf)             Command: <miktex-epstopdf --outfile=images//motor-eps-co
nverted-to.pdf images//motor.eps>
(epstopdf)             \includegraphics on input line 20.
Package epstopdf Info: Output file is already uptodate.


pdfTeX warning: pdflatex.exe (file ./images//motor-eps-converted-to.pdf): PDF i
nclusion: found PDF version <1.7>, but at most version <1.5> allowed
<images//motor-eps-converted-to.pdf, id=338, 583.17876pt x 436.63126pt>
File: images//motor-eps-converted-to.pdf Graphic file (type pdf)
<use images//motor-eps-converted-to.pdf>
Package pdftex.def Info: images//motor-eps-converted-to.pdf  used on input line
 20.
(pdftex.def)             Requested size: 174.95497pt x 130.99039pt.

Package caption Warning: The option `hypcap=true' will be ignored for this
(caption)                particular \caption on input line 21.
See the caption package documentation for explanation.


Overfull \hbox (19.90485pt too wide) in paragraph at lines 7--25
[][] [] 
 []

Package epstopdf Info: Source file: <images//variador.eps>
(epstopdf)                    date: 2021-07-14 11:52:18
(epstopdf)                    size: 57630 bytes
(epstopdf)             Output file: <images//variador-eps-converted-to.pdf>
(epstopdf)                    date: 2021-07-14 11:52:18
(epstopdf)                    size: 44596 bytes
(epstopdf)             Command: <miktex-epstopdf --outfile=images//variador-eps
-converted-to.pdf images//variador.eps>
(epstopdf)             \includegraphics on input line 43.
Package epstopdf Info: Output file is already uptodate.


pdfTeX warning: pdflatex.exe (file ./images//variador-eps-converted-to.pdf): PD
F inclusion: found PDF version <1.7>, but at most version <1.5> allowed
<images//variador-eps-converted-to.pdf, id=340, 281.05pt x 406.51875pt>
File: images//variador-eps-converted-to.pdf Graphic file (type pdf)
<use images//variador-eps-converted-to.pdf>
Package pdftex.def Info: images//variador-eps-converted-to.pdf  used on input l
ine 43.
(pdftex.def)             Requested size: 70.26231pt x 101.62943pt.

Package caption Warning: The option `hypcap=true' will be ignored for this
(caption)                particular \caption on input line 44.
See the caption package documentation for explanation.


Overfull \hbox (19.90485pt too wide) in paragraph at lines 32--47
[][] [] 
 []

<images//educativo.png, id=341, 339.51843pt x 252.19218pt>
File: images//educativo.png Graphic file (type png)
<use images//educativo.png>
Package pdftex.def Info: images//educativo.png  used on input line 61.
(pdftex.def)             Requested size: 271.6151pt x 201.75401pt.

Package caption Warning: The option `hypcap=true' will be ignored for this
(caption)                particular \caption on input line 62.
See the caption package documentation for explanation.

[9 <./images//motor-eps-converted-to.pdf> <./images//variador-eps-converted-to.
pdf>]) (Secciones/7.Banco.tex
Underfull \hbox (badness 1496) in paragraph at lines 3--5
\T1/ppl/m/n/12 co-ne-xio-nes, y se agre-g^^f3 ele-men-tos adi-cio-na-les: 3 se-
^^f1a-les lu-mi-no-sas, lla-ve
 []

<images//bancofull.png, id=358, 1606.0pt x 903.375pt>
File: images//bancofull.png Graphic file (type png)
<use images//bancofull.png>
Package pdftex.def Info: images//bancofull.png  used on input line 15.
(pdftex.def)             Requested size: 321.19432pt x 180.6718pt.
<images//banc1 (1).jpg, id=359, 4015.0pt x 3011.25pt>
File: images//banc1 (1).jpg Graphic file (type jpg)
<use images//banc1 (1).jpg>
Package pdftex.def Info: images//banc1 (1).jpg  used on input line 23.
(pdftex.def)             Requested size: 4014.99026pt x 3011.24269pt.
<images/banc1 (2).jpg, id=360, 4015.0pt x 3011.25pt>
File: images/banc1 (2).jpg Graphic file (type jpg)
<use images/banc1 (2).jpg>
Package pdftex.def Info: images/banc1 (2).jpg  used on input line 24.
(pdftex.def)             Requested size: 4014.99026pt x 3011.24269pt.
[10 <./images//educativo.png> <./images//bancofull.png>]
Underfull \hbox (badness 3049) in paragraph at lines 41--43
[]\T1/ppl/m/n/12 Se uti-li-z^^f3 un sen-sor de cau-dal (Fi-gu-ra [][]4.6[][].b)
 ge-n^^e9-ri-co con las si-guien-tes
 []

<images//tran_pre.png, id=369, 244.66406pt x 325.215pt>
File: images//tran_pre.png Graphic file (type png)
<use images//tran_pre.png>
Package pdftex.def Info: images//tran_pre.png  used on input line 51.
(pdftex.def)             Requested size: 85.6225pt x 113.81102pt.

Underfull \hbox (badness 2799) in paragraph at lines 51--51
[]\T1/ppl/m/n/10 (a) Trans-mi-sor de
 []

<images//sens_pre.png, id=370, 277.78781pt x 262.73157pt>
File: images//sens_pre.png Graphic file (type png)
<use images//sens_pre.png>
Package pdftex.def Info: images//sens_pre.png  used on input line 52.
(pdftex.def)             Requested size: 120.3323pt x 113.81102pt.
<images//diag.png, id=372, 606.01407pt x 289.08pt>
File: images//diag.png Graphic file (type png)
<use images//diag.png>
Package pdftex.def Info: images//diag.png  used on input line 65.
(pdftex.def)             Requested size: 484.81192pt x 231.2643pt.

Overfull \hbox (29.56781pt too wide) in paragraph at lines 65--66
 [][] 
 []

[11 <./images//banc1 (1).jpg> <./images/banc1 (2).jpg> <./images//tran_pre.png>
 <./images//sens_pre.png>]
LaTeX Font Info:    Trying to load font information for T1+cmtt on input line 7
2.

(D:\Program Files (x86)\Miktex\tex/latex/base\t1cmtt.fd
File: t1cmtt.fd 2019/12/16 v2.5j Standard LaTeX font definitions
)
Underfull \hbox (badness 10000) in paragraph at lines 71--73
[][][][] [][]$\T1/cmtt/m/n/12 https : / / docs . google . com / spreadsheets / 
d /
 []

[12 <./images//diag.png>]) (Secciones/5.Pruebas.tex
LaTeX Font Info:    Font shape `U/msa/m/n' will be
(Font)              scaled to size 10.42007pt on input line 5.
LaTeX Font Info:    Font shape `U/msa/m/n' will be
(Font)              scaled to size 7.91925pt on input line 5.
LaTeX Font Info:    Font shape `U/msa/m/n' will be
(Font)              scaled to size 6.25204pt on input line 5.
LaTeX Font Info:    Font shape `U/msb/m/n' will be
(Font)              scaled to size 10.42007pt on input line 5.
LaTeX Font Info:    Font shape `U/msb/m/n' will be
(Font)              scaled to size 7.91925pt on input line 5.
LaTeX Font Info:    Font shape `U/msb/m/n' will be
(Font)              scaled to size 6.25204pt on input line 5.
<images//somove1.png, id=399, 1027.58907pt x 546.54187pt>
File: images//somove1.png Graphic file (type png)
<use images//somove1.png>
Package pdftex.def Info: images//somove1.png  used on input line 10.
(pdftex.def)             Requested size: 462.41081pt x 245.94156pt.

Overfull \hbox (7.1667pt too wide) in paragraph at lines 10--11
 [][] 
 []

<images//somove2.png, id=400, 1027.58907pt x 546.54187pt>
File: images//somove2.png Graphic file (type png)
<use images//somove2.png>
Package pdftex.def Info: images//somove2.png  used on input line 16.
(pdftex.def)             Requested size: 462.41081pt x 245.94156pt.

Overfull \hbox (7.1667pt too wide) in paragraph at lines 16--17
 [][] 
 []

[13 <./images//somove1.png>]
<images/paramsomove.png, id=409, 371.13657pt x 304.88907pt>
File: images/paramsomove.png Graphic file (type png)
<use images/paramsomove.png>
Package pdftex.def Info: images/paramsomove.png  used on input line 23.
(pdftex.def)             Requested size: 167.0099pt x 137.1988pt.
<images//pc_var.png, id=412, 659.46375pt x 134.00063pt>
File: images//pc_var.png Graphic file (type png)
<use images//pc_var.png>
Package pdftex.def Info: images//pc_var.png  used on input line 32.
(pdftex.def)             Requested size: 164.86552pt x 33.50006pt.
<images//paramsomove1.png, id=413, 475.7775pt x 91.84312pt>
File: images//paramsomove1.png Graphic file (type png)
<use images//paramsomove1.png>
Package pdftex.def Info: images//paramsomove1.png  used on input line 39.
(pdftex.def)             Requested size: 285.46869pt x 55.10628pt.
 [14 <./images//somove2.png> <./images/paramsomove.png (PNG copy)> <./images//p
c_var.png> <./images//paramsomove1.png (PNG copy)>]
<images//canconectores.png, id=421, 297.36093pt x 182.93344pt>
File: images//canconectores.png Graphic file (type png)
<use images//canconectores.png>
Package pdftex.def Info: images//canconectores.png  used on input line 50.
(pdftex.def)             Requested size: 170.71652pt x 105.02121pt.
<images//candb9.png, id=422, 341.77687pt x 176.15813pt>
File: images//candb9.png Graphic file (type png)
<use images//candb9.png>
Package pdftex.def Info: images//candb9.png  used on input line 51.
(pdftex.def)             Requested size: 227.62204pt x 117.32376pt.

Underfull \hbox (badness 1337) in paragraph at lines 70--73
[]\T1/ppl/m/n/12 Se de-be con-fi-gu-rar el m^^f3-du-lo Ether-net des-de el ex-p
lo-ra-dor de Pro-yec-tos
 []

<images//unit1.png, id=427, 554.07pt x 520.19344pt>
File: images//unit1.png Graphic file (type png)
<use images//unit1.png>
Package pdftex.def Info: images//unit1.png  used on input line 96.
(pdftex.def)             Requested size: 332.44456pt x 312.11845pt.

Package caption Warning: The option `hypcap=true' will be ignored for this
(caption)                particular \caption on input line 97.
See the caption package documentation for explanation.

[15 <./images//canconectores.png> <./images//candb9.png>]
<images//unity1.png, id=440, 800.9925pt x 392.21532pt>
File: images//unity1.png Graphic file (type png)
<use images//unity1.png>
Package pdftex.def Info: images//unity1.png  used on input line 99.
(pdftex.def)             Requested size: 480.5992pt x 235.331pt.


Package caption Warning: The option `hypcap=true' will be ignored for this
(caption)                particular \caption on input line 100.
See the caption package documentation for explanation.


Overfull \hbox (25.35509pt too wide) in paragraph at lines 99--100
 [][] 
 []

<images//1.direcc.png, id=441, 386.19281pt x 140.02313pt>
File: images//1.direcc.png Graphic file (type png)
<use images//1.direcc.png>
Package pdftex.def Info: images//1.direcc.png  used on input line 106.
(pdftex.def)             Requested size: 386.19185pt x 140.02278pt.

LaTeX Warning: `h' float specifier changed to `ht'.

<images//2.ethern.png, id=442, 731.73375pt x 323.70938pt>
File: images//2.ethern.png Graphic file (type png)
<use images//2.ethern.png>
Package pdftex.def Info: images//2.ethern.png  used on input line 114.
(pdftex.def)             Requested size: 475.6213pt x 210.4086pt.

Overfull \hbox (20.3772pt too wide) in paragraph at lines 114--115
 [][] 
 []


LaTeX Warning: `h' float specifier changed to `ht'.

<images//3.previo.png, id=444, 612.78937pt x 271.76532pt>
File: images//3.previo.png Graphic file (type png)
<use images//3.previo.png>
Package pdftex.def Info: images//3.previo.png  used on input line 124.
(pdftex.def)             Requested size: 428.94963pt x 190.23442pt.
[16 <./images//unit1.png> <./images//unity1.png>]
Underfull \hbox (badness 10000) in paragraph at lines 129--134
\T1/ppl/m/n/12 Otros de los blo-ques m^^e1s uti-li-za-dos den-tro del pro-gra-m
a fue-ron
 []


Underfull \hbox (badness 2020) in paragraph at lines 129--134
\T1/ppl/m/n/12 ``MC_-READ-PA-RA-ME-TER'' que se uti-li-za pa-ra leer, me-dian-t
e men-sa-jes Ser-vi-ce
 []

<images//4.read.png, id=453, 482.55281pt x 179.16937pt>
File: images//4.read.png Graphic file (type png)
<use images//4.read.png>
Package pdftex.def Info: images//4.read.png  used on input line 137.
(pdftex.def)             Requested size: 482.55162pt x 179.16893pt.

Overfull \hbox (27.30751pt too wide) in paragraph at lines 137--138
 [][] 
 []

[17 <./images//1.direcc.png> <./images//2.ethern.png> <./images//3.previo.png>]
<images//esp_mod.png, id=462, 475.7775pt x 54.9553pt>
File: images//esp_mod.png Graphic file (type png)
<use images//esp_mod.png>
Package pdftex.def Info: images//esp_mod.png  used on input line 146.
(pdftex.def)             Requested size: 475.77632pt x 54.95515pt.

Overfull \hbox (20.53221pt too wide) in paragraph at lines 146--147
 [][] 
 []

[18 <./images//4.read.png> <./images//esp_mod.png>])
(Secciones/A.Desarrollo.tex
Underfull \hbox (badness 5756) in paragraph at lines 3--4
[]\T1/ppl/m/n/12 A par-tir del pro-gra-ma uti-li-za-do pa-ra los pri-me-ros re-
gis-tros, se reali-z^^f3
 []

<images//ofs1.png, id=472, 483.30562pt x 350.81062pt>
File: images//ofs1.png Graphic file (type png)
<use images//ofs1.png>
Package pdftex.def Info: images//ofs1.png  used on input line 15.
(pdftex.def)             Requested size: 199.16928pt x 144.56664pt.
<images//ofs2.png, id=473, 421.575pt x 306.39468pt>
File: images//ofs2.png Graphic file (type png)
<use images//ofs2.png>
Package pdftex.def Info: images//ofs2.png  used on input line 16.
(pdftex.def)             Requested size: 199.16928pt x 144.75356pt.
<images//ofs3.png, id=476, 273.27094pt x 307.1475pt>
File: images//ofs3.png Graphic file (type png)
<use images//ofs3.png>
Package pdftex.def Info: images//ofs3.png  used on input line 25.
(pdftex.def)             Requested size: 113.81102pt x 127.91844pt.
<images//ofs4.png, id=477, 483.30562pt x 218.31563pt>
File: images//ofs4.png Graphic file (type png)
<use images//ofs4.png>
Package pdftex.def Info: images//ofs4.png  used on input line 26.
(pdftex.def)             Requested size: 227.62204pt x 102.8182pt.
[19 <./images//ofs1.png> <./images//ofs2.png> <./images//ofs3.png> <./images//o
fs4.png>]
<images//ofs5.png, id=492, 161.85469pt x 109.91063pt>
File: images//ofs5.png Graphic file (type png)
<use images//ofs5.png>
Package pdftex.def Info: images//ofs5.png  used on input line 39.
(pdftex.def)             Requested size: 113.81102pt x 77.28574pt.
<images//ofs6.png, id=493, 192.72pt x 148.30406pt>
File: images//ofs6.png Graphic file (type png)
<use images//ofs6.png>
Package pdftex.def Info: images//ofs6.png  used on input line 40.
(pdftex.def)             Requested size: 170.71652pt x 131.37013pt.

Underfull \hbox (badness 10000) in paragraph at lines 48--49

 []


LaTeX Warning: No positions in optional float specifier.
               Default added (so using `tbp') on input line 63.

<images//1erorden.png, id=495, 296.60812pt x 183.68625pt>
File: images//1erorden.png Graphic file (type png)
<use images//1erorden.png>
Package pdftex.def Info: images//1erorden.png  used on input line 77.
(pdftex.def)             Requested size: 296.60739pt x 183.68578pt.

LaTeX Warning: No positions in optional float specifier.
               Default added (so using `tbp') on input line 85.

[20 <./images//ofs5.png> <./images//ofs6.png>]
Overfull \hbox (5277.01752pt too wide) in paragraph at lines 99--100
[][][][] 
 []

) (Secciones/C.ifix.tex
<images//scada2.png, id=509, 674.52pt x 369.63094pt>
File: images//scada2.png Graphic file (type png)
<use images//scada2.png>
Package pdftex.def Info: images//scada2.png  used on input line 6.
(pdftex.def)             Requested size: 337.25917pt x 184.815pt.
 [21 <./images//1erorden.png> <./images//scada2.png>]
<images//modsim1.png, id=517, 839.38594pt x 423.83344pt>
File: images//modsim1.png Graphic file (type png)
<use images//modsim1.png>
Package pdftex.def Info: images//modsim1.png  used on input line 26.
(pdftex.def)             Requested size: 419.69194pt x 211.91618pt.
<images//scada3.png, id=518, 686.565pt x 286.82156pt>
File: images//scada3.png Graphic file (type png)
<use images//scada3.png>
Package pdftex.def Info: images//scada3.png  used on input line 40.
(pdftex.def)             Requested size: 343.28166pt x 143.41042pt.
)
(Secciones/8.Conclusion.tex [22 <./images//modsim1.png>])
(Secciones/10.Anexo.tex [23 <./images//scada3.png>]) (automa.aux
LaTeX Info: Redefining \sptext on input line 29.
LaTeX Info: Redefining \. on input line 29.
LaTeX Info: Redefining \% on input line 29.
)

LaTeX Warning: There were undefined references.

Package rerunfilecheck Info: File `automa.out' has not changed.
(rerunfilecheck)             Checksum: CB0E3F580280CC2C3A5738C055F965B8;6677.

Package biblatex Warning: Please (re)run BibTeX on the file(s):
(biblatex)                automa
(biblatex)                and rerun LaTeX afterwards.

Package logreq Info: Writing requests to 'automa.run.xml'.
\openout1 = `automa.run.xml'.

 ) 
Here is how much of TeX's memory you used:
 32204 strings out of 478606
 606706 string characters out of 2852012
 1167971 words of memory out of 3000000
 49665 multiletter control sequences out of 15000+600000
 525692 words of font info for 141 fonts, out of 8000000 for 9000
 1141 hyphenation exceptions out of 8191
 99i,9n,104p,1851b,2175s stack positions out of 10000i,1000n,20000p,200000b,80000s
 <C:\Users\quich\AppData\Local\MiKTeX\fonts/pk/ljfour/jknappen/ec/dpi600\ectt
1000.pk> <C:\Users\quich\AppData\Local\MiKTeX\fonts/pk/ljfour/jknappen/ec/dpi60
0\ectt1200.pk>{D:/Program Files (x86)/Miktex/fonts/enc/dvips/base/8r.enc}<D:/Pr
ogram Files (x86)/Miktex/fonts/type1/public/amsfonts/cm/cmr10.pfb><D:/Program F
iles (x86)/Miktex/fonts/type1/public/amsfonts/cm/cmsy10.pfb><D:/Program Files (
x86)/Miktex/fonts/type1/public/mathpazo/fplmri.pfb><D:/Program Files (x86)/Mikt
ex/fonts/type1/urw/palatino/uplb8a.pfb><D:/Program Files (x86)/Miktex/fonts/typ
e1/urw/palatino/uplbi8a.pfb><D:/Program Files (x86)/Miktex/fonts/type1/urw/pala
tino/uplr8a.pfb><D:/Program Files (x86)/Miktex/fonts/type1/urw/palatino/uplri8a
.pfb>
Output written on automa.pdf (24 pages, 7930112 bytes).
PDF statistics:
 675 PDF objects out of 1000 (max. 8388607)
 126 named destinations out of 1000 (max. 500000)
 551 words of extra memory for PDF output out of 10000 (max. 10000000)

