This is pdfTeX, Version 3.14159265-2.6-1.40.20 (MiKTeX 2.9.7200 64-bit) (preloaded format=pdflatex 2019.10.24)  18 FEB 2020 16:10
entering extended mode
**"./proyecto final.tex"
("proyecto final.tex"
LaTeX2e <2019-10-01>
("C:\Users\Daniela\AppData\Local\Programs\MiKTeX 2.9\tex/latex/base\article.cls
"
Document Class: article 2019/08/27 v1.4j Standard LaTeX document class
("C:\Users\Daniela\AppData\Local\Programs\MiKTeX 2.9\tex/latex/base\size12.clo"
File: size12.clo 2019/08/27 v1.4j Standard LaTeX file (size option)
)
\c@part=\count80
\c@section=\count81
\c@subsection=\count82
\c@subsubsection=\count83
\c@paragraph=\count84
\c@subparagraph=\count85
\c@figure=\count86
\c@table=\count87
\abovecaptionskip=\skip41
\belowcaptionskip=\skip42
\bibindent=\dimen102
)
("C:\Users\Daniela\AppData\Local\Programs\MiKTeX 2.9\tex/latex/base\inputenc.st
y"
Package: inputenc 2018/08/11 v1.3c Input encoding file
\inpenc@prehook=\toks14
\inpenc@posthook=\toks15
)
("C:\Users\Daniela\AppData\Local\Programs\MiKTeX 2.9\tex/latex/base\fontenc.sty
"
Package: fontenc 2018/08/11 v2.0j Standard LaTeX package
 ("C:\Users\Daniela\AppData\Local\Programs\MiKTeX 2.9\tex/latex/base\t1enc.def"
File: t1enc.def 2018/08/11 v2.0j Standard LaTeX file
LaTeX Font Info:    Redeclaring font encoding T1 on input line 48.
))
("C:\Users\Daniela\AppData\Local\Programs\MiKTeX 2.9\tex/generic/babel\babel.st
y"
Package: babel 2019/09/27 3.34 The Babel package

("C:\Users\Daniela\AppData\Local\Programs\MiKTeX 2.9\tex/generic/babel\switch.d
ef"
File: switch.def 2019/09/27 3.34 Babel switching mechanism
)
*************************************
* Local config file bblopts.cfg used
*

("C:\Users\Daniela\AppData\Local\Programs\MiKTeX 2.9\tex/latex/arabi\bblopts.cf
g"
File: bblopts.cfg 2005/09/08 v0.1 add Arabic and Farsi to "declared" options of
 babel
)
("C:\Users\Daniela\AppData\Local\Programs\MiKTeX 2.9\tex/latex/babel-spanish\sp
anish.ldf"
Language: spanish.ldf 2016/03/03 v5.0p Spanish support from the babel system

("C:\Users\Daniela\AppData\Local\Programs\MiKTeX 2.9\tex/generic/babel\babel.de
f"
File: babel.def 2019/09/27 3.34 Babel common definitions
\babel@savecnt=\count88
\U@D=\dimen103

("C:\Users\Daniela\AppData\Local\Programs\MiKTeX 2.9\tex/generic/babel\txtbabel
.def")
\bbl@dirlevel=\count89
)
\es@quottoks=\toks16
\es@quotdepth=\count90
Package babel Info: Making " an active character on input line 561.
Package babel Info: Making . an active character on input line 662.
Package babel Info: Making < an active character on input line 707.
Package babel Info: Making > an active character on input line 707.
))
("C:\Users\Daniela\AppData\Local\Programs\MiKTeX 2.9\tex/latex/amsmath\amsmath.
sty"
Package: amsmath 2019/04/01 v2.17c AMS math features
\@mathmargin=\skip43

For additional information on amsmath, use the `?' option.

("C:\Users\Daniela\AppData\Local\Programs\MiKTeX 2.9\tex/latex/amsmath\amstext.
sty"
Package: amstext 2000/06/29 v2.01 AMS text

("C:\Users\Daniela\AppData\Local\Programs\MiKTeX 2.9\tex/latex/amsmath\amsgen.s
ty"
File: amsgen.sty 1999/11/30 v2.0 generic functions
\@emptytoks=\toks17
\ex@=\dimen104
))
("C:\Users\Daniela\AppData\Local\Programs\MiKTeX 2.9\tex/latex/amsmath\amsbsy.s
ty"
Package: amsbsy 1999/11/29 v1.2d Bold Symbols
\pmbraise@=\dimen105
)
("C:\Users\Daniela\AppData\Local\Programs\MiKTeX 2.9\tex/latex/amsmath\amsopn.s
ty"
Package: amsopn 2016/03/08 v2.02 operator names
)
\inf@bad=\count91
LaTeX Info: Redefining \frac on input line 227.
\uproot@=\count92
\leftroot@=\count93
LaTeX Info: Redefining \overline on input line 389.
\classnum@=\count94
\DOTSCASE@=\count95
LaTeX Info: Redefining \ldots on input line 486.
LaTeX Info: Redefining \dots on input line 489.
LaTeX Info: Redefining \cdots on input line 610.
\Mathstrutbox@=\box27
\strutbox@=\box28
\big@size=\dimen106
LaTeX Font Info:    Redeclaring font encoding OML on input line 733.
LaTeX Font Info:    Redeclaring font encoding OMS on input line 734.
\macc@depth=\count96
\c@MaxMatrixCols=\count97
\dotsspace@=\muskip10
\c@parentequation=\count98
\dspbrk@lvl=\count99
\tag@help=\toks18
\row@=\count100
\column@=\count101
\maxfields@=\count102
\andhelp@=\toks19
\eqnshift@=\dimen107
\alignsep@=\dimen108
\tagshift@=\dimen109
\tagwidth@=\dimen110
\totwidth@=\dimen111
\lineht@=\dimen112
\@envbody=\toks20
\multlinegap=\skip44
\multlinetaggap=\skip45
\mathdisplay@stack=\toks21
LaTeX Info: Redefining \[ on input line 2855.
LaTeX Info: Redefining \] on input line 2856.
)
("C:\Users\Daniela\AppData\Local\Programs\MiKTeX 2.9\tex/latex/amsfonts\amsfont
s.sty"
Package: amsfonts 2013/01/14 v3.01 Basic AMSFonts support
\symAMSa=\mathgroup4
\symAMSb=\mathgroup5
LaTeX Font Info:    Redeclaring math symbol \hbar on input line 98.
LaTeX Font Info:    Overwriting math alphabet `\mathfrak' in version `bold'
(Font)                  U/euf/m/n --> U/euf/b/n on input line 106.
)
("C:\Users\Daniela\AppData\Local\Programs\MiKTeX 2.9\tex/latex/amsfonts\amssymb
.sty"
Package: amssymb 2013/01/14 v3.01 AMS font symbols
)
("C:\Users\Daniela\AppData\Local\Programs\MiKTeX 2.9\tex/latex/graphics\graphic
x.sty"
Package: graphicx 2017/06/01 v1.1a Enhanced LaTeX Graphics (DPC,SPQR)

("C:\Users\Daniela\AppData\Local\Programs\MiKTeX 2.9\tex/latex/graphics\keyval.
sty"
Package: keyval 2014/10/28 v1.15 key=value parser (DPC)
\KV@toks@=\toks22
)
("C:\Users\Daniela\AppData\Local\Programs\MiKTeX 2.9\tex/latex/graphics\graphic
s.sty"
Package: graphics 2019/07/20 v1.3b Standard LaTeX Graphics (DPC,SPQR)

("C:\Users\Daniela\AppData\Local\Programs\MiKTeX 2.9\tex/latex/graphics\trig.st
y"
Package: trig 2016/01/03 v1.10 sin cos tan (DPC)
)
("C:\Users\Daniela\AppData\Local\Programs\MiKTeX 2.9\tex/latex/graphics-cfg\gra
phics.cfg"
File: graphics.cfg 2016/06/04 v1.11 sample graphics configuration
)
Package graphics Info: Driver file: pdftex.def on input line 105.

("C:\Users\Daniela\AppData\Local\Programs\MiKTeX 2.9\tex/latex/graphics-def\pdf
tex.def"
File: pdftex.def 2018/01/08 v1.0l Graphics/color driver for pdftex
))
\Gin@req@height=\dimen113
\Gin@req@width=\dimen114
)
("C:\Users\Daniela\AppData\Local\Programs\MiKTeX 2.9\tex/latex/geometry\geometr
y.sty"
Package: geometry 2018/04/16 v5.8 Page Geometry

("C:\Users\Daniela\AppData\Local\Programs\MiKTeX 2.9\tex/generic/oberdiek\ifpdf
.sty"
Package: ifpdf 2018/09/07 v3.3 Provides the ifpdf switch
)
("C:\Users\Daniela\AppData\Local\Programs\MiKTeX 2.9\tex/generic/oberdiek\ifvte
x.sty"
Package: ifvtex 2016/05/16 v1.6 Detect VTeX and its facilities (HO)
Package ifvtex Info: VTeX not detected.
)
("C:\Users\Daniela\AppData\Local\Programs\MiKTeX 2.9\tex/generic/ifxetex\ifxete
x.sty"
Package: ifxetex 2010/09/12 v0.6 Provides ifxetex conditional
)
\Gm@cnth=\count103
\Gm@cntv=\count104
\c@Gm@tempcnt=\count105
\Gm@bindingoffset=\dimen115
\Gm@wd@mp=\dimen116
\Gm@odd@mp=\dimen117
\Gm@even@mp=\dimen118
\Gm@layoutwidth=\dimen119
\Gm@layoutheight=\dimen120
\Gm@layouthoffset=\dimen121
\Gm@layoutvoffset=\dimen122
\Gm@dimlist=\toks23

("C:\Users\Daniela\AppData\Local\Programs\MiKTeX 2.9\tex/latex/geometry\geometr
y.cfg")) ("proyecto final.aux"
LaTeX Info: Redefining \. on input line 7.
LaTeX Info: Redefining \% on input line 7.
)
\openout1 = `"proyecto final.aux"'.

LaTeX Font Info:    Checking defaults for OML/cmm/m/it on input line 13.
LaTeX Font Info:    ... okay on input line 13.
LaTeX Font Info:    Checking defaults for T1/cmr/m/n on input line 13.
LaTeX Font Info:    ... okay on input line 13.
LaTeX Font Info:    Checking defaults for OT1/cmr/m/n on input line 13.
LaTeX Font Info:    ... okay on input line 13.
LaTeX Font Info:    Checking defaults for OMS/cmsy/m/n on input line 13.
LaTeX Font Info:    ... okay on input line 13.
LaTeX Font Info:    Checking defaults for OMX/cmex/m/n on input line 13.
LaTeX Font Info:    ... okay on input line 13.
LaTeX Font Info:    Checking defaults for U/cmr/m/n on input line 13.
LaTeX Font Info:    ... okay on input line 13.
LaTeX Info: Redefining \. on input line 13.
LaTeX Info: Redefining \% on input line 13.

("C:\Users\Daniela\AppData\Local\Programs\MiKTeX 2.9\tex/context/base/mkii\supp
-pdf.mkii"
[Loading MPS to PDF converter (version 2006.09.02).]
\scratchcounter=\count106
\scratchdimen=\dimen123
\scratchbox=\box29
\nofMPsegments=\count107
\nofMParguments=\count108
\everyMPshowfont=\toks24
\MPscratchCnt=\count109
\MPscratchDim=\dimen124
\MPnumerator=\count110
\makeMPintoPDFobject=\count111
\everyMPtoPDFconversion=\toks25
)
("C:\Users\Daniela\AppData\Local\Programs\MiKTeX 2.9\tex/latex/oberdiek\epstopd
f-base.sty"
Package: epstopdf-base 2016/05/15 v2.6 Base part for package epstopdf

("C:\Users\Daniela\AppData\Local\Programs\MiKTeX 2.9\tex/generic/oberdiek\infwa
rerr.sty"
Package: infwarerr 2016/05/16 v1.4 Providing info/warning/error messages (HO)
)
("C:\Users\Daniela\AppData\Local\Programs\MiKTeX 2.9\tex/latex/oberdiek\grfext.
sty"
Package: grfext 2016/05/16 v1.2 Manage graphics extensions (HO)

("C:\Users\Daniela\AppData\Local\Programs\MiKTeX 2.9\tex/generic/oberdiek\kvdef
inekeys.sty"
Package: kvdefinekeys 2016/05/16 v1.4 Define keys (HO)

("C:\Users\Daniela\AppData\Local\Programs\MiKTeX 2.9\tex/generic/oberdiek\ltxcm
ds.sty"
Package: ltxcmds 2016/05/16 v1.23 LaTeX kernel commands for general use (HO)
)))
("C:\Users\Daniela\AppData\Local\Programs\MiKTeX 2.9\tex/latex/oberdiek\kvoptio
ns.sty"
Package: kvoptions 2016/05/16 v3.12 Key value format for package options (HO)

("C:\Users\Daniela\AppData\Local\Programs\MiKTeX 2.9\tex/generic/oberdiek\kvset
keys.sty"
Package: kvsetkeys 2016/05/16 v1.17 Key value parser (HO)

("C:\Users\Daniela\AppData\Local\Programs\MiKTeX 2.9\tex/generic/oberdiek\etexc
mds.sty"
Package: etexcmds 2016/05/16 v1.6 Avoid name clashes with e-TeX commands (HO)

("C:\Users\Daniela\AppData\Local\Programs\MiKTeX 2.9\tex/generic/oberdiek\iflua
tex.sty"
Package: ifluatex 2016/05/16 v1.4 Provides the ifluatex switch (HO)
Package ifluatex Info: LuaTeX not detected.
))))
("C:\Users\Daniela\AppData\Local\Programs\MiKTeX 2.9\tex/generic/oberdiek\pdfte
xcmds.sty"
Package: pdftexcmds 2019/07/25 v0.30 Utility functions of pdfTeX for LuaTeX (HO
)
Package pdftexcmds Info: LuaTeX not detected.
Package pdftexcmds Info: \pdf@primitive is available.
Package pdftexcmds Info: \pdf@ifprimitive is available.
Package pdftexcmds Info: \pdfdraftmode found.
)
Package epstopdf-base Info: Redefining graphics rule for `.eps' on input line 4
38.
Package grfext Info: Graphics extension search list:
(grfext)             [.pdf,.png,.jpg,.mps,.jpeg,.jbig2,.jb2,.PDF,.PNG,.JPG,.JPE
G,.JBIG2,.JB2,.eps]
(grfext)             \AppendGraphicsExtensions on input line 456.
)
*geometry* driver: auto-detecting
*geometry* detected driver: pdftex
*geometry* verbose mode - [ preamble ] result:
* driver: pdftex
* paper: a4paper
* layout: <same size as paper>
* layoutoffset:(h,v)=(0.0pt,0.0pt)
* modes: 
* h-part:(L,W,R)=(85.35826pt, 426.79135pt, 85.35826pt)
* v-part:(T,H,B)=(71.13188pt, 702.78308pt, 71.13188pt)
* \paperwidth=597.50787pt
* \paperheight=845.04684pt
* \textwidth=426.79135pt
* \textheight=702.78308pt
* \oddsidemargin=13.08827pt
* \evensidemargin=13.08827pt
* \topmargin=-38.1381pt
* \headheight=12.0pt
* \headsep=25.0pt
* \topskip=12.0pt
* \footskip=30.0pt
* \marginparwidth=35.0pt
* \marginparsep=10.0pt
* \columnsep=10.0pt
* \skip\footins=10.8pt plus 4.0pt minus 2.0pt
* \hoffset=0.0pt
* \voffset=0.0pt
* \mag=1000
* \@twocolumnfalse
* \@twosidefalse
* \@mparswitchfalse
* \@reversemarginfalse
* (1in=72.27pt=25.4mm, 1cm=28.453pt)

LaTeX Font Info:    Trying to load font information for U+msa on input line 14.

("C:\Users\Daniela\AppData\Local\Programs\MiKTeX 2.9\tex/latex/amsfonts\umsa.fd
"
File: umsa.fd 2013/01/14 v3.01 AMS symbols A
)
LaTeX Font Info:    Trying to load font information for U+msb on input line 14.


("C:\Users\Daniela\AppData\Local\Programs\MiKTeX 2.9\tex/latex/amsfonts\umsb.fd
"
File: umsb.fd 2013/01/14 v3.01 AMS symbols B
) [1

{C:/Users/Daniela/AppData/Local/MiKTeX/2.9/pdftex/config/pdftex.map}]
[2] ("proyecto final.toc"
LaTeX Info: Redefining \. on input line 1.
LaTeX Info: Redefining \% on input line 1.
)
\tf@toc=\write3
\openout3 = `"proyecto final.toc"'.

 [3] ("proyecto final.lof"
LaTeX Info: Redefining \. on input line 1.
LaTeX Info: Redefining \% on input line 1.
)
\tf@lof=\write4
\openout4 = `"proyecto final.lof"'.

 [4] [5] [6]
<SHT31.png, id=27, 459.7175pt x 459.7175pt>
File: SHT31.png Graphic file (type png)
<use SHT31.png>
Package pdftex.def Info: SHT31.png  used on input line 70.
(pdftex.def)             Requested size: 160.90353pt x 160.90353pt.
 [7 <./SHT31.png>]
<bme280.png, id=35, 459.7175pt x 459.7175pt>
File: bme280.png Graphic file (type png)
<use bme280.png>
Package pdftex.def Info: bme280.png  used on input line 91.
(pdftex.def)             Requested size: 160.90353pt x 160.90353pt.
 [8 <./bme280.png>] ("proyecto final.bbl")
Overfull \hbox (4.26704pt too wide) in paragraph at lines 110--111
[]\T1/cmr/m/n/12 https://mauricioanderson.com/curso-latex-referencias-bibliogra
fia-bibtex/ ver es-
 []

[9] [10] ("proyecto final.aux"
LaTeX Info: Redefining \. on input line 7.
LaTeX Info: Redefining \% on input line 7.
) ) 
Here is how much of TeX's memory you used:
 4340 strings out of 492452
 58648 string characters out of 3119129
 139258 words of memory out of 3000000
 8617 multiletter control sequences out of 15000+200000
 17058 words of font info for 51 fonts, out of 3000000 for 9000
 1141 hyphenation exceptions out of 8191
 46i,6n,35p,473b,361s stack positions out of 5000i,500n,10000p,200000b,50000s
{C:/Users/Daniela/AppData/Local/Programs/MiKTeX 2.9/fonts/enc/dvips/cm-super
/cm-super-t1.enc}<C:/Users/Daniela/AppData/Local/Programs/MiKTeX 2.9/fonts/type
1/public/amsfonts/cm/cmsy8.pfb><C:/Users/Daniela/AppData/Local/Programs/MiKTeX 
2.9/fonts/type1/public/cm-super/sfbx1200.pfb><C:/Users/Daniela/AppData/Local/Pr
ograms/MiKTeX 2.9/fonts/type1/public/cm-super/sfbx1440.pfb><C:/Users/Daniela/Ap
pData/Local/Programs/MiKTeX 2.9/fonts/type1/public/cm-super/sfbx1728.pfb><C:/Us
ers/Daniela/AppData/Local/Programs/MiKTeX 2.9/fonts/type1/public/cm-super/sfbx2
488.pfb><C:/Users/Daniela/AppData/Local/Programs/MiKTeX 2.9/fonts/type1/public/
cm-super/sfrm1200.pfb><C:/Users/Daniela/AppData/Local/Programs/MiKTeX 2.9/fonts
/type1/public/cm-super/sfrm1440.pfb><C:/Users/Daniela/AppData/Local/Programs/Mi
KTeX 2.9/fonts/type1/public/cm-super/sfrm2074.pfb>
Output written on "proyecto final.pdf" (10 pages, 442156 bytes).
PDF statistics:
 73 PDF objects out of 1000 (max. 8388607)
 0 named destinations out of 1000 (max. 500000)
 11 words of extra memory for PDF output out of 10000 (max. 10000000)

