\BOOKMARK [1][-]{section.1}{\376\377\000I\000n\000t\000r\000o\000d\000u\000c\000c\000i\000\363\000n}{}% 1
\BOOKMARK [1][-]{section.2}{\376\377\000O\000b\000j\000e\000t\000i\000v\000o}{}% 2
\BOOKMARK [1][-]{section.3}{\376\377\000P\000a\000l\000a\000b\000r\000a\000s\000\040\000c\000l\000a\000v\000e\000s}{}% 3
\BOOKMARK [1][-]{section.4}{\376\377\000T\000u\000n\000e\000l}{}% 4
\BOOKMARK [2][-]{subsection.4.1}{\376\377\000\277\000Q\000u\000\351\000\040\000e\000s\000?}{section.4}% 5
\BOOKMARK [2][-]{subsection.4.2}{\376\377\000H\000i\000s\000t\000o\000r\000i\000a\000\040\000d\000e\000l\000\040\000T\000\372\000n\000e\000l\000\040\000U\000N\000P\000S\000J\000B}{section.4}% 6
\BOOKMARK [1][-]{section.5}{\376\377\000M\000o\000t\000o\000r}{}% 7
\BOOKMARK [1][-]{section.6}{\376\377\000V\000a\000r\000i\000a\000d\000o\000r}{}% 8
\BOOKMARK [2][-]{subsection.6.1}{\376\377\000\277\000Q\000u\000\351\000\040\000e\000s\000\040\000y\000\040\000p\000a\000r\000a\000\040\000q\000u\000e\000\040\000s\000e\000\040\000u\000t\000i\000l\000i\000z\000a\000?}{section.6}% 9
\BOOKMARK [2][-]{subsection.6.2}{\376\377\000V\000a\000r\000i\000a\000d\000o\000r\000\040\040\024\040\023\000\040\000m\000o\000d\000e\000l\000o\000\040\000q\000u\000e\000\040\000t\000e\000n\000e\000m\000o\000s}{section.6}% 10
\BOOKMARK [2][-]{subsection.6.3}{\376\377\000C\000o\000m\000u\000n\000i\000c\000a\000c\000i\000\363\000n\000\040\000I\0002\000C}{section.6}% 11
\BOOKMARK [1][-]{section.7}{\376\377\000P\000r\000i\000m\000e\000r\000a\000s\000\040\000p\000r\000u\000e\000b\000a\000s}{}% 12
\BOOKMARK [2][-]{subsection.7.1}{\376\377\000S\000e\000n\000s\000o\000r\000e\000s}{section.7}% 13
\BOOKMARK [3][-]{subsubsection.7.1.1}{\376\377\000S\000H\000T\0003\0001\000-\000S\000H\000T\0002\0001}{subsection.7.1}% 14
\BOOKMARK [3][-]{subsubsection.7.1.2}{\376\377\000B\000M\000E\0002\0008\0000}{subsection.7.1}% 15
\BOOKMARK [3][-]{subsubsection.7.1.3}{\376\377\000M\000P\000X\0007\0000\0000\0002}{subsection.7.1}% 16
\BOOKMARK [2][-]{subsection.7.2}{\376\377\000M\000a\000t\000l\000a\000b}{section.7}% 17
\BOOKMARK [2][-]{subsection.7.3}{\376\377\000A\000r\000d\000u\000i\000n\000o}{section.7}% 18
\BOOKMARK [1][-]{section.8}{\376\377\000L\000a\000z\000o\000\040\000d\000e\000\040\000c\000o\000n\000t\000r\000o\000l}{}% 19
\BOOKMARK [2][-]{subsection.8.1}{\376\377\000C\000o\000m\000u\000n\000i\000c\000a\000c\000i\000\363\000n\000\040\000d\000e\000l\000\040\000v\000a\000r\000i\000a\000d\000o\000r\000\040\000d\000e\000\040\000V\000e\000l\000o\000c\000i\000d\000a\000d}{section.8}% 20
\BOOKMARK [3][-]{subsubsection.8.1.1}{\376\377\0004\000-\0002\0000\000m\000A}{subsection.8.1}% 21
\BOOKMARK [3][-]{subsubsection.8.1.2}{\376\377\000M\000O\000D\000B\000U\000S}{subsection.8.1}% 22
\BOOKMARK [1][-]{section.9}{\376\377\000A\000r\000d\000u\000i\000n\000o}{}% 23
\BOOKMARK [1][-]{section.10}{\376\377\000C\000\341\000l\000c\000u\000l\000o\000\040\000d\000e\000\040\000l\000a\000\040\000d\000e\000n\000s\000i\000d\000a\000d\000\040\000d\000e\000l\000\040\000a\000i\000r\000e}{}% 24
